<?xml version="1.0" encoding="UTF-8"?>
<testsuite name="NumeralSystemConverterTest" tests="1" skipped="0" failures="0" errors="0" timestamp="2024-04-16T10:55:07" hostname="Quocs-MBP16.local" time="0.107">
  <properties/>
  <testcase name="start" classname="NumeralSystemConverterTest" time="0.107"/>
  <system-out><![CDATA[?[1;31m
Start test 1?[0m
Do you want to convert /from decimal or /to decimal? (To quit type /exit) > /exit
?[1;31m
Start test 2?[0m
Do you want to convert /from decimal or /to decimal? (To quit type /exit) > /from
Enter number in decimal system: > 947
Enter target base: > 2
Conversion result: 1110110011

Do you want to convert /from decimal or /to decimal? (To quit type /exit) > /exit
?[1;31m
Start test 3?[0m
Do you want to convert /from decimal or /to decimal? (To quit type /exit) > /from
Enter number in decimal system: > 98
Enter target base: > 16
Conversion result: 62

Do you want to convert /from decimal or /to decimal? (To quit type /exit) > /from
Enter number in decimal system: > 906
Enter target base: > 16
Conversion result: 38A

Do you want to convert /from decimal or /to decimal? (To quit type /exit) > /from
Enter number in decimal system: > 862
Enter target base: > 16
Conversion result: 35E

Do you want to convert /from decimal or /to decimal? (To quit type /exit) > /from
Enter number in decimal system: > 832
Enter target base: > 16
Conversion result: 340

Do you want to convert /from decimal or /to decimal? (To quit type /exit) > /from
Enter number in decimal system: > 551
Enter target base: > 16
Conversion result: 227

Do you want to convert /from decimal or /to decimal? (To quit type /exit) > /exit
?[1;31m
Start test 4?[0m
Do you want to convert /from decimal or /to decimal? (To quit type /exit) > /from
Enter number in decimal system: > 425
Enter target base: > 8
Conversion result: 651

Do you want to convert /from decimal or /to decimal? (To quit type /exit) > /from
Enter number in decimal system: > 264
Enter target base: > 8
Conversion result: 410

Do you want to convert /from decimal or /to decimal? (To quit type /exit) > /from
Enter number in decimal system: > 767
Enter target base: > 8
Conversion result: 1377

Do you want to convert /from decimal or /to decimal? (To quit type /exit) > /from
Enter number in decimal system: > 680
Enter target base: > 8
Conversion result: 1250

Do you want to convert /from decimal or /to decimal? (To quit type /exit) > /from
Enter number in decimal system: > 670
Enter target base: > 8
Conversion result: 1236

Do you want to convert /from decimal or /to decimal? (To quit type /exit) > /exit
?[1;31m
Start test 5?[0m
Do you want to convert /from decimal or /to decimal? (To quit type /exit) > /to
Enter source number: > 1011001111
Enter source base: > 2
Conversion to decimal result: 719

Do you want to convert /from decimal or /to decimal? (To quit type /exit) > /exit
?[1;31m
Start test 6?[0m
Do you want to convert /from decimal or /to decimal? (To quit type /exit) > /to
Enter source number: > 21
Enter source base: > 8
Conversion to decimal result: 17

Do you want to convert /from decimal or /to decimal? (To quit type /exit) > /to
Enter source number: > 713
Enter source base: > 8
Conversion to decimal result: 459

Do you want to convert /from decimal or /to decimal? (To quit type /exit) > /to
Enter source number: > 1374
Enter source base: > 8
Conversion to decimal result: 764

Do you want to convert /from decimal or /to decimal? (To quit type /exit) > /to
Enter source number: > 754
Enter source base: > 8
Conversion to decimal result: 492

Do you want to convert /from decimal or /to decimal? (To quit type /exit) > /to
Enter source number: > 555
Enter source base: > 8
Conversion to decimal result: 365

Do you want to convert /from decimal or /to decimal? (To quit type /exit) > /exit
?[1;31m
Start test 7?[0m
Do you want to convert /from decimal or /to decimal? (To quit type /exit) > /to
Enter source number: > 30e
Enter source base: > 16
Conversion to decimal result: 782

Do you want to convert /from decimal or /to decimal? (To quit type /exit) > /to
Enter source number: > 1b8
Enter source base: > 16
Conversion to decimal result: 440

Do you want to convert /from decimal or /to decimal? (To quit type /exit) > /to
Enter source number: > 8b
Enter source base: > 16
Conversion to decimal result: 139

Do you want to convert /from decimal or /to decimal? (To quit type /exit) > /to
Enter source number: > 177
Enter source base: > 16
Conversion to decimal result: 375

Do you want to convert /from decimal or /to decimal? (To quit type /exit) > /to
Enter source number: > ec
Enter source base: > 16
Conversion to decimal result: 236

Do you want to convert /from decimal or /to decimal? (To quit type /exit) > /exit
]]></system-out>
  <system-err><![CDATA[]]></system-err>
</testsuite>
