<?xml version="1.0" encoding="UTF-8"?>
<testsuite name="NumeralSystemConverterTest" tests="1" skipped="0" failures="0" errors="0" timestamp="2024-04-16T11:44:36" hostname="Quocs-MBP16.local" time="0.782">
  <properties/>
  <testcase name="start" classname="NumeralSystemConverterTest" time="0.782"/>
  <system-out><![CDATA[?[1;31m
Start test 1?[0m
Enter two numbers in format: {source base} {target base} (To quit type /exit) > /exit
?[1;31m
Start test 2?[0m
Enter two numbers in format: {source base} {target base} (To quit type /exit) > 10 2
Enter number in base 10 to convert to base 2 (To go back type /back) > 791
Conversion result: 1100010111

?[1;31m
Start test 3?[0m
Enter two numbers in format: {source base} {target base} (To quit type /exit) > 10 2
Enter number in base 10 to convert to base 2 (To go back type /back) > 536
Conversion result: 1000011000

Enter number in base 10 to convert to base 2 (To go back type /back) > /back

Enter two numbers in format: {source base} {target base} (To quit type /exit) > 10 8
Enter number in base 10 to convert to base 8 (To go back type /back) > 772
Conversion result: 1404

Enter number in base 10 to convert to base 8 (To go back type /back) > /back

Enter two numbers in format: {source base} {target base} (To quit type /exit) > /exit
?[1;31m
Start test 4?[0m
Enter two numbers in format: {source base} {target base} (To quit type /exit) > 2 5
Enter number in base 2 to convert to base 5 (To go back type /back) > 111101111
Conversion result: 3440

Enter number in base 2 to convert to base 5 (To go back type /back) > /back

Enter two numbers in format: {source base} {target base} (To quit type /exit) > 2 8
Enter number in base 2 to convert to base 8 (To go back type /back) > 111011111
Conversion result: 737

Enter number in base 2 to convert to base 8 (To go back type /back) > /back

Enter two numbers in format: {source base} {target base} (To quit type /exit) > 2 11
Enter number in base 2 to convert to base 11 (To go back type /back) > 111100111
Conversion result: 403

Enter number in base 2 to convert to base 11 (To go back type /back) > /back

Enter two numbers in format: {source base} {target base} (To quit type /exit) > 2 14
Enter number in base 2 to convert to base 14 (To go back type /back) > 1010110
Conversion result: 62

Enter number in base 2 to convert to base 14 (To go back type /back) > /back

Enter two numbers in format: {source base} {target base} (To quit type /exit) > 2 17
Enter number in base 2 to convert to base 17 (To go back type /back) > 1000000010
Conversion result: 1D4

Enter number in base 2 to convert to base 17 (To go back type /back) > /back

Enter two numbers in format: {source base} {target base} (To quit type /exit) > 2 20
Enter number in base 2 to convert to base 20 (To go back type /back) > 101101110
Conversion result: I6

Enter number in base 2 to convert to base 20 (To go back type /back) > /back

Enter two numbers in format: {source base} {target base} (To quit type /exit) > 2 23
Enter number in base 2 to convert to base 23 (To go back type /back) > 100010101
Conversion result: C1

Enter number in base 2 to convert to base 23 (To go back type /back) > /back

Enter two numbers in format: {source base} {target base} (To quit type /exit) > 2 26
Enter number in base 2 to convert to base 26 (To go back type /back) > 1000111110
Conversion result: M2

Enter number in base 2 to convert to base 26 (To go back type /back) > /back

Enter two numbers in format: {source base} {target base} (To quit type /exit) > 2 29
Enter number in base 2 to convert to base 29 (To go back type /back) > 11100
Conversion result: S

Enter number in base 2 to convert to base 29 (To go back type /back) > /back

Enter two numbers in format: {source base} {target base} (To quit type /exit) > 2 32
Enter number in base 2 to convert to base 32 (To go back type /back) > 11010
Conversion result: Q

Enter number in base 2 to convert to base 32 (To go back type /back) > /back

Enter two numbers in format: {source base} {target base} (To quit type /exit) > 2 35
Enter number in base 2 to convert to base 35 (To go back type /back) > 10010011
Conversion result: 47

Enter number in base 2 to convert to base 35 (To go back type /back) > /back

Enter two numbers in format: {source base} {target base} (To quit type /exit) > 5 2
Enter number in base 5 to convert to base 2 (To go back type /back) > 4024
Conversion result: 1000000010

Enter number in base 5 to convert to base 2 (To go back type /back) > /back

Enter two numbers in format: {source base} {target base} (To quit type /exit) > 5 8
Enter number in base 5 to convert to base 8 (To go back type /back) > 3430
Conversion result: 752

Enter number in base 5 to convert to base 8 (To go back type /back) > /back

Enter two numbers in format: {source base} {target base} (To quit type /exit) > 5 11
Enter number in base 5 to convert to base 11 (To go back type /back) > 111
Conversion result: 29

Enter number in base 5 to convert to base 11 (To go back type /back) > /back

Enter two numbers in format: {source base} {target base} (To quit type /exit) > 5 14
Enter number in base 5 to convert to base 14 (To go back type /back) > 4303
Conversion result: 2D4

Enter number in base 5 to convert to base 14 (To go back type /back) > /back

Enter two numbers in format: {source base} {target base} (To quit type /exit) > 5 17
Enter number in base 5 to convert to base 17 (To go back type /back) > 10343
Conversion result: 289

Enter number in base 5 to convert to base 17 (To go back type /back) > /back

Enter two numbers in format: {source base} {target base} (To quit type /exit) > 5 20
Enter number in base 5 to convert to base 20 (To go back type /back) > 12232
Conversion result: 272

Enter number in base 5 to convert to base 20 (To go back type /back) > /back

Enter two numbers in format: {source base} {target base} (To quit type /exit) > 5 23
Enter number in base 5 to convert to base 23 (To go back type /back) > 11242
Conversion result: 1CH

Enter number in base 5 to convert to base 23 (To go back type /back) > /back

Enter two numbers in format: {source base} {target base} (To quit type /exit) > 5 26
Enter number in base 5 to convert to base 26 (To go back type /back) > 10304
Conversion result: 112

Enter number in base 5 to convert to base 26 (To go back type /back) > /back

Enter two numbers in format: {source base} {target base} (To quit type /exit) > 5 29
Enter number in base 5 to convert to base 29 (To go back type /back) > 10024
Conversion result: M1

Enter number in base 5 to convert to base 29 (To go back type /back) > /back

Enter two numbers in format: {source base} {target base} (To quit type /exit) > 5 32
Enter number in base 5 to convert to base 32 (To go back type /back) > 2021
Conversion result: 85

Enter number in base 5 to convert to base 32 (To go back type /back) > /back

Enter two numbers in format: {source base} {target base} (To quit type /exit) > 5 35
Enter number in base 5 to convert to base 35 (To go back type /back) > 2413
Conversion result: A8

Enter number in base 5 to convert to base 35 (To go back type /back) > /back

Enter two numbers in format: {source base} {target base} (To quit type /exit) > 8 2
Enter number in base 8 to convert to base 2 (To go back type /back) > 507
Conversion result: 101000111

Enter number in base 8 to convert to base 2 (To go back type /back) > /back

Enter two numbers in format: {source base} {target base} (To quit type /exit) > 8 5
Enter number in base 8 to convert to base 5 (To go back type /back) > 603
Conversion result: 3022

Enter number in base 8 to convert to base 5 (To go back type /back) > /back

Enter two numbers in format: {source base} {target base} (To quit type /exit) > 8 11
Enter number in base 8 to convert to base 11 (To go back type /back) > 73
Conversion result: 54

Enter number in base 8 to convert to base 11 (To go back type /back) > /back

Enter two numbers in format: {source base} {target base} (To quit type /exit) > 8 14
Enter number in base 8 to convert to base 14 (To go back type /back) > 1362
Conversion result: 3BC

Enter number in base 8 to convert to base 14 (To go back type /back) > /back

Enter two numbers in format: {source base} {target base} (To quit type /exit) > 8 17
Enter number in base 8 to convert to base 17 (To go back type /back) > 1401
Conversion result: 2B4

Enter number in base 8 to convert to base 17 (To go back type /back) > /back

Enter two numbers in format: {source base} {target base} (To quit type /exit) > 8 20
Enter number in base 8 to convert to base 20 (To go back type /back) > 554
Conversion result: I4

Enter number in base 8 to convert to base 20 (To go back type /back) > /back

Enter two numbers in format: {source base} {target base} (To quit type /exit) > 8 23
Enter number in base 8 to convert to base 23 (To go back type /back) > 471
Conversion result: DE

Enter number in base 8 to convert to base 23 (To go back type /back) > /back

Enter two numbers in format: {source base} {target base} (To quit type /exit) > 8 26
Enter number in base 8 to convert to base 26 (To go back type /back) > 374
Conversion result: 9I

Enter number in base 8 to convert to base 26 (To go back type /back) > /back

Enter two numbers in format: {source base} {target base} (To quit type /exit) > 8 29
Enter number in base 8 to convert to base 29 (To go back type /back) > 1306
Conversion result: OE

Enter number in base 8 to convert to base 29 (To go back type /back) > /back

Enter two numbers in format: {source base} {target base} (To quit type /exit) > 8 32
Enter number in base 8 to convert to base 32 (To go back type /back) > 1271
Conversion result: LP

Enter number in base 8 to convert to base 32 (To go back type /back) > /back

Enter two numbers in format: {source base} {target base} (To quit type /exit) > 8 35
Enter number in base 8 to convert to base 35 (To go back type /back) > 116
Conversion result: 28

Enter number in base 8 to convert to base 35 (To go back type /back) > /back

Enter two numbers in format: {source base} {target base} (To quit type /exit) > 11 2
Enter number in base 11 to convert to base 2 (To go back type /back) > 4a0
Conversion result: 1001010010

Enter number in base 11 to convert to base 2 (To go back type /back) > /back

Enter two numbers in format: {source base} {target base} (To quit type /exit) > 11 5
Enter number in base 11 to convert to base 5 (To go back type /back) > 87
Conversion result: 340

Enter number in base 11 to convert to base 5 (To go back type /back) > /back

Enter two numbers in format: {source base} {target base} (To quit type /exit) > 11 8
Enter number in base 11 to convert to base 8 (To go back type /back) > 799
Conversion result: 1673

Enter number in base 11 to convert to base 8 (To go back type /back) > /back

Enter two numbers in format: {source base} {target base} (To quit type /exit) > 11 14
Enter number in base 11 to convert to base 14 (To go back type /back) > 123
Conversion result: A6

Enter number in base 11 to convert to base 14 (To go back type /back) > /back

Enter two numbers in format: {source base} {target base} (To quit type /exit) > 11 17
Enter number in base 11 to convert to base 17 (To go back type /back) > a3
Conversion result: 6B

Enter number in base 11 to convert to base 17 (To go back type /back) > /back

Enter two numbers in format: {source base} {target base} (To quit type /exit) > 11 20
Enter number in base 11 to convert to base 20 (To go back type /back) > 396
Conversion result: 138

Enter number in base 11 to convert to base 20 (To go back type /back) > /back

Enter two numbers in format: {source base} {target base} (To quit type /exit) > 11 23
Enter number in base 11 to convert to base 23 (To go back type /back) > 71
Conversion result: 39

Enter number in base 11 to convert to base 23 (To go back type /back) > /back

Enter two numbers in format: {source base} {target base} (To quit type /exit) > 11 26
Enter number in base 11 to convert to base 26 (To go back type /back) > 410
Conversion result: J1

Enter number in base 11 to convert to base 26 (To go back type /back) > /back

Enter two numbers in format: {source base} {target base} (To quit type /exit) > 11 29
Enter number in base 11 to convert to base 29 (To go back type /back) > 203
Conversion result: 8D

Enter number in base 11 to convert to base 29 (To go back type /back) > /back

Enter two numbers in format: {source base} {target base} (To quit type /exit) > 11 32
Enter number in base 11 to convert to base 32 (To go back type /back) > 34a
Conversion result: D1

Enter number in base 11 to convert to base 32 (To go back type /back) > /back

Enter two numbers in format: {source base} {target base} (To quit type /exit) > 11 35
Enter number in base 11 to convert to base 35 (To go back type /back) > 406
Conversion result: E0

Enter number in base 11 to convert to base 35 (To go back type /back) > /back

Enter two numbers in format: {source base} {target base} (To quit type /exit) > 14 2
Enter number in base 14 to convert to base 2 (To go back type /back) > 2ca
Conversion result: 1000111010

Enter number in base 14 to convert to base 2 (To go back type /back) > /back

Enter two numbers in format: {source base} {target base} (To quit type /exit) > 14 5
Enter number in base 14 to convert to base 5 (To go back type /back) > 183
Conversion result: 2221

Enter number in base 14 to convert to base 5 (To go back type /back) > /back

Enter two numbers in format: {source base} {target base} (To quit type /exit) > 14 8
Enter number in base 14 to convert to base 8 (To go back type /back) > 388
Conversion result: 1304

Enter number in base 14 to convert to base 8 (To go back type /back) > /back

Enter two numbers in format: {source base} {target base} (To quit type /exit) > 14 11
Enter number in base 14 to convert to base 11 (To go back type /back) > 241
Conversion result: 379

Enter number in base 14 to convert to base 11 (To go back type /back) > /back

Enter two numbers in format: {source base} {target base} (To quit type /exit) > 14 17
Enter number in base 14 to convert to base 17 (To go back type /back) > 7c
Conversion result: 68

Enter number in base 14 to convert to base 17 (To go back type /back) > /back

Enter two numbers in format: {source base} {target base} (To quit type /exit) > 14 20
Enter number in base 14 to convert to base 20 (To go back type /back) > 11
Conversion result: F

Enter number in base 14 to convert to base 20 (To go back type /back) > /back

Enter two numbers in format: {source base} {target base} (To quit type /exit) > 14 23
Enter number in base 14 to convert to base 23 (To go back type /back) > 467
Conversion result: 1F1

Enter number in base 14 to convert to base 23 (To go back type /back) > /back

Enter two numbers in format: {source base} {target base} (To quit type /exit) > 14 26
Enter number in base 14 to convert to base 26 (To go back type /back) > 3a4
Conversion result: 124

Enter number in base 14 to convert to base 26 (To go back type /back) > /back

Enter two numbers in format: {source base} {target base} (To quit type /exit) > 14 29
Enter number in base 14 to convert to base 29 (To go back type /back) > 20d
Conversion result: DS

Enter number in base 14 to convert to base 29 (To go back type /back) > /back

Enter two numbers in format: {source base} {target base} (To quit type /exit) > 14 32
Enter number in base 14 to convert to base 32 (To go back type /back) > 193
Conversion result: A5

Enter number in base 14 to convert to base 32 (To go back type /back) > /back

Enter two numbers in format: {source base} {target base} (To quit type /exit) > 14 35
Enter number in base 14 to convert to base 35 (To go back type /back) > 8c
Conversion result: 3J

Enter number in base 14 to convert to base 35 (To go back type /back) > /back

Enter two numbers in format: {source base} {target base} (To quit type /exit) > 17 2
Enter number in base 17 to convert to base 2 (To go back type /back) > 2d7
Conversion result: 1100100110

Enter number in base 17 to convert to base 2 (To go back type /back) > /back

Enter two numbers in format: {source base} {target base} (To quit type /exit) > 17 5
Enter number in base 17 to convert to base 5 (To go back type /back) > 1b9
Conversion result: 3420

Enter number in base 17 to convert to base 5 (To go back type /back) > /back

Enter two numbers in format: {source base} {target base} (To quit type /exit) > 17 8
Enter number in base 17 to convert to base 8 (To go back type /back) > 18a
Conversion result: 663

Enter number in base 17 to convert to base 8 (To go back type /back) > /back

Enter two numbers in format: {source base} {target base} (To quit type /exit) > 17 11
Enter number in base 17 to convert to base 11 (To go back type /back) > 33d
Conversion result: 777

Enter number in base 17 to convert to base 11 (To go back type /back) > /back

Enter two numbers in format: {source base} {target base} (To quit type /exit) > 17 14
Enter number in base 17 to convert to base 14 (To go back type /back) > 1d1
Conversion result: 287

Enter number in base 17 to convert to base 14 (To go back type /back) > /back

Enter two numbers in format: {source base} {target base} (To quit type /exit) > 17 20
Enter number in base 17 to convert to base 20 (To go back type /back) > 12c
Conversion result: GF

Enter number in base 17 to convert to base 20 (To go back type /back) > /back

Enter two numbers in format: {source base} {target base} (To quit type /exit) > 17 23
Enter number in base 17 to convert to base 23 (To go back type /back) > 1f1
Conversion result: 10G

Enter number in base 17 to convert to base 23 (To go back type /back) > /back

Enter two numbers in format: {source base} {target base} (To quit type /exit) > 17 26
Enter number in base 17 to convert to base 26 (To go back type /back) > 1dg
Conversion result: K6

Enter number in base 17 to convert to base 26 (To go back type /back) > /back

Enter two numbers in format: {source base} {target base} (To quit type /exit) > 17 29
Enter number in base 17 to convert to base 29 (To go back type /back) > 243
Conversion result: MB

Enter number in base 17 to convert to base 29 (To go back type /back) > /back

Enter two numbers in format: {source base} {target base} (To quit type /exit) > 17 32
Enter number in base 17 to convert to base 32 (To go back type /back) > 1ea
Conversion result: GP

Enter number in base 17 to convert to base 32 (To go back type /back) > /back

Enter two numbers in format: {source base} {target base} (To quit type /exit) > 17 35
Enter number in base 17 to convert to base 35 (To go back type /back) > 377
Conversion result: SD

Enter number in base 17 to convert to base 35 (To go back type /back) > /back

Enter two numbers in format: {source base} {target base} (To quit type /exit) > /exit
?[1;31m
Start test 5?[0m
Enter two numbers in format: {source base} {target base} (To quit type /exit) > 19 2
Enter number in base 19 to convert to base 2 (To go back type /back) > 1c3
Conversion result: 1001010000

Enter number in base 19 to convert to base 2 (To go back type /back) > /back

Enter two numbers in format: {source base} {target base} (To quit type /exit) > 19 5
Enter number in base 19 to convert to base 5 (To go back type /back) > 231
Conversion result: 11110

Enter number in base 19 to convert to base 5 (To go back type /back) > /back

Enter two numbers in format: {source base} {target base} (To quit type /exit) > 19 8
Enter number in base 19 to convert to base 8 (To go back type /back) > 1h9
Conversion result: 1265

Enter number in base 19 to convert to base 8 (To go back type /back) > /back

Enter two numbers in format: {source base} {target base} (To quit type /exit) > 19 11
Enter number in base 19 to convert to base 11 (To go back type /back) > fh
Conversion result: 255

Enter number in base 19 to convert to base 11 (To go back type /back) > /back

Enter two numbers in format: {source base} {target base} (To quit type /exit) > 19 14
Enter number in base 19 to convert to base 14 (To go back type /back) > 11d
Conversion result: 201

Enter number in base 19 to convert to base 14 (To go back type /back) > /back

Enter two numbers in format: {source base} {target base} (To quit type /exit) > 19 17
Enter number in base 19 to convert to base 17 (To go back type /back) > 257
Conversion result: 2E8

Enter number in base 19 to convert to base 17 (To go back type /back) > /back

Enter two numbers in format: {source base} {target base} (To quit type /exit) > 19 20
Enter number in base 19 to convert to base 20 (To go back type /back) > 1di
Conversion result: 1B6

Enter number in base 19 to convert to base 20 (To go back type /back) > /back

Enter two numbers in format: {source base} {target base} (To quit type /exit) > 19 23
Enter number in base 19 to convert to base 23 (To go back type /back) > 22
Conversion result: 1H

Enter number in base 19 to convert to base 23 (To go back type /back) > /back

Enter two numbers in format: {source base} {target base} (To quit type /exit) > 19 26
Enter number in base 19 to convert to base 26 (To go back type /back) > 25f
Conversion result: 160

Enter number in base 19 to convert to base 26 (To go back type /back) > /back

Enter two numbers in format: {source base} {target base} (To quit type /exit) > 19 29
Enter number in base 19 to convert to base 29 (To go back type /back) > 1f3
Conversion result: MB

Enter number in base 19 to convert to base 29 (To go back type /back) > /back

Enter two numbers in format: {source base} {target base} (To quit type /exit) > 19 32
Enter number in base 19 to convert to base 32 (To go back type /back) > 1b8
Conversion result: I2

Enter number in base 19 to convert to base 32 (To go back type /back) > /back

Enter two numbers in format: {source base} {target base} (To quit type /exit) > 19 35
Enter number in base 19 to convert to base 35 (To go back type /back) > 2a6
Conversion result: Q8

Enter number in base 19 to convert to base 35 (To go back type /back) > /back

Enter two numbers in format: {source base} {target base} (To quit type /exit) > 22 2
Enter number in base 22 to convert to base 2 (To go back type /back) > af
Conversion result: 11101011

Enter number in base 22 to convert to base 2 (To go back type /back) > /back

Enter two numbers in format: {source base} {target base} (To quit type /exit) > 22 5
Enter number in base 22 to convert to base 5 (To go back type /back) > 15a
Conversion result: 4404

Enter number in base 22 to convert to base 5 (To go back type /back) > /back

Enter two numbers in format: {source base} {target base} (To quit type /exit) > 22 8
Enter number in base 22 to convert to base 8 (To go back type /back) > 1lg
Conversion result: 1702

Enter number in base 22 to convert to base 8 (To go back type /back) > /back

Enter two numbers in format: {source base} {target base} (To quit type /exit) > 22 11
Enter number in base 22 to convert to base 11 (To go back type /back) > h5
Conversion result: 315

Enter number in base 22 to convert to base 11 (To go back type /back) > /back

Enter two numbers in format: {source base} {target base} (To quit type /exit) > 22 14
Enter number in base 22 to convert to base 14 (To go back type /back) > k8
Conversion result: 240

Enter number in base 22 to convert to base 14 (To go back type /back) > /back

Enter two numbers in format: {source base} {target base} (To quit type /exit) > 22 17
Enter number in base 22 to convert to base 17 (To go back type /back) > 1k1
Conversion result: 337

Enter number in base 22 to convert to base 17 (To go back type /back) > /back

Enter two numbers in format: {source base} {target base} (To quit type /exit) > 22 20
Enter number in base 22 to convert to base 20 (To go back type /back) > 1d5
Conversion result: 1IF

Enter number in base 22 to convert to base 20 (To go back type /back) > /back

Enter two numbers in format: {source base} {target base} (To quit type /exit) > 22 23
Enter number in base 22 to convert to base 23 (To go back type /back) > 18b
Conversion result: 164

Enter number in base 22 to convert to base 23 (To go back type /back) > /back

Enter two numbers in format: {source base} {target base} (To quit type /exit) > 22 26
Enter number in base 22 to convert to base 26 (To go back type /back) > 57
Conversion result: 4D

Enter number in base 22 to convert to base 26 (To go back type /back) > /back

Enter two numbers in format: {source base} {target base} (To quit type /exit) > 22 29
Enter number in base 22 to convert to base 29 (To go back type /back) > 5
Conversion result: 5

Enter number in base 22 to convert to base 29 (To go back type /back) > /back

Enter two numbers in format: {source base} {target base} (To quit type /exit) > 22 32
Enter number in base 22 to convert to base 32 (To go back type /back) > gc
Conversion result: BC

Enter number in base 22 to convert to base 32 (To go back type /back) > /back

Enter two numbers in format: {source base} {target base} (To quit type /exit) > 22 35
Enter number in base 22 to convert to base 35 (To go back type /back) > 124
Conversion result: F7

Enter number in base 22 to convert to base 35 (To go back type /back) > /back

Enter two numbers in format: {source base} {target base} (To quit type /exit) > 25 2
Enter number in base 25 to convert to base 2 (To go back type /back) > 6l
Conversion result: 10101011

Enter number in base 25 to convert to base 2 (To go back type /back) > /back

Enter two numbers in format: {source base} {target base} (To quit type /exit) > 25 5
Enter number in base 25 to convert to base 5 (To go back type /back) > 18k
Conversion result: 11340

Enter number in base 25 to convert to base 5 (To go back type /back) > /back

Enter two numbers in format: {source base} {target base} (To quit type /exit) > 25 8
Enter number in base 25 to convert to base 8 (To go back type /back) > 12g
Conversion result: 1263

Enter number in base 25 to convert to base 8 (To go back type /back) > /back

Enter two numbers in format: {source base} {target base} (To quit type /exit) > 25 11
Enter number in base 25 to convert to base 11 (To go back type /back) > 1ak
Conversion result: 744

Enter number in base 25 to convert to base 11 (To go back type /back) > /back

Enter two numbers in format: {source base} {target base} (To quit type /exit) > 25 14
Enter number in base 25 to convert to base 14 (To go back type /back) > 74
Conversion result: CB

Enter number in base 25 to convert to base 14 (To go back type /back) > /back

Enter two numbers in format: {source base} {target base} (To quit type /exit) > 25 17
Enter number in base 25 to convert to base 17 (To go back type /back) > 1cl
Conversion result: 34B

Enter number in base 25 to convert to base 17 (To go back type /back) > /back

Enter two numbers in format: {source base} {target base} (To quit type /exit) > 25 20
Enter number in base 25 to convert to base 20 (To go back type /back) > gl
Conversion result: 111

Enter number in base 25 to convert to base 20 (To go back type /back) > /back

Enter two numbers in format: {source base} {target base} (To quit type /exit) > 25 23
Enter number in base 25 to convert to base 23 (To go back type /back) > 107
Conversion result: 14B

Enter number in base 25 to convert to base 23 (To go back type /back) > /back

Enter two numbers in format: {source base} {target base} (To quit type /exit) > 25 26
Enter number in base 25 to convert to base 26 (To go back type /back) > 85
Conversion result: 7N

Enter number in base 25 to convert to base 26 (To go back type /back) > /back

Enter two numbers in format: {source base} {target base} (To quit type /exit) > 25 29
Enter number in base 25 to convert to base 29 (To go back type /back) > of
Conversion result: L6

Enter number in base 25 to convert to base 29 (To go back type /back) > /back

Enter two numbers in format: {source base} {target base} (To quit type /exit) > 25 32
Enter number in base 25 to convert to base 32 (To go back type /back) > 73
Conversion result: 5I

Enter number in base 25 to convert to base 32 (To go back type /back) > /back

Enter two numbers in format: {source base} {target base} (To quit type /exit) > 25 35
Enter number in base 25 to convert to base 35 (To go back type /back) > i3
Conversion result: CX

Enter number in base 25 to convert to base 35 (To go back type /back) > /back

Enter two numbers in format: {source base} {target base} (To quit type /exit) > 28 2
Enter number in base 28 to convert to base 2 (To go back type /back) > 7o
Conversion result: 11011100

Enter number in base 28 to convert to base 2 (To go back type /back) > /back

Enter two numbers in format: {source base} {target base} (To quit type /exit) > 28 5
Enter number in base 28 to convert to base 5 (To go back type /back) > l
Conversion result: 41

Enter number in base 28 to convert to base 5 (To go back type /back) > /back

Enter two numbers in format: {source base} {target base} (To quit type /exit) > 28 8
Enter number in base 28 to convert to base 8 (To go back type /back) > e6
Conversion result: 616

Enter number in base 28 to convert to base 8 (To go back type /back) > /back

Enter two numbers in format: {source base} {target base} (To quit type /exit) > 28 11
Enter number in base 28 to convert to base 11 (To go back type /back) > l9
Conversion result: 4A3

Enter number in base 28 to convert to base 11 (To go back type /back) > /back

Enter two numbers in format: {source base} {target base} (To quit type /exit) > 28 14
Enter number in base 28 to convert to base 14 (To go back type /back) > a9
Conversion result: 169

Enter number in base 28 to convert to base 14 (To go back type /back) > /back

Enter two numbers in format: {source base} {target base} (To quit type /exit) > 28 17
Enter number in base 28 to convert to base 17 (To go back type /back) > n7
Conversion result: 245

Enter number in base 28 to convert to base 17 (To go back type /back) > /back

Enter two numbers in format: {source base} {target base} (To quit type /exit) > 28 20
Enter number in base 28 to convert to base 20 (To go back type /back) > h8
Conversion result: 144

Enter number in base 28 to convert to base 20 (To go back type /back) > /back

Enter two numbers in format: {source base} {target base} (To quit type /exit) > 28 23
Enter number in base 28 to convert to base 23 (To go back type /back) > a7
Conversion result: CB

Enter number in base 28 to convert to base 23 (To go back type /back) > /back

Enter two numbers in format: {source base} {target base} (To quit type /exit) > 28 26
Enter number in base 28 to convert to base 26 (To go back type /back) > ap
Conversion result: BJ

Enter number in base 28 to convert to base 26 (To go back type /back) > /back

Enter two numbers in format: {source base} {target base} (To quit type /exit) > 28 29
Enter number in base 28 to convert to base 29 (To go back type /back) > 11o
Conversion result: SO

Enter number in base 28 to convert to base 29 (To go back type /back) > /back

Enter two numbers in format: {source base} {target base} (To quit type /exit) > 28 32
Enter number in base 28 to convert to base 32 (To go back type /back) > 7
Conversion result: 7

Enter number in base 28 to convert to base 32 (To go back type /back) > /back

Enter two numbers in format: {source base} {target base} (To quit type /exit) > 28 35
Enter number in base 28 to convert to base 35 (To go back type /back) > r
Conversion result: R

Enter number in base 28 to convert to base 35 (To go back type /back) > /back

Enter two numbers in format: {source base} {target base} (To quit type /exit) > 31 2
Enter number in base 31 to convert to base 2 (To go back type /back) > su
Conversion result: 1110000010

Enter number in base 31 to convert to base 2 (To go back type /back) > /back

Enter two numbers in format: {source base} {target base} (To quit type /exit) > 31 5
Enter number in base 31 to convert to base 5 (To go back type /back) > hp
Conversion result: 4202

Enter number in base 31 to convert to base 5 (To go back type /back) > /back

Enter two numbers in format: {source base} {target base} (To quit type /exit) > 31 8
Enter number in base 31 to convert to base 8 (To go back type /back) > 16
Conversion result: 45

Enter number in base 31 to convert to base 8 (To go back type /back) > /back

Enter two numbers in format: {source base} {target base} (To quit type /exit) > 31 11
Enter number in base 31 to convert to base 11 (To go back type /back) > tn
Conversion result: 769

Enter number in base 31 to convert to base 11 (To go back type /back) > /back

Enter two numbers in format: {source base} {target base} (To quit type /exit) > 31 14
Enter number in base 31 to convert to base 14 (To go back type /back) > eg
Conversion result: 242

Enter number in base 31 to convert to base 14 (To go back type /back) > /back

Enter two numbers in format: {source base} {target base} (To quit type /exit) > 31 17
Enter number in base 31 to convert to base 17 (To go back type /back) > ke
Conversion result: 235

Enter number in base 31 to convert to base 17 (To go back type /back) > /back

Enter two numbers in format: {source base} {target base} (To quit type /exit) > 31 20
Enter number in base 31 to convert to base 20 (To go back type /back) > tj
Conversion result: 25I

Enter number in base 31 to convert to base 20 (To go back type /back) > /back

Enter two numbers in format: {source base} {target base} (To quit type /exit) > 31 23
Enter number in base 31 to convert to base 23 (To go back type /back) > n4
Conversion result: 184

Enter number in base 31 to convert to base 23 (To go back type /back) > /back

Enter two numbers in format: {source base} {target base} (To quit type /exit) > 31 26
Enter number in base 31 to convert to base 26 (To go back type /back) > ss
Conversion result: 18C

Enter number in base 31 to convert to base 26 (To go back type /back) > /back

Enter two numbers in format: {source base} {target base} (To quit type /exit) > 31 29
Enter number in base 31 to convert to base 29 (To go back type /back) > k8
Conversion result: LJ

Enter number in base 31 to convert to base 29 (To go back type /back) > /back

Enter two numbers in format: {source base} {target base} (To quit type /exit) > 31 32
Enter number in base 31 to convert to base 32 (To go back type /back) > cq
Conversion result: CE

Enter number in base 31 to convert to base 32 (To go back type /back) > /back

Enter two numbers in format: {source base} {target base} (To quit type /exit) > 31 35
Enter number in base 31 to convert to base 35 (To go back type /back) > 7a
Conversion result: 6H

Enter number in base 31 to convert to base 35 (To go back type /back) > /back

Enter two numbers in format: {source base} {target base} (To quit type /exit) > 34 2
Enter number in base 34 to convert to base 2 (To go back type /back) > a5
Conversion result: 101011001

Enter number in base 34 to convert to base 2 (To go back type /back) > /back

Enter two numbers in format: {source base} {target base} (To quit type /exit) > 34 5
Enter number in base 34 to convert to base 5 (To go back type /back) > mu
Conversion result: 11103

Enter number in base 34 to convert to base 5 (To go back type /back) > /back

Enter two numbers in format: {source base} {target base} (To quit type /exit) > 34 8
Enter number in base 34 to convert to base 8 (To go back type /back) > 8a
Conversion result: 432

Enter number in base 34 to convert to base 8 (To go back type /back) > /back

Enter two numbers in format: {source base} {target base} (To quit type /exit) > 34 11
Enter number in base 34 to convert to base 11 (To go back type /back) > hw
Conversion result: 505

Enter number in base 34 to convert to base 11 (To go back type /back) > /back

Enter two numbers in format: {source base} {target base} (To quit type /exit) > 34 14
Enter number in base 34 to convert to base 14 (To go back type /back) > 2o
Conversion result: 68

Enter number in base 34 to convert to base 14 (To go back type /back) > /back

Enter two numbers in format: {source base} {target base} (To quit type /exit) > 34 17
Enter number in base 34 to convert to base 17 (To go back type /back) > df
Conversion result: 19F

Enter number in base 34 to convert to base 17 (To go back type /back) > /back

Enter two numbers in format: {source base} {target base} (To quit type /exit) > 34 20
Enter number in base 34 to convert to base 20 (To go back type /back) > 9j
Conversion result: G5

Enter number in base 34 to convert to base 20 (To go back type /back) > /back

Enter two numbers in format: {source base} {target base} (To quit type /exit) > 34 23
Enter number in base 34 to convert to base 23 (To go back type /back) > kf
Conversion result: 175

Enter number in base 34 to convert to base 23 (To go back type /back) > /back

Enter two numbers in format: {source base} {target base} (To quit type /exit) > 34 26
Enter number in base 34 to convert to base 26 (To go back type /back) > c5
Conversion result: FN

Enter number in base 34 to convert to base 26 (To go back type /back) > /back

Enter two numbers in format: {source base} {target base} (To quit type /exit) > 34 29
Enter number in base 34 to convert to base 29 (To go back type /back) > 5b
Conversion result: 67

Enter number in base 34 to convert to base 29 (To go back type /back) > /back

Enter two numbers in format: {source base} {target base} (To quit type /exit) > 34 32
Enter number in base 34 to convert to base 32 (To go back type /back) > gb
Conversion result: HB

Enter number in base 34 to convert to base 32 (To go back type /back) > /back

Enter two numbers in format: {source base} {target base} (To quit type /exit) > 34 35
Enter number in base 34 to convert to base 35 (To go back type /back) > lg
Conversion result: KU

Enter number in base 34 to convert to base 35 (To go back type /back) > /back

Enter two numbers in format: {source base} {target base} (To quit type /exit) > /exit
?[1;31m
Start test 6?[0m
Enter two numbers in format: {source base} {target base} (To quit type /exit) > 2 5
Enter number in base 2 to convert to base 5 (To go back type /back) > 1101011011111000110111011001011001111111100010100
Conversion result: 443430141402211110031

Enter number in base 2 to convert to base 5 (To go back type /back) > /back

Enter two numbers in format: {source base} {target base} (To quit type /exit) > 2 8
Enter number in base 2 to convert to base 8 (To go back type /back) > 1000101010010001111011111000101001001001011110111
Conversion result: 10522173705111367

Enter number in base 2 to convert to base 8 (To go back type /back) > /back

Enter two numbers in format: {source base} {target base} (To quit type /exit) > 2 11
Enter number in base 2 to convert to base 11 (To go back type /back) > 101010101100101110101011101111011011010100010101
Conversion result: 5492203454106A

Enter number in base 2 to convert to base 11 (To go back type /back) > /back

Enter two numbers in format: {source base} {target base} (To quit type /exit) > 2 14
Enter number in base 2 to convert to base 14 (To go back type /back) > 1000000110110111001010111101100111101101101000111
Conversion result: 50620991C5835

Enter number in base 2 to convert to base 14 (To go back type /back) > /back

Enter two numbers in format: {source base} {target base} (To quit type /exit) > 2 17
Enter number in base 2 to convert to base 17 (To go back type /back) > 1010111001010010100111110011111100110100101110111
Conversion result: B3292604A1G7

Enter number in base 2 to convert to base 17 (To go back type /back) > /back

Enter two numbers in format: {source base} {target base} (To quit type /exit) > 2 20
Enter number in base 2 to convert to base 20 (To go back type /back) > 101011001011001111110100001101011001110111101101
Conversion result: IAHAE01EEJH

Enter number in base 2 to convert to base 20 (To go back type /back) > /back

Enter two numbers in format: {source base} {target base} (To quit type /exit) > 2 23
Enter number in base 2 to convert to base 23 (To go back type /back) > 1010011001101110000100110001100110001001001011000
Conversion result: 8J4AE61J784

Enter number in base 2 to convert to base 23 (To go back type /back) > /back

Enter two numbers in format: {source base} {target base} (To quit type /exit) > 2 26
Enter number in base 2 to convert to base 26 (To go back type /back) > 101011110010011111010100011111100110001100111010
Conversion result: 19C5M7PHC4A

Enter number in base 2 to convert to base 26 (To go back type /back) > /back

Enter two numbers in format: {source base} {target base} (To quit type /exit) > 2 29
Enter number in base 2 to convert to base 29 (To go back type /back) > 100000000100110011010011010000001001110101001011
Conversion result: 9KSPGI11K1

Enter number in base 2 to convert to base 29 (To go back type /back) > /back

Enter two numbers in format: {source base} {target base} (To quit type /exit) > 2 32
Enter number in base 2 to convert to base 32 (To go back type /back) > 100110111100101001011011101010001010010001110010
Conversion result: 4RP9DQH93I

Enter number in base 2 to convert to base 32 (To go back type /back) > /back

Enter two numbers in format: {source base} {target base} (To quit type /exit) > 2 35
Enter number in base 2 to convert to base 35 (To go back type /back) > 1101100111001000101110101010011100100010011011100
Conversion result: 62NIYNGV63

Enter number in base 2 to convert to base 35 (To go back type /back) > /back

Enter two numbers in format: {source base} {target base} (To quit type /exit) > 5 2
Enter number in base 5 to convert to base 2 (To go back type /back) > 1003141312112343333133
Conversion result: 1101111010110001001011101000010110010100101101110

Enter number in base 5 to convert to base 2 (To go back type /back) > /back

Enter two numbers in format: {source base} {target base} (To quit type /exit) > 5 8
Enter number in base 5 to convert to base 8 (To go back type /back) > 122304444434234204304
Conversion result: 4051341040503051

Enter number in base 5 to convert to base 8 (To go back type /back) > /back

Enter two numbers in format: {source base} {target base} (To quit type /exit) > 5 11
Enter number in base 5 to convert to base 11 (To go back type /back) > 101224424331110442021
Conversion result: 2A263110327919

Enter number in base 5 to convert to base 11 (To go back type /back) > /back

Enter two numbers in format: {source base} {target base} (To quit type /exit) > 5 14
Enter number in base 5 to convert to base 14 (To go back type /back) > 21344221223123432031
Conversion result: B17CA86C4A01

Enter number in base 5 to convert to base 14 (To go back type /back) > /back

Enter two numbers in format: {source base} {target base} (To quit type /exit) > 5 17
Enter number in base 5 to convert to base 17 (To go back type /back) > 324023104332011124211
Conversion result: 9FA5A8B10CED

Enter number in base 5 to convert to base 17 (To go back type /back) > /back

Enter two numbers in format: {source base} {target base} (To quit type /exit) > 5 20
Enter number in base 5 to convert to base 20 (To go back type /back) > 421412400301313042041
Conversion result: 21D8G0J22I9G

Enter number in base 5 to convert to base 20 (To go back type /back) > /back

Enter two numbers in format: {source base} {target base} (To quit type /exit) > 5 23
Enter number in base 5 to convert to base 23 (To go back type /back) > 442423401134044441400
Conversion result: B7759B41BMD

Enter number in base 5 to convert to base 23 (To go back type /back) > /back

Enter two numbers in format: {source base} {target base} (To quit type /exit) > 5 26
Enter number in base 5 to convert to base 26 (To go back type /back) > 131113001131334320222
Conversion result: 12PK88P219B

Enter number in base 5 to convert to base 26 (To go back type /back) > /back

Enter two numbers in format: {source base} {target base} (To quit type /exit) > 5 29
Enter number in base 5 to convert to base 29 (To go back type /back) > 201331020423013201033
Conversion result: DHDDCBRR3I

Enter number in base 5 to convert to base 29 (To go back type /back) > /back

Enter two numbers in format: {source base} {target base} (To quit type /exit) > 5 32
Enter number in base 5 to convert to base 32 (To go back type /back) > 110121022334233133200
Conversion result: 392NFO5SDP

Enter number in base 5 to convert to base 32 (To go back type /back) > /back

Enter two numbers in format: {source base} {target base} (To quit type /exit) > 5 35
Enter number in base 5 to convert to base 35 (To go back type /back) > 424343220110240212300
Conversion result: 5JFSA4RFGF

Enter number in base 5 to convert to base 35 (To go back type /back) > /back

Enter two numbers in format: {source base} {target base} (To quit type /exit) > 8 2
Enter number in base 8 to convert to base 2 (To go back type /back) > 6407067331127064
Conversion result: 110100000111000110111011011001001010111000110100

Enter number in base 8 to convert to base 2 (To go back type /back) > /back

Enter two numbers in format: {source base} {target base} (To quit type /exit) > 8 5
Enter number in base 8 to convert to base 5 (To go back type /back) > 5172546375253766
Conversion result: 143130422441224304222

Enter number in base 8 to convert to base 5 (To go back type /back) > /back

Enter two numbers in format: {source base} {target base} (To quit type /exit) > 8 11
Enter number in base 8 to convert to base 11 (To go back type /back) > 3722032424025416
Conversion result: 3A923370648029

Enter number in base 8 to convert to base 11 (To go back type /back) > /back

Enter two numbers in format: {source base} {target base} (To quit type /exit) > 8 14
Enter number in base 8 to convert to base 14 (To go back type /back) > 6553127232023730
Conversion result: 4241731B50A92

Enter number in base 8 to convert to base 14 (To go back type /back) > /back

Enter two numbers in format: {source base} {target base} (To quit type /exit) > 8 17
Enter number in base 8 to convert to base 17 (To go back type /back) > 4341262417057314
Conversion result: 498630990E86

Enter number in base 8 to convert to base 17 (To go back type /back) > /back

Enter two numbers in format: {source base} {target base} (To quit type /exit) > 8 20
Enter number in base 8 to convert to base 20 (To go back type /back) > 5472404212217263
Conversion result: J5G3JGB4EAB

Enter number in base 8 to convert to base 20 (To go back type /back) > /back

Enter two numbers in format: {source base} {target base} (To quit type /exit) > 8 23
Enter number in base 8 to convert to base 23 (To go back type /back) > 14771565445220010
Conversion result: B0G663J06D4

Enter number in base 8 to convert to base 23 (To go back type /back) > /back

Enter two numbers in format: {source base} {target base} (To quit type /exit) > 8 26
Enter number in base 8 to convert to base 26 (To go back type /back) > 12274271175736462
Conversion result: 2F4LN1D919C

Enter number in base 8 to convert to base 26 (To go back type /back) > /back

Enter two numbers in format: {source base} {target base} (To quit type /exit) > 8 29
Enter number in base 8 to convert to base 29 (To go back type /back) > 10561425146542305
Conversion result: L4CJFDS9QQ

Enter number in base 8 to convert to base 29 (To go back type /back) > /back

Enter two numbers in format: {source base} {target base} (To quit type /exit) > 8 32
Enter number in base 8 to convert to base 32 (To go back type /back) > 5525500504667264
Conversion result: 5LB82H6RLK

Enter number in base 8 to convert to base 32 (To go back type /back) > /back

Enter two numbers in format: {source base} {target base} (To quit type /exit) > 8 35
Enter number in base 8 to convert to base 35 (To go back type /back) > 13264051030435125
Conversion result: 52CQOONF1V

Enter number in base 8 to convert to base 35 (To go back type /back) > /back

Enter two numbers in format: {source base} {target base} (To quit type /exit) > 11 2
Enter number in base 11 to convert to base 2 (To go back type /back) > 747594756a6472
Conversion result: 111010010010100011100001100101100100011001111101

Enter number in base 11 to convert to base 2 (To go back type /back) > /back

Enter two numbers in format: {source base} {target base} (To quit type /exit) > 11 5
Enter number in base 11 to convert to base 5 (To go back type /back) > 67822956428191
Conversion result: 220314004203224331420

Enter number in base 11 to convert to base 5 (To go back type /back) > /back

Enter two numbers in format: {source base} {target base} (To quit type /exit) > 11 8
Enter number in base 11 to convert to base 8 (To go back type /back) > a6908712916610
Conversion result: 12327314560164752

Enter number in base 11 to convert to base 8 (To go back type /back) > /back

Enter two numbers in format: {source base} {target base} (To quit type /exit) > 11 14
Enter number in base 11 to convert to base 14 (To go back type /back) > 83758733680781
Conversion result: 510AC7C8D7198

Enter number in base 11 to convert to base 14 (To go back type /back) > /back

Enter two numbers in format: {source base} {target base} (To quit type /exit) > 11 17
Enter number in base 11 to convert to base 17 (To go back type /back) > 691828301034a3
Conversion result: 6F017C33EG18

Enter number in base 11 to convert to base 17 (To go back type /back) > /back

Enter two numbers in format: {source base} {target base} (To quit type /exit) > 11 20
Enter number in base 11 to convert to base 20 (To go back type /back) > 4a559974346084
Conversion result: GE1G953I0II

Enter number in base 11 to convert to base 20 (To go back type /back) > /back

Enter two numbers in format: {source base} {target base} (To quit type /exit) > 11 23
Enter number in base 11 to convert to base 23 (To go back type /back) > 27973a74246a5
Conversion result: 4GJH5I0H44

Enter number in base 11 to convert to base 23 (To go back type /back) > /back

Enter two numbers in format: {source base} {target base} (To quit type /exit) > 11 26
Enter number in base 11 to convert to base 26 (To go back type /back) > 310330a5a61a00
Conversion result: JHA27FMJE2

Enter number in base 11 to convert to base 26 (To go back type /back) > /back

Enter two numbers in format: {source base} {target base} (To quit type /exit) > 11 29
Enter number in base 11 to convert to base 29 (To go back type /back) > 39400360274266
Conversion result: 94MIO4CE87

Enter number in base 11 to convert to base 29 (To go back type /back) > /back

Enter two numbers in format: {source base} {target base} (To quit type /exit) > 11 32
Enter number in base 11 to convert to base 32 (To go back type /back) > 63a03997653427
Conversion result: 67HP2P7NR8

Enter number in base 11 to convert to base 32 (To go back type /back) > /back

Enter two numbers in format: {source base} {target base} (To quit type /exit) > 11 35
Enter number in base 11 to convert to base 35 (To go back type /back) > a9403824986874
Conversion result: 4QCLKCXEXH

Enter number in base 11 to convert to base 35 (To go back type /back) > /back

Enter two numbers in format: {source base} {target base} (To quit type /exit) > 14 2
Enter number in base 14 to convert to base 2 (To go back type /back) > 3777c2441038b
Conversion result: 101101100111010110010000101111100111011001010111

Enter number in base 14 to convert to base 2 (To go back type /back) > /back

Enter two numbers in format: {source base} {target base} (To quit type /exit) > 14 5
Enter number in base 14 to convert to base 5 (To go back type /back) > 3b7a2d227d3d9
Conversion result: 211411034234433013421

Enter number in base 14 to convert to base 5 (To go back type /back) > /back

Enter two numbers in format: {source base} {target base} (To quit type /exit) > 14 8
Enter number in base 14 to convert to base 8 (To go back type /back) > 71a6114d3dd03
Conversion result: 13365704305774137

Enter number in base 14 to convert to base 8 (To go back type /back) > /back

Enter two numbers in format: {source base} {target base} (To quit type /exit) > 14 11
Enter number in base 14 to convert to base 11 (To go back type /back) > 34c5465cd9757
Conversion result: 5554A632546992

Enter number in base 14 to convert to base 11 (To go back type /back) > /back

Enter two numbers in format: {source base} {target base} (To quit type /exit) > 14 17
Enter number in base 14 to convert to base 17 (To go back type /back) > 50c606112950a
Conversion result: 866BE3936121

Enter number in base 14 to convert to base 17 (To go back type /back) > /back

Enter two numbers in format: {source base} {target base} (To quit type /exit) > 14 20
Enter number in base 14 to convert to base 20 (To go back type /back) > 7b401ba453319
Conversion result: 2347BG9E762J

Enter number in base 14 to convert to base 20 (To go back type /back) > /back

Enter two numbers in format: {source base} {target base} (To quit type /exit) > 14 23
Enter number in base 14 to convert to base 23 (To go back type /back) > 137339781622c
Conversion result: 1G8IE0KA8DE

Enter number in base 14 to convert to base 23 (To go back type /back) > /back

Enter two numbers in format: {source base} {target base} (To quit type /exit) > 14 26
Enter number in base 14 to convert to base 26 (To go back type /back) > 3bc7c7bddb5c9
Conversion result: 1E54FB1FM29

Enter number in base 14 to convert to base 26 (To go back type /back) > /back

Enter two numbers in format: {source base} {target base} (To quit type /exit) > 14 29
Enter number in base 14 to convert to base 29 (To go back type /back) > 77d14cba269a9
Conversion result: 10GG923CKQG

Enter number in base 14 to convert to base 29 (To go back type /back) > /back

Enter two numbers in format: {source base} {target base} (To quit type /exit) > 14 32
Enter number in base 14 to convert to base 32 (To go back type /back) > 479d6d720ab97
Conversion result: 7AKTLAOI91

Enter number in base 14 to convert to base 32 (To go back type /back) > /back

Enter two numbers in format: {source base} {target base} (To quit type /exit) > 14 35
Enter number in base 14 to convert to base 35 (To go back type /back) > 7018c940dd95d
Conversion result: 51FJA5CCEY

Enter number in base 14 to convert to base 35 (To go back type /back) > /back

Enter two numbers in format: {source base} {target base} (To quit type /exit) > 17 2
Enter number in base 17 to convert to base 2 (To go back type /back) > 582e1b054bd7
Conversion result: 101010101101001011101111111100001101001110100001

Enter number in base 17 to convert to base 2 (To go back type /back) > /back

Enter two numbers in format: {source base} {target base} (To quit type /exit) > 17 5
Enter number in base 17 to convert to base 5 (To go back type /back) > 4157aaadd912
Conversion result: 121304124400441210210

Enter number in base 17 to convert to base 5 (To go back type /back) > /back

Enter two numbers in format: {source base} {target base} (To quit type /exit) > 17 8
Enter number in base 17 to convert to base 8 (To go back type /back) > b2224f8g5e90
Conversion result: 12654227376612550

Enter number in base 17 to convert to base 8 (To go back type /back) > /back

Enter two numbers in format: {source base} {target base} (To quit type /exit) > 17 11
Enter number in base 17 to convert to base 11 (To go back type /back) > d71b5d318a3c
Conversion result: 12357A9664A1106

Enter number in base 17 to convert to base 11 (To go back type /back) > /back

Enter two numbers in format: {source base} {target base} (To quit type /exit) > 17 14
Enter number in base 17 to convert to base 14 (To go back type /back) > 9493479e712c
Conversion result: 585DD901520C9

Enter number in base 17 to convert to base 14 (To go back type /back) > /back

Enter two numbers in format: {source base} {target base} (To quit type /exit) > 17 20
Enter number in base 17 to convert to base 20 (To go back type /back) > 6gg45583d1b5
Conversion result: 1387F5GDA43H

Enter number in base 17 to convert to base 20 (To go back type /back) > /back

Enter two numbers in format: {source base} {target base} (To quit type /exit) > 17 23
Enter number in base 17 to convert to base 23 (To go back type /back) > 39e72a3b432d
Conversion result: 2M2A4I9AHHK

Enter number in base 17 to convert to base 23 (To go back type /back) > /back

Enter two numbers in format: {source base} {target base} (To quit type /exit) > 17 26
Enter number in base 17 to convert to base 26 (To go back type /back) > 3cd2101553c8
Conversion result: NHGKOA71D3

Enter number in base 17 to convert to base 26 (To go back type /back) > /back

Enter two numbers in format: {source base} {target base} (To quit type /exit) > 17 29
Enter number in base 17 to convert to base 29 (To go back type /back) > 8c20aa952gd9
Conversion result: KGQM91R5NF

Enter number in base 17 to convert to base 29 (To go back type /back) > /back

Enter two numbers in format: {source base} {target base} (To quit type /exit) > 17 32
Enter number in base 17 to convert to base 32 (To go back type /back) > 81dc4e0c4fc6
Conversion result: 7SLIKCCSPL

Enter number in base 17 to convert to base 32 (To go back type /back) > /back

Enter two numbers in format: {source base} {target base} (To quit type /exit) > 17 35
Enter number in base 17 to convert to base 35 (To go back type /back) > 27c32eg55ecc
Conversion result: 12C54Y0JAR

Enter number in base 17 to convert to base 35 (To go back type /back) > /back

Enter two numbers in format: {source base} {target base} (To quit type /exit) > /exit
?[1;31m
Start test 7?[0m
Enter two numbers in format: {source base} {target base} (To quit type /exit) > 19 2
Enter number in base 19 to convert to base 2 (To go back type /back) > ahh03i74hg8
Conversion result: 1111010000001110000001001000011011001010100011

Enter number in base 19 to convert to base 2 (To go back type /back) > /back

Enter two numbers in format: {source base} {target base} (To quit type /exit) > 19 5
Enter number in base 19 to convert to base 5 (To go back type /back) > 2437cdaf8700
Conversion result: 232343423114444132131

Enter number in base 19 to convert to base 5 (To go back type /back) > /back

Enter two numbers in format: {source base} {target base} (To quit type /exit) > 19 8
Enter number in base 19 to convert to base 8 (To go back type /back) > 1f440cibhgai
Conversion result: 5755157517056572

Enter number in base 19 to convert to base 8 (To go back type /back) > /back

Enter two numbers in format: {source base} {target base} (To quit type /exit) > 19 11
Enter number in base 19 to convert to base 11 (To go back type /back) > 44adbb57gb30
Conversion result: 133427209287586

Enter number in base 19 to convert to base 11 (To go back type /back) > /back

Enter two numbers in format: {source base} {target base} (To quit type /exit) > 19 14
Enter number in base 19 to convert to base 14 (To go back type /back) > 3i0h284dfe33
Conversion result: 8189D7C280694

Enter number in base 19 to convert to base 14 (To go back type /back) > /back

Enter two numbers in format: {source base} {target base} (To quit type /exit) > 19 17
Enter number in base 19 to convert to base 17 (To go back type /back) > 346chd26e53d
Conversion result: AG9F9C5G9G70

Enter number in base 19 to convert to base 17 (To go back type /back) > /back

Enter two numbers in format: {source base} {target base} (To quit type /exit) > 19 20
Enter number in base 19 to convert to base 20 (To go back type /back) > 2ecah6i973i2
Conversion result: 1BAC4BA820IA

Enter number in base 19 to convert to base 20 (To go back type /back) > /back

Enter two numbers in format: {source base} {target base} (To quit type /exit) > 19 23
Enter number in base 19 to convert to base 23 (To go back type /back) > a61173a1621
Conversion result: 1C2JME1MJ0G

Enter number in base 19 to convert to base 23 (To go back type /back) > /back

Enter two numbers in format: {source base} {target base} (To quit type /exit) > 19 26
Enter number in base 19 to convert to base 26 (To go back type /back) > 1egici426bc8
Conversion result: 1C72KPJMGCO

Enter number in base 19 to convert to base 26 (To go back type /back) > /back

Enter two numbers in format: {source base} {target base} (To quit type /exit) > 19 29
Enter number in base 19 to convert to base 29 (To go back type /back) > 177a2f2edc7c
Conversion result: B4F0PSGIP0

Enter number in base 19 to convert to base 29 (To go back type /back) > /back

Enter two numbers in format: {source base} {target base} (To quit type /exit) > 19 32
Enter number in base 19 to convert to base 32 (To go back type /back) > 1d5039a5a5c5
Conversion result: 5JT1HTR4J8

Enter number in base 19 to convert to base 32 (To go back type /back) > /back

Enter two numbers in format: {source base} {target base} (To quit type /exit) > 19 35
Enter number in base 19 to convert to base 35 (To go back type /back) > 159dh79i926h
Conversion result: 1VPTAEYNUQ

Enter number in base 19 to convert to base 35 (To go back type /back) > /back

Enter two numbers in format: {source base} {target base} (To quit type /exit) > 22 2
Enter number in base 22 to convert to base 2 (To go back type /back) > 4274gc847bk
Conversion result: 11000110010111000111011011000110000001010100010

Enter number in base 22 to convert to base 2 (To go back type /back) > /back

Enter two numbers in format: {source base} {target base} (To quit type /exit) > 22 5
Enter number in base 22 to convert to base 5 (To go back type /back) > i38i52c80gf
Conversion result: 1001200104140234321222

Enter number in base 22 to convert to base 5 (To go back type /back) > /back

Enter two numbers in format: {source base} {target base} (To quit type /exit) > 22 8
Enter number in base 22 to convert to base 8 (To go back type /back) > fe7074cljdh
Conversion result: 13641012606477623

Enter number in base 22 to convert to base 8 (To go back type /back) > /back

Enter two numbers in format: {source base} {target base} (To quit type /exit) > 22 11
Enter number in base 22 to convert to base 11 (To go back type /back) > 65lj39ej9c7
Conversion result: 4909AAA0171527

Enter number in base 22 to convert to base 11 (To go back type /back) > /back

Enter two numbers in format: {source base} {target base} (To quit type /exit) > 22 14
Enter number in base 22 to convert to base 14 (To go back type /back) > 834iij77j17
Conversion result: 3B6037B46418D

Enter number in base 22 to convert to base 14 (To go back type /back) > /back

Enter two numbers in format: {source base} {target base} (To quit type /exit) > 22 17
Enter number in base 22 to convert to base 17 (To go back type /back) > 1201i5jj0d4
Conversion result: E6643BC98G1

Enter number in base 22 to convert to base 17 (To go back type /back) > /back

Enter two numbers in format: {source base} {target base} (To quit type /exit) > 22 20
Enter number in base 22 to convert to base 20 (To go back type /back) > li7803a739
Conversion result: 2B9CG12GG1J

Enter number in base 22 to convert to base 20 (To go back type /back) > /back

Enter two numbers in format: {source base} {target base} (To quit type /exit) > 22 23
Enter number in base 22 to convert to base 23 (To go back type /back) > 1ab2hjal0d4
Conversion result: LI2HL45EB1

Enter number in base 22 to convert to base 23 (To go back type /back) > /back

Enter two numbers in format: {source base} {target base} (To quit type /exit) > 22 26
Enter number in base 22 to convert to base 26 (To go back type /back) > bcg67898j93
Conversion result: 24GI721F25J

Enter number in base 22 to convert to base 26 (To go back type /back) > /back

Enter two numbers in format: {source base} {target base} (To quit type /exit) > 22 29
Enter number in base 22 to convert to base 29 (To go back type /back) > 14cdf12j323
Conversion result: 263NLGB9RD

Enter number in base 22 to convert to base 29 (To go back type /back) > /back

Enter two numbers in format: {source base} {target base} (To quit type /exit) > 22 32
Enter number in base 22 to convert to base 32 (To go back type /back) > 3b3lf5610l9
Conversion result: 2KNR6MJQ7F

Enter number in base 22 to convert to base 32 (To go back type /back) > /back

Enter two numbers in format: {source base} {target base} (To quit type /exit) > 22 35
Enter number in base 22 to convert to base 35 (To go back type /back) > 56a618j2609
Conversion result: 1RFE097RWN

Enter number in base 22 to convert to base 35 (To go back type /back) > /back

Enter two numbers in format: {source base} {target base} (To quit type /exit) > 25 2
Enter number in base 25 to convert to base 2 (To go back type /back) > 8d5488j9h7
Conversion result: 111011001011010100001110001011101010010001010

Enter number in base 25 to convert to base 2 (To go back type /back) > /back

Enter two numbers in format: {source base} {target base} (To quit type /exit) > 25 5
Enter number in base 25 to convert to base 5 (To go back type /back) > 3c8g0hmni32
Conversion result: 322133100324243330302

Enter number in base 25 to convert to base 5 (To go back type /back) > /back

Enter two numbers in format: {source base} {target base} (To quit type /exit) > 25 8
Enter number in base 25 to convert to base 8 (To go back type /back) > 465j4d4e8ng
Conversion result: 13410771627675254

Enter number in base 25 to convert to base 8 (To go back type /back) > /back

Enter two numbers in format: {source base} {target base} (To quit type /exit) > 25 11
Enter number in base 25 to convert to base 11 (To go back type /back) > 4b12h3jcoki
Conversion result: 112A76A03602915

Enter number in base 25 to convert to base 11 (To go back type /back) > /back

Enter two numbers in format: {source base} {target base} (To quit type /exit) > 25 14
Enter number in base 25 to convert to base 14 (To go back type /back) > 303aj67dle3
Conversion result: 50ACA9622D787

Enter number in base 25 to convert to base 14 (To go back type /back) > /back

Enter two numbers in format: {source base} {target base} (To quit type /exit) > 25 17
Enter number in base 25 to convert to base 17 (To go back type /back) > 29bghhiejmk
Conversion result: 6A8F725GGC13

Enter number in base 25 to convert to base 17 (To go back type /back) > /back

Enter two numbers in format: {source base} {target base} (To quit type /exit) > 25 20
Enter number in base 25 to convert to base 20 (To go back type /back) > 13f676914cd
Conversion result: AD34CE7A70D

Enter number in base 25 to convert to base 20 (To go back type /back) > /back

Enter two numbers in format: {source base} {target base} (To quit type /exit) > 25 23
Enter number in base 25 to convert to base 23 (To go back type /back) > 2idda2nld2c
Conversion result: 673IA5FB76F

Enter number in base 25 to convert to base 23 (To go back type /back) > /back

Enter two numbers in format: {source base} {target base} (To quit type /exit) > 25 26
Enter number in base 25 to convert to base 26 (To go back type /back) > 3dn4ocmf044
Conversion result: 2ACC5GO40H2

Enter number in base 25 to convert to base 26 (To go back type /back) > /back

Enter two numbers in format: {source base} {target base} (To quit type /exit) > 25 29
Enter number in base 25 to convert to base 29 (To go back type /back) > 3b127lh3f7o
Conversion result: MI401J6PO4

Enter number in base 25 to convert to base 29 (To go back type /back) > /back

Enter two numbers in format: {source base} {target base} (To quit type /exit) > 25 32
Enter number in base 25 to convert to base 32 (To go back type /back) > d3e8b3d8bm
Conversion result: 1DJ53B2J8A

Enter number in base 25 to convert to base 32 (To go back type /back) > /back

Enter two numbers in format: {source base} {target base} (To quit type /exit) > 25 35
Enter number in base 25 to convert to base 35 (To go back type /back) > 4egdkhbk0a0
Conversion result: 5J8CD7O8NK

Enter number in base 25 to convert to base 35 (To go back type /back) > /back

Enter two numbers in format: {source base} {target base} (To quit type /exit) > 28 2
Enter number in base 28 to convert to base 2 (To go back type /back) > 1hhpf2i305j
Conversion result: 1101101110001101000011100010100111011101111011111

Enter number in base 28 to convert to base 2 (To go back type /back) > /back

Enter two numbers in format: {source base} {target base} (To quit type /exit) > 28 5
Enter number in base 28 to convert to base 5 (To go back type /back) > 1dajq4g3871
Conversion result: 424334310013012023023

Enter number in base 28 to convert to base 5 (To go back type /back) > /back

Enter two numbers in format: {source base} {target base} (To quit type /exit) > 28 8
Enter number in base 28 to convert to base 8 (To go back type /back) > 832r3c7kgk
Conversion result: 2340444052423524

Enter number in base 28 to convert to base 8 (To go back type /back) > /back

Enter two numbers in format: {source base} {target base} (To quit type /exit) > 28 11
Enter number in base 28 to convert to base 11 (To go back type /back) > 1f12gl6roi3
Conversion result: 1220829A8A09918

Enter number in base 28 to convert to base 11 (To go back type /back) > /back

Enter two numbers in format: {source base} {target base} (To quit type /exit) > 28 14
Enter number in base 28 to convert to base 14 (To go back type /back) > 116c9elqa4c
Conversion result: 564DAB7B10C8C

Enter number in base 28 to convert to base 14 (To go back type /back) > /back

Enter two numbers in format: {source base} {target base} (To quit type /exit) > 28 17
Enter number in base 28 to convert to base 17 (To go back type /back) > o1hailgkq2
Conversion result: 7740DE7GCF0B

Enter number in base 28 to convert to base 17 (To go back type /back) > /back

Enter two numbers in format: {source base} {target base} (To quit type /exit) > 28 20
Enter number in base 28 to convert to base 20 (To go back type /back) > 19j4705i2kq
Conversion result: 1IIBG5HE2D16

Enter number in base 28 to convert to base 20 (To go back type /back) > /back

Enter two numbers in format: {source base} {target base} (To quit type /exit) > 28 23
Enter number in base 28 to convert to base 23 (To go back type /back) > 18i2dd7l7h0
Conversion result: 9855D0CB2DG

Enter number in base 28 to convert to base 23 (To go back type /back) > /back

Enter two numbers in format: {source base} {target base} (To quit type /exit) > 28 26
Enter number in base 28 to convert to base 26 (To go back type /back) > 1881r0mlk28
Conversion result: 2II63763HIG

Enter number in base 28 to convert to base 26 (To go back type /back) > /back

Enter two numbers in format: {source base} {target base} (To quit type /exit) > 28 29
Enter number in base 28 to convert to base 29 (To go back type /back) > 13pn673ld1c
Conversion result: N81BK5MQ35

Enter number in base 28 to convert to base 29 (To go back type /back) > /back

Enter two numbers in format: {source base} {target base} (To quit type /exit) > 28 32
Enter number in base 28 to convert to base 32 (To go back type /back) > 16emf353i17
Conversion result: AC6FLR0OC3

Enter number in base 28 to convert to base 32 (To go back type /back) > /back

Enter two numbers in format: {source base} {target base} (To quit type /exit) > 28 35
Enter number in base 28 to convert to base 35 (To go back type /back) > 1fmn3o3rg1j
Conversion result: 5USXFSB95J

Enter number in base 28 to convert to base 35 (To go back type /back) > /back

Enter two numbers in format: {source base} {target base} (To quit type /exit) > 31 2
Enter number in base 31 to convert to base 2 (To go back type /back) > 4lbmod666o
Conversion result: 11100001100010100100110111001110011011011000011

Enter number in base 31 to convert to base 2 (To go back type /back) > /back

Enter two numbers in format: {source base} {target base} (To quit type /exit) > 31 5
Enter number in base 31 to convert to base 5 (To go back type /back) > c3o9im5ece
Conversion result: 314002110033032222033

Enter number in base 31 to convert to base 5 (To go back type /back) > /back

Enter two numbers in format: {source base} {target base} (To quit type /exit) > 31 8
Enter number in base 31 to convert to base 8 (To go back type /back) > dfoj0j4peh
Conversion result: 12115570277345010

Enter number in base 31 to convert to base 8 (To go back type /back) > /back

Enter two numbers in format: {source base} {target base} (To quit type /exit) > 31 11
Enter number in base 31 to convert to base 11 (To go back type /back) > 1d1efb5tnf
Conversion result: 10A743602A4073

Enter number in base 31 to convert to base 11 (To go back type /back) > /back

Enter two numbers in format: {source base} {target base} (To quit type /exit) > 31 14
Enter number in base 31 to convert to base 14 (To go back type /back) > 1r0l5gi724
Conversion result: C31230271201

Enter number in base 31 to convert to base 14 (To go back type /back) > /back

Enter two numbers in format: {source base} {target base} (To quit type /exit) > 31 17
Enter number in base 31 to convert to base 17 (To go back type /back) > b3sqtlnb1f
Conversion result: 89FD075A9G22

Enter number in base 31 to convert to base 17 (To go back type /back) > /back

Enter two numbers in format: {source base} {target base} (To quit type /exit) > 31 20
Enter number in base 31 to convert to base 20 (To go back type /back) > c46a08bmlc
Conversion result: 1B6DCCII7286

Enter number in base 31 to convert to base 20 (To go back type /back) > /back

Enter two numbers in format: {source base} {target base} (To quit type /exit) > 31 23
Enter number in base 31 to convert to base 23 (To go back type /back) > f2o8l158e4
Conversion result: 9EBF5MMH0GD

Enter number in base 31 to convert to base 23 (To go back type /back) > /back

Enter two numbers in format: {source base} {target base} (To quit type /exit) > 31 26
Enter number in base 31 to convert to base 26 (To go back type /back) > bugtqme6kf
Conversion result: 269C76FAD8B

Enter number in base 31 to convert to base 26 (To go back type /back) > /back

Enter two numbers in format: {source base} {target base} (To quit type /exit) > 31 29
Enter number in base 31 to convert to base 29 (To go back type /back) > 6f1d9lmn2c
Conversion result: BNMB5EG6IM

Enter number in base 31 to convert to base 29 (To go back type /back) > /back

Enter two numbers in format: {source base} {target base} (To quit type /exit) > 31 32
Enter number in base 31 to convert to base 32 (To go back type /back) > 8rho2ei6j5
Conversion result: 6LOCIK826C

Enter number in base 31 to convert to base 32 (To go back type /back) > /back

Enter two numbers in format: {source base} {target base} (To quit type /exit) > 31 35
Enter number in base 31 to convert to base 35 (To go back type /back) > eitp3460eu
Conversion result: 4VJICN237S

Enter number in base 31 to convert to base 35 (To go back type /back) > /back

Enter two numbers in format: {source base} {target base} (To quit type /exit) > 34 2
Enter number in base 34 to convert to base 2 (To go back type /back) > 3ux1ecohbo
Conversion result: 110101111111100000000110101011011001011001010010

Enter number in base 34 to convert to base 2 (To go back type /back) > /back

Enter two numbers in format: {source base} {target base} (To quit type /exit) > 34 5
Enter number in base 34 to convert to base 5 (To go back type /back) > 10usx64gsm
Conversion result: 31132314102032430001

Enter number in base 34 to convert to base 5 (To go back type /back) > /back

Enter two numbers in format: {source base} {target base} (To quit type /exit) > 34 8
Enter number in base 34 to convert to base 8 (To go back type /back) > egt9xw2pv
Conversion result: 570547203351751

Enter number in base 34 to convert to base 8 (To go back type /back) > /back

Enter two numbers in format: {source base} {target base} (To quit type /exit) > 34 11
Enter number in base 34 to convert to base 11 (To go back type /back) > w87uunu8t
Conversion result: 1738968044621A

Enter number in base 34 to convert to base 11 (To go back type /back) > /back

Enter two numbers in format: {source base} {target base} (To quit type /exit) > 34 14
Enter number in base 34 to convert to base 14 (To go back type /back) > 5ee2d4e84s
Conversion result: 5B475C30A2776

Enter number in base 34 to convert to base 14 (To go back type /back) > /back

Enter two numbers in format: {source base} {target base} (To quit type /exit) > 34 17
Enter number in base 34 to convert to base 17 (To go back type /back) > 1t054nmsgb
Conversion result: 34DD25E4CBFB

Enter number in base 34 to convert to base 17 (To go back type /back) > /back

Enter two numbers in format: {source base} {target base} (To quit type /exit) > 34 20
Enter number in base 34 to convert to base 20 (To go back type /back) > 75alujbl4l
Conversion result: 228CIBBIE495

Enter number in base 34 to convert to base 20 (To go back type /back) > /back

Enter two numbers in format: {source base} {target base} (To quit type /exit) > 34 23
Enter number in base 34 to convert to base 23 (To go back type /back) > gta6jo8p1
Conversion result: GGBIE1E087

Enter number in base 34 to convert to base 23 (To go back type /back) > /back

Enter two numbers in format: {source base} {target base} (To quit type /exit) > 34 26
Enter number in base 34 to convert to base 26 (To go back type /back) > q6iadmi2r
Conversion result: 8FPFGDG6EJ

Enter number in base 34 to convert to base 26 (To go back type /back) > /back

Enter two numbers in format: {source base} {target base} (To quit type /exit) > 34 29
Enter number in base 34 to convert to base 29 (To go back type /back) > 5aex26etoh
Conversion result: M642KQ3LLG

Enter number in base 34 to convert to base 29 (To go back type /back) > /back

Enter two numbers in format: {source base} {target base} (To quit type /exit) > 34 32
Enter number in base 34 to convert to base 32 (To go back type /back) > 6ap3665dcw
Conversion result: ASOLJR1D3K

Enter number in base 34 to convert to base 32 (To go back type /back) > /back

Enter two numbers in format: {source base} {target base} (To quit type /exit) > 34 35
Enter number in base 34 to convert to base 35 (To go back type /back) > 77anndg6e
Conversion result: 5P96HGD4L

Enter number in base 34 to convert to base 35 (To go back type /back) > /back

Enter two numbers in format: {source base} {target base} (To quit type /exit) > /exit
]]></system-out>
  <system-err><![CDATA[]]></system-err>
</testsuite>
