<?xml version="1.0" encoding="UTF-8"?>
<testsuite name="NumeralSystemConverterTest" tests="1" skipped="0" failures="0" errors="0" timestamp="2024-04-17T02:25:39" hostname="Quocs-MBP16.local" time="1.205">
  <properties/>
  <testcase name="start" classname="NumeralSystemConverterTest" time="1.205"/>
  <system-out><![CDATA[?[1;31m
Start test 1?[0m
Enter two numbers in format: {source base} {target base} (To quit type /exit) > /exit
?[1;31m
Start test 2?[0m
Enter two numbers in format: {source base} {target base} (To quit type /exit) > 10 2
Enter number in base 10 to convert to base 2 (To go back type /back) > 6
Conversion result: 110

?[1;31m
Start test 3?[0m
Enter two numbers in format: {source base} {target base} (To quit type /exit) > 10 2
Enter number in base 10 to convert to base 2 (To go back type /back) > 7
Conversion result: 111

Enter number in base 10 to convert to base 2 (To go back type /back) > /back

Enter two numbers in format: {source base} {target base} (To quit type /exit) > 10 8
Enter number in base 10 to convert to base 8 (To go back type /back) > 215
Conversion result: 327

Enter number in base 10 to convert to base 8 (To go back type /back) > /back

Enter two numbers in format: {source base} {target base} (To quit type /exit) > /exit
?[1;31m
Start test 4?[0m
Enter two numbers in format: {source base} {target base} (To quit type /exit) > 2 2
Enter number in base 2 to convert to base 2 (To go back type /back) > 1000100000001000011011100010010111011000111001
Conversion result: 1000100000001000011011100010010111011000111001

Enter number in base 2 to convert to base 2 (To go back type /back) > /back

Enter two numbers in format: {source base} {target base} (To quit type /exit) > 2 5
Enter number in base 2 to convert to base 5 (To go back type /back) > 1101100000110111100010101010111101001100010101110
Conversion result: 444310014110002340334

Enter number in base 2 to convert to base 5 (To go back type /back) > /back

Enter two numbers in format: {source base} {target base} (To quit type /exit) > 2 8
Enter number in base 2 to convert to base 8 (To go back type /back) > 1001000110100111111000101111010110010011101011000
Conversion result: 11064770572623530

Enter number in base 2 to convert to base 8 (To go back type /back) > /back

Enter two numbers in format: {source base} {target base} (To quit type /exit) > 2 11
Enter number in base 2 to convert to base 11 (To go back type /back) > 10111001101010110111101100100110110101100011011
Conversion result: 2A583A4975A877

Enter number in base 2 to convert to base 11 (To go back type /back) > /back

Enter two numbers in format: {source base} {target base} (To quit type /exit) > 2 14
Enter number in base 2 to convert to base 14 (To go back type /back) > 11001010101110000001110110011010101100001000011
Conversion result: 1D7403783633D

Enter number in base 2 to convert to base 14 (To go back type /back) > /back

Enter two numbers in format: {source base} {target base} (To quit type /exit) > 2 17
Enter number in base 2 to convert to base 17 (To go back type /back) > 1001000011001111000110001100010001001010000110000
Conversion result: 94G44C9D00DC

Enter number in base 2 to convert to base 17 (To go back type /back) > /back

Enter two numbers in format: {source base} {target base} (To quit type /exit) > 2 20
Enter number in base 2 to convert to base 20 (To go back type /back) > 10110100100001100100010100101011000100101000011
Conversion result: 9DGEDBEBF0J

Enter number in base 2 to convert to base 20 (To go back type /back) > /back

Enter two numbers in format: {source base} {target base} (To quit type /exit) > 2 23
Enter number in base 2 to convert to base 23 (To go back type /back) > 1000011110101010010110010000110010001001101101
Conversion result: KG4C086F55

Enter number in base 2 to convert to base 23 (To go back type /back) > /back

Enter two numbers in format: {source base} {target base} (To quit type /exit) > 2 26
Enter number in base 2 to convert to base 26 (To go back type /back) > 100010010111010110101000100100001000011100110100
Conversion result: 11LJCCN3I2G

Enter number in base 2 to convert to base 26 (To go back type /back) > /back

Enter two numbers in format: {source base} {target base} (To quit type /exit) > 2 29
Enter number in base 2 to convert to base 29 (To go back type /back) > 111100000100000111110001111110110010000100001
Conversion result: 2807FPMAII

Enter number in base 2 to convert to base 29 (To go back type /back) > /back

Enter two numbers in format: {source base} {target base} (To quit type /exit) > 2 32
Enter number in base 2 to convert to base 32 (To go back type /back) > 110010010100110101010000100100011111001101010111
Conversion result: 699L893SQN

Enter number in base 2 to convert to base 32 (To go back type /back) > /back

Enter two numbers in format: {source base} {target base} (To quit type /exit) > 2 35
Enter number in base 2 to convert to base 35 (To go back type /back) > 11111110011001000101100011010011001001001000011
Conversion result: 1R3O14RYFT

Enter number in base 2 to convert to base 35 (To go back type /back) > /back

Enter two numbers in format: {source base} {target base} (To quit type /exit) > 5 2
Enter number in base 5 to convert to base 2 (To go back type /back) > 403404014430124021030
Conversion result: 1011010000011110111100111110111000010101010011100

Enter number in base 5 to convert to base 2 (To go back type /back) > /back

Enter two numbers in format: {source base} {target base} (To quit type /exit) > 5 5
Enter number in base 5 to convert to base 5 (To go back type /back) > 322442204033204203043
Conversion result: 322442204033204203043

Enter number in base 5 to convert to base 5 (To go back type /back) > /back

Enter two numbers in format: {source base} {target base} (To quit type /exit) > 5 8
Enter number in base 5 to convert to base 8 (To go back type /back) > 100101110300114242321
Conversion result: 2567336073467510

Enter number in base 5 to convert to base 8 (To go back type /back) > /back

Enter two numbers in format: {source base} {target base} (To quit type /exit) > 5 11
Enter number in base 5 to convert to base 11 (To go back type /back) > 43222130304101224341
Conversion result: 26620148869004

Enter number in base 5 to convert to base 11 (To go back type /back) > /back

Enter two numbers in format: {source base} {target base} (To quit type /exit) > 5 14
Enter number in base 5 to convert to base 14 (To go back type /back) > 101231311243023124343
Conversion result: 1ADCC67A168CC

Enter number in base 5 to convert to base 14 (To go back type /back) > /back

Enter two numbers in format: {source base} {target base} (To quit type /exit) > 5 17
Enter number in base 5 to convert to base 17 (To go back type /back) > 324342333444404200110
Conversion result: 9GF15G6D73DF

Enter number in base 5 to convert to base 17 (To go back type /back) > /back

Enter two numbers in format: {source base} {target base} (To quit type /exit) > 5 20
Enter number in base 5 to convert to base 20 (To go back type /back) > 411431302320013302203
Conversion result: 1JGE51FDECII

Enter number in base 5 to convert to base 20 (To go back type /back) > /back

Enter two numbers in format: {source base} {target base} (To quit type /exit) > 5 23
Enter number in base 5 to convert to base 23 (To go back type /back) > 301024302211312403421
Conversion result: 704IKC1KCKD

Enter number in base 5 to convert to base 23 (To go back type /back) > /back

Enter two numbers in format: {source base} {target base} (To quit type /exit) > 5 26
Enter number in base 5 to convert to base 26 (To go back type /back) > 12230432113414321420
Conversion result: 57D4GF38OF

Enter number in base 5 to convert to base 26 (To go back type /back) > /back

Enter two numbers in format: {source base} {target base} (To quit type /exit) > 5 29
Enter number in base 5 to convert to base 29 (To go back type /back) > 241014123243214431242
Conversion result: IJSIRPRD07

Enter number in base 5 to convert to base 29 (To go back type /back) > /back

Enter two numbers in format: {source base} {target base} (To quit type /exit) > 5 32
Enter number in base 5 to convert to base 32 (To go back type /back) > 204341011331443010141
Conversion result: 5U0GHNJVR5

Enter number in base 5 to convert to base 32 (To go back type /back) > /back

Enter two numbers in format: {source base} {target base} (To quit type /exit) > 5 35
Enter number in base 5 to convert to base 35 (To go back type /back) > 104220121443414434044
Conversion result: 1EX0N4Y3RT

Enter number in base 5 to convert to base 35 (To go back type /back) > /back

Enter two numbers in format: {source base} {target base} (To quit type /exit) > 8 2
Enter number in base 8 to convert to base 2 (To go back type /back) > 11024707661234576
Conversion result: 1001000010100111000111110110001010011100101111110

Enter number in base 8 to convert to base 2 (To go back type /back) > /back

Enter two numbers in format: {source base} {target base} (To quit type /exit) > 8 5
Enter number in base 8 to convert to base 5 (To go back type /back) > 1513047016353412
Conversion result: 30043204412313423232

Enter number in base 8 to convert to base 5 (To go back type /back) > /back

Enter two numbers in format: {source base} {target base} (To quit type /exit) > 8 8
Enter number in base 8 to convert to base 8 (To go back type /back) > 3467601560332503
Conversion result: 3467601560332503

Enter number in base 8 to convert to base 8 (To go back type /back) > /back

Enter two numbers in format: {source base} {target base} (To quit type /exit) > 8 11
Enter number in base 8 to convert to base 11 (To go back type /back) > 6002200423736130
Conversion result: 61350288953543

Enter number in base 8 to convert to base 11 (To go back type /back) > /back

Enter two numbers in format: {source base} {target base} (To quit type /exit) > 8 14
Enter number in base 8 to convert to base 14 (To go back type /back) > 5163370631600305
Conversion result: 3358ABAC55457

Enter number in base 8 to convert to base 14 (To go back type /back) > /back

Enter two numbers in format: {source base} {target base} (To quit type /exit) > 8 17
Enter number in base 8 to convert to base 17 (To go back type /back) > 6525667227531423
Conversion result: 6E6494G4AAE2

Enter number in base 8 to convert to base 17 (To go back type /back) > /back

Enter two numbers in format: {source base} {target base} (To quit type /exit) > 8 20
Enter number in base 8 to convert to base 20 (To go back type /back) > 13314352605231234
Conversion result: 1J3729C5407G

Enter number in base 8 to convert to base 20 (To go back type /back) > /back

Enter two numbers in format: {source base} {target base} (To quit type /exit) > 8 23
Enter number in base 8 to convert to base 23 (To go back type /back) > 2155673053377645
Conversion result: 1K5MHEGMA3D

Enter number in base 8 to convert to base 23 (To go back type /back) > /back

Enter two numbers in format: {source base} {target base} (To quit type /exit) > 8 26
Enter number in base 8 to convert to base 26 (To go back type /back) > 15421140607250530
Conversion result: 39I5E46NK5E

Enter number in base 8 to convert to base 26 (To go back type /back) > /back

Enter two numbers in format: {source base} {target base} (To quit type /exit) > 8 29
Enter number in base 8 to convert to base 29 (To go back type /back) > 655506343272707
Conversion result: 210GK63S7S

Enter number in base 8 to convert to base 29 (To go back type /back) > /back

Enter two numbers in format: {source base} {target base} (To quit type /exit) > 8 32
Enter number in base 8 to convert to base 32 (To go back type /back) > 12651035435111224
Conversion result: AQI3M794KK

Enter number in base 8 to convert to base 32 (To go back type /back) > /back

Enter two numbers in format: {source base} {target base} (To quit type /exit) > 8 35
Enter number in base 8 to convert to base 35 (To go back type /back) > 14403225773342223
Conversion result: 5KE7UUQMLC

Enter number in base 8 to convert to base 35 (To go back type /back) > /back

Enter two numbers in format: {source base} {target base} (To quit type /exit) > 11 2
Enter number in base 11 to convert to base 2 (To go back type /back) > 18916144969027
Conversion result: 1110001001101011111101100100001101011110011011

Enter number in base 11 to convert to base 2 (To go back type /back) > /back

Enter two numbers in format: {source base} {target base} (To quit type /exit) > 11 5
Enter number in base 11 to convert to base 5 (To go back type /back) > 64550465a88965
Conversion result: 212444403300000133311

Enter number in base 11 to convert to base 5 (To go back type /back) > /back

Enter two numbers in format: {source base} {target base} (To quit type /exit) > 11 8
Enter number in base 11 to convert to base 8 (To go back type /back) > 4812a731672546
Conversion result: 4514075352442456

Enter number in base 11 to convert to base 8 (To go back type /back) > /back

Enter two numbers in format: {source base} {target base} (To quit type /exit) > 11 11
Enter number in base 11 to convert to base 11 (To go back type /back) > a1a80460862081
Conversion result: A1A80460862081

Enter number in base 11 to convert to base 11 (To go back type /back) > /back

Enter two numbers in format: {source base} {target base} (To quit type /exit) > 11 14
Enter number in base 11 to convert to base 14 (To go back type /back) > 43272332146417
Conversion result: 288800915246B

Enter number in base 11 to convert to base 14 (To go back type /back) > /back

Enter two numbers in format: {source base} {target base} (To quit type /exit) > 11 17
Enter number in base 11 to convert to base 17 (To go back type /back) > 10832616789a681
Conversion result: BE4CG6CGBA3B

Enter number in base 11 to convert to base 17 (To go back type /back) > /back

Enter two numbers in format: {source base} {target base} (To quit type /exit) > 11 20
Enter number in base 11 to convert to base 20 (To go back type /back) > 121162a879a5a99
Conversion result: 243B33641AIA

Enter number in base 11 to convert to base 20 (To go back type /back) > /back

Enter two numbers in format: {source base} {target base} (To quit type /exit) > 11 23
Enter number in base 11 to convert to base 23 (To go back type /back) > 1208262907a2007
Conversion result: AKALAIMIG41

Enter number in base 11 to convert to base 23 (To go back type /back) > /back

Enter two numbers in format: {source base} {target base} (To quit type /exit) > 11 26
Enter number in base 11 to convert to base 26 (To go back type /back) > 8462441a800480
Conversion result: 21D3MC4P3MH

Enter number in base 11 to convert to base 26 (To go back type /back) > /back

Enter two numbers in format: {source base} {target base} (To quit type /exit) > 11 29
Enter number in base 11 to convert to base 29 (To go back type /back) > 84347182825506
Conversion result: JS40EN3O64

Enter number in base 11 to convert to base 29 (To go back type /back) > /back

Enter two numbers in format: {source base} {target base} (To quit type /exit) > 11 32
Enter number in base 11 to convert to base 32 (To go back type /back) > 7a5349725661a0
Conversion result: 7PMN41BR7J

Enter number in base 11 to convert to base 32 (To go back type /back) > /back

Enter two numbers in format: {source base} {target base} (To quit type /exit) > 11 35
Enter number in base 11 to convert to base 35 (To go back type /back) > 925529a6021206
Conversion result: 41G09KF17Y

Enter number in base 11 to convert to base 35 (To go back type /back) > /back

Enter two numbers in format: {source base} {target base} (To quit type /exit) > 14 2
Enter number in base 14 to convert to base 2 (To go back type /back) > 466508614000c
Conversion result: 111001100000010111010111011000111011000010101100

Enter number in base 14 to convert to base 2 (To go back type /back) > /back

Enter two numbers in format: {source base} {target base} (To quit type /exit) > 14 5
Enter number in base 14 to convert to base 5 (To go back type /back) > 679c2b16168c1
Conversion result: 342133424102332212434

Enter number in base 14 to convert to base 5 (To go back type /back) > /back

Enter two numbers in format: {source base} {target base} (To quit type /exit) > 14 8
Enter number in base 14 to convert to base 8 (To go back type /back) > 264a672ab4799
Conversion result: 3747442200667463

Enter number in base 14 to convert to base 8 (To go back type /back) > /back

Enter two numbers in format: {source base} {target base} (To quit type /exit) > 14 11
Enter number in base 14 to convert to base 11 (To go back type /back) > 5a427275cc28c
Conversion result: 946796462A0089

Enter number in base 14 to convert to base 11 (To go back type /back) > /back

Enter two numbers in format: {source base} {target base} (To quit type /exit) > 14 14
Enter number in base 14 to convert to base 14 (To go back type /back) > 5b7c9dad36710
Conversion result: 5B7C9DAD36710

Enter number in base 14 to convert to base 14 (To go back type /back) > /back

Enter two numbers in format: {source base} {target base} (To quit type /exit) > 14 17
Enter number in base 14 to convert to base 17 (To go back type /back) > 6c37b1314dad
Conversion result: DDD41B2C4C8

Enter number in base 14 to convert to base 17 (To go back type /back) > /back

Enter two numbers in format: {source base} {target base} (To quit type /exit) > 14 20
Enter number in base 14 to convert to base 20 (To go back type /back) > 23944a05d2c66
Conversion result: CA8J4CF3D16

Enter number in base 14 to convert to base 20 (To go back type /back) > /back

Enter two numbers in format: {source base} {target base} (To quit type /exit) > 14 23
Enter number in base 14 to convert to base 23 (To go back type /back) > 53c5cb8262086
Conversion result: 752IFC26AK7

Enter number in base 14 to convert to base 23 (To go back type /back) > /back

Enter two numbers in format: {source base} {target base} (To quit type /exit) > 14 26
Enter number in base 14 to convert to base 26 (To go back type /back) > 8512b4ac793d9
Conversion result: 398DEM5KDE3

Enter number in base 14 to convert to base 26 (To go back type /back) > /back

Enter two numbers in format: {source base} {target base} (To quit type /exit) > 14 29
Enter number in base 14 to convert to base 29 (To go back type /back) > 19d8b8c109310
Conversion result: 6K20MERS43

Enter number in base 14 to convert to base 29 (To go back type /back) > /back

Enter two numbers in format: {source base} {target base} (To quit type /exit) > 14 32
Enter number in base 14 to convert to base 32 (To go back type /back) > 2587bb445cb1
Conversion result: 8QUI4H0R3

Enter number in base 14 to convert to base 32 (To go back type /back) > /back

Enter two numbers in format: {source base} {target base} (To quit type /exit) > 14 35
Enter number in base 14 to convert to base 35 (To go back type /back) > 2a798d7180578
Conversion result: 1YBB1KNQWF

Enter number in base 14 to convert to base 35 (To go back type /back) > /back

Enter two numbers in format: {source base} {target base} (To quit type /exit) > 17 2
Enter number in base 17 to convert to base 2 (To go back type /back) > b84f31b2ed50
Conversion result: 1011001100001000100110101001011110001100011010111

Enter number in base 17 to convert to base 2 (To go back type /back) > /back

Enter two numbers in format: {source base} {target base} (To quit type /exit) > 17 5
Enter number in base 17 to convert to base 5 (To go back type /back) > 202471aa92g3
Conversion result: 33004403012421011104

Enter number in base 17 to convert to base 5 (To go back type /back) > /back

Enter two numbers in format: {source base} {target base} (To quit type /exit) > 17 8
Enter number in base 17 to convert to base 8 (To go back type /back) > d36eead8f47f
Conversion result: 14667202361135132

Enter number in base 17 to convert to base 8 (To go back type /back) > /back

Enter two numbers in format: {source base} {target base} (To quit type /exit) > 17 11
Enter number in base 17 to convert to base 11 (To go back type /back) > 25eed06cc2ca
Conversion result: 23682A30121556

Enter number in base 17 to convert to base 11 (To go back type /back) > /back

Enter two numbers in format: {source base} {target base} (To quit type /exit) > 17 14
Enter number in base 17 to convert to base 14 (To go back type /back) > 48cae377bg62
Conversion result: 2A2C2C56DB056

Enter number in base 17 to convert to base 14 (To go back type /back) > /back

Enter two numbers in format: {source base} {target base} (To quit type /exit) > 17 17
Enter number in base 17 to convert to base 17 (To go back type /back) > bb4072dd5eb8
Conversion result: BB4072DD5EB8

Enter number in base 17 to convert to base 17 (To go back type /back) > /back

Enter two numbers in format: {source base} {target base} (To quit type /exit) > 17 20
Enter number in base 17 to convert to base 20 (To go back type /back) > 6g1dgbdf7664
Conversion result: 1350I5DCGIB6

Enter number in base 17 to convert to base 20 (To go back type /back) > /back

Enter two numbers in format: {source base} {target base} (To quit type /exit) > 17 23
Enter number in base 17 to convert to base 23 (To go back type /back) > 2eg8f717a6b1
Conversion result: 28IG65MFC24

Enter number in base 17 to convert to base 23 (To go back type /back) > /back

Enter two numbers in format: {source base} {target base} (To quit type /exit) > 17 26
Enter number in base 17 to convert to base 26 (To go back type /back) > 1147ab050dfe
Conversion result: 6K7I7PCI3B

Enter number in base 17 to convert to base 26 (To go back type /back) > /back

Enter two numbers in format: {source base} {target base} (To quit type /exit) > 17 29
Enter number in base 17 to convert to base 29 (To go back type /back) > 1fd90626a9b0
Conversion result: 4G4OS1IBG8

Enter number in base 17 to convert to base 29 (To go back type /back) > /back

Enter two numbers in format: {source base} {target base} (To quit type /exit) > 17 32
Enter number in base 17 to convert to base 32 (To go back type /back) > 1b0392ad477c
Conversion result: 1JBI41AS3V

Enter number in base 17 to convert to base 32 (To go back type /back) > /back

Enter two numbers in format: {source base} {target base} (To quit type /exit) > 17 35
Enter number in base 17 to convert to base 35 (To go back type /back) > d1g4e29g3aed
Conversion result: 5OL41J0UWD

Enter number in base 17 to convert to base 35 (To go back type /back) > /back

Enter two numbers in format: {source base} {target base} (To quit type /exit) > /exit
?[1;31m
Start test 5?[0m
Enter two numbers in format: {source base} {target base} (To quit type /exit) > 19 2
Enter number in base 19 to convert to base 2 (To go back type /back) > 3ce8c4bi94a4
Conversion result: 1100001001111111110001000001001001101001010000011

Enter number in base 19 to convert to base 2 (To go back type /back) > /back

Enter two numbers in format: {source base} {target base} (To quit type /exit) > 19 5
Enter number in base 19 to convert to base 5 (To go back type /back) > d905gb2bi6e
Conversion result: 41312014014334212041

Enter number in base 19 to convert to base 5 (To go back type /back) > /back

Enter two numbers in format: {source base} {target base} (To quit type /exit) > 19 8
Enter number in base 19 to convert to base 8 (To go back type /back) > 39bcceacei4a
Conversion result: 13467162003372155

Enter number in base 19 to convert to base 8 (To go back type /back) > /back

Enter two numbers in format: {source base} {target base} (To quit type /exit) > 19 11
Enter number in base 19 to convert to base 11 (To go back type /back) > 26c813887f43
Conversion result: 7A262874756168

Enter number in base 19 to convert to base 11 (To go back type /back) > /back

Enter two numbers in format: {source base} {target base} (To quit type /exit) > 19 14
Enter number in base 19 to convert to base 14 (To go back type /back) > 2a3026239b94
Conversion result: 52CAA1CC63599

Enter number in base 19 to convert to base 14 (To go back type /back) > /back

Enter two numbers in format: {source base} {target base} (To quit type /exit) > 19 17
Enter number in base 19 to convert to base 17 (To go back type /back) > 6fe4h0eehig
Conversion result: 13D10F155C5G

Enter number in base 19 to convert to base 17 (To go back type /back) > /back

Enter two numbers in format: {source base} {target base} (To quit type /exit) > 19 20
Enter number in base 19 to convert to base 20 (To go back type /back) > 445b77fh667f
Conversion result: 281A357AG58G

Enter number in base 19 to convert to base 20 (To go back type /back) > /back

Enter two numbers in format: {source base} {target base} (To quit type /exit) > 19 23
Enter number in base 19 to convert to base 23 (To go back type /back) > 2chcbcg207g9
Conversion result: 7C880GCM68H

Enter number in base 19 to convert to base 23 (To go back type /back) > /back

Enter two numbers in format: {source base} {target base} (To quit type /exit) > 19 26
Enter number in base 19 to convert to base 26 (To go back type /back) > 222gg4h0153a
Conversion result: 1J8LNK4JK24

Enter number in base 19 to convert to base 26 (To go back type /back) > /back

Enter two numbers in format: {source base} {target base} (To quit type /exit) > 19 29
Enter number in base 19 to convert to base 29 (To go back type /back) > 3f9f96e7g5hi
Conversion result: 11IM9K0JFOL

Enter number in base 19 to convert to base 29 (To go back type /back) > /back

Enter two numbers in format: {source base} {target base} (To quit type /exit) > 19 32
Enter number in base 19 to convert to base 32 (To go back type /back) > 31964943e4ga
Conversion result: A64VCNG3TV

Enter number in base 19 to convert to base 32 (To go back type /back) > /back

Enter two numbers in format: {source base} {target base} (To quit type /exit) > 19 35
Enter number in base 19 to convert to base 35 (To go back type /back) > 2b594b709bd0
Conversion result: 3T6U32LEIM

Enter number in base 19 to convert to base 35 (To go back type /back) > /back

Enter two numbers in format: {source base} {target base} (To quit type /exit) > 22 2
Enter number in base 22 to convert to base 2 (To go back type /back) > dia366509e7
Conversion result: 1010011100100110011010000010101001001000111001111

Enter number in base 22 to convert to base 2 (To go back type /back) > /back

Enter two numbers in format: {source base} {target base} (To quit type /exit) > 22 5
Enter number in base 22 to convert to base 5 (To go back type /back) > bh5dcch4825
Conversion result: 312011020441211002044

Enter number in base 22 to convert to base 5 (To go back type /back) > /back

Enter two numbers in format: {source base} {target base} (To quit type /exit) > 22 8
Enter number in base 22 to convert to base 8 (To go back type /back) > 88b02c3ga5i
Conversion result: 6251241147017030

Enter number in base 22 to convert to base 8 (To go back type /back) > /back

Enter two numbers in format: {source base} {target base} (To quit type /exit) > 22 11
Enter number in base 22 to convert to base 11 (To go back type /back) > 638f6b07lbk
Conversion result: 480A03A9058919

Enter number in base 22 to convert to base 11 (To go back type /back) > /back

Enter two numbers in format: {source base} {target base} (To quit type /exit) > 22 14
Enter number in base 22 to convert to base 14 (To go back type /back) > ggabiee281c
Conversion result: 7BBD03952CA0A

Enter number in base 22 to convert to base 14 (To go back type /back) > /back

Enter two numbers in format: {source base} {target base} (To quit type /exit) > 22 17
Enter number in base 22 to convert to base 17 (To go back type /back) > hif539kjg15
Conversion result: DE2CEE06DF1B

Enter number in base 22 to convert to base 17 (To go back type /back) > /back

Enter two numbers in format: {source base} {target base} (To quit type /exit) > 22 20
Enter number in base 22 to convert to base 20 (To go back type /back) > 900fif5flkb
Conversion result: 136J06H9GIF3

Enter number in base 22 to convert to base 20 (To go back type /back) > /back

Enter two numbers in format: {source base} {target base} (To quit type /exit) > 22 23
Enter number in base 22 to convert to base 23 (To go back type /back) > 97gc6l0b8g4
Conversion result: 5MKLM4MFL6M

Enter number in base 22 to convert to base 23 (To go back type /back) > /back

Enter two numbers in format: {source base} {target base} (To quit type /exit) > 22 26
Enter number in base 22 to convert to base 26 (To go back type /back) > 6i27d4d58l2
Conversion result: 179KHBJP1FM

Enter number in base 22 to convert to base 26 (To go back type /back) > /back

Enter two numbers in format: {source base} {target base} (To quit type /exit) > 22 29
Enter number in base 22 to convert to base 29 (To go back type /back) > a1h4fg6bb82
Conversion result: ID6QH6N751

Enter number in base 22 to convert to base 29 (To go back type /back) > /back

Enter two numbers in format: {source base} {target base} (To quit type /exit) > 22 32
Enter number in base 22 to convert to base 32 (To go back type /back) > 3hl9c02gb0
Conversion result: 463LT2QD2

Enter number in base 22 to convert to base 32 (To go back type /back) > /back

Enter two numbers in format: {source base} {target base} (To quit type /exit) > 22 35
Enter number in base 22 to convert to base 35 (To go back type /back) > e3c5hlcik5d
Conversion result: 4R13DDP81S

Enter number in base 22 to convert to base 35 (To go back type /back) > /back

Enter two numbers in format: {source base} {target base} (To quit type /exit) > 25 2
Enter number in base 25 to convert to base 2 (To go back type /back) > 3o132eci8k7
Conversion result: 1010101111010000110011001110000100100100101011000

Enter number in base 25 to convert to base 2 (To go back type /back) > /back

Enter two numbers in format: {source base} {target base} (To quit type /exit) > 25 5
Enter number in base 25 to convert to base 5 (To go back type /back) > ef1cmj8lfc
Conversion result: 24300122423413413022

Enter number in base 25 to convert to base 5 (To go back type /back) > /back

Enter two numbers in format: {source base} {target base} (To quit type /exit) > 25 8
Enter number in base 25 to convert to base 8 (To go back type /back) > 262764bblh9
Conversion result: 6051553015401450

Enter number in base 25 to convert to base 8 (To go back type /back) > /back

Enter two numbers in format: {source base} {target base} (To quit type /exit) > 25 11
Enter number in base 25 to convert to base 11 (To go back type /back) > 4mn9em4im7a
Conversion result: 126475343833475

Enter number in base 25 to convert to base 11 (To go back type /back) > /back

Enter two numbers in format: {source base} {target base} (To quit type /exit) > 25 14
Enter number in base 25 to convert to base 14 (To go back type /back) > 161ffni7c3l
Conversion result: 213987041876A

Enter number in base 25 to convert to base 14 (To go back type /back) > /back

Enter two numbers in format: {source base} {target base} (To quit type /exit) > 25 17
Enter number in base 25 to convert to base 17 (To go back type /back) > 4nb59mb3el9
Conversion result: DCA0G5EB76D9

Enter number in base 25 to convert to base 17 (To go back type /back) > /back

Enter two numbers in format: {source base} {target base} (To quit type /exit) > 25 20
Enter number in base 25 to convert to base 20 (To go back type /back) > dal27e64nd
Conversion result: 501FDEG445D

Enter number in base 25 to convert to base 20 (To go back type /back) > /back

Enter two numbers in format: {source base} {target base} (To quit type /exit) > 25 23
Enter number in base 25 to convert to base 23 (To go back type /back) > 3bcb3kd5l0j
Conversion result: 7M4B9J8F68F

Enter number in base 25 to convert to base 23 (To go back type /back) > /back

Enter two numbers in format: {source base} {target base} (To quit type /exit) > 25 26
Enter number in base 25 to convert to base 26 (To go back type /back) > 2e320k18ecf
Conversion result: 1J196DA63H5

Enter number in base 25 to convert to base 26 (To go back type /back) > /back

Enter two numbers in format: {source base} {target base} (To quit type /exit) > 25 29
Enter number in base 25 to convert to base 29 (To go back type /back) > 1jojba1do53
Conversion result: BO2E9BF0CS

Enter number in base 25 to convert to base 29 (To go back type /back) > /back

Enter two numbers in format: {source base} {target base} (To quit type /exit) > 25 32
Enter number in base 25 to convert to base 32 (To go back type /back) > 3d8clgcc5nh
Conversion result: 9IFOPSHC9U

Enter number in base 25 to convert to base 32 (To go back type /back) > /back

Enter two numbers in format: {source base} {target base} (To quit type /exit) > 25 35
Enter number in base 25 to convert to base 35 (To go back type /back) > 1d0agdcfnmn
Conversion result: 1TE1I71M3I

Enter number in base 25 to convert to base 35 (To go back type /back) > /back

Enter two numbers in format: {source base} {target base} (To quit type /exit) > 28 2
Enter number in base 28 to convert to base 2 (To go back type /back) > 10po7qbc0a9
Conversion result: 1000101100100011100010001110110010111100100100001

Enter number in base 28 to convert to base 2 (To go back type /back) > /back

Enter two numbers in format: {source base} {target base} (To quit type /exit) > 28 5
Enter number in base 28 to convert to base 5 (To go back type /back) > nj2dha2hql
Conversion result: 230313424312132433131

Enter number in base 28 to convert to base 5 (To go back type /back) > /back

Enter two numbers in format: {source base} {target base} (To quit type /exit) > 28 8
Enter number in base 28 to convert to base 8 (To go back type /back) > 1ij18f21qr3
Conversion result: 16021634465747127

Enter number in base 28 to convert to base 8 (To go back type /back) > /back

Enter two numbers in format: {source base} {target base} (To quit type /exit) > 28 11
Enter number in base 28 to convert to base 11 (To go back type /back) > 905i06rb3j
Conversion result: 283A5A7919322A

Enter number in base 28 to convert to base 11 (To go back type /back) > /back

Enter two numbers in format: {source base} {target base} (To quit type /exit) > 28 14
Enter number in base 28 to convert to base 14 (To go back type /back) > h2akpfef68
Conversion result: 328B8385A44C8

Enter number in base 28 to convert to base 14 (To go back type /back) > /back

Enter two numbers in format: {source base} {target base} (To quit type /exit) > 28 17
Enter number in base 28 to convert to base 17 (To go back type /back) > 16grmnp7515
Conversion result: ABA0GD1C6B43

Enter number in base 28 to convert to base 17 (To go back type /back) > /back

Enter two numbers in format: {source base} {target base} (To quit type /exit) > 28 20
Enter number in base 28 to convert to base 20 (To go back type /back) > 1bro07n8da0
Conversion result: 2166EDF7C514

Enter number in base 28 to convert to base 20 (To go back type /back) > /back

Enter two numbers in format: {source base} {target base} (To quit type /exit) > 28 23
Enter number in base 28 to convert to base 23 (To go back type /back) > m8ijna6f9k
Conversion result: 5G0EELDH21B

Enter number in base 28 to convert to base 23 (To go back type /back) > /back

Enter two numbers in format: {source base} {target base} (To quit type /exit) > 28 26
Enter number in base 28 to convert to base 26 (To go back type /back) > 194c5l0ahpj
Conversion result: 2KA86A4KJAF

Enter number in base 28 to convert to base 26 (To go back type /back) > /back

Enter two numbers in format: {source base} {target base} (To quit type /exit) > 28 29
Enter number in base 28 to convert to base 29 (To go back type /back) > d178hrh72l
Conversion result: 9EOOF0M7A8

Enter number in base 28 to convert to base 29 (To go back type /back) > /back

Enter two numbers in format: {source base} {target base} (To quit type /exit) > 28 32
Enter number in base 28 to convert to base 32 (To go back type /back) > 7i551r74ff
Conversion result: 29J262SJ9J

Enter number in base 28 to convert to base 32 (To go back type /back) > /back

Enter two numbers in format: {source base} {target base} (To quit type /exit) > 28 35
Enter number in base 28 to convert to base 35 (To go back type /back) > jg9ar2er9b
Conversion result: 2LYTDIAEEI

Enter number in base 28 to convert to base 35 (To go back type /back) > /back

Enter two numbers in format: {source base} {target base} (To quit type /exit) > 31 2
Enter number in base 31 to convert to base 2 (To go back type /back) > 83ia8kcbom
Conversion result: 110000110010100011001100101100101000100111111100

Enter number in base 31 to convert to base 2 (To go back type /back) > /back

Enter two numbers in format: {source base} {target base} (To quit type /exit) > 31 5
Enter number in base 31 to convert to base 5 (To go back type /back) > hi7ilur64t
Conversion result: 441423112241433422312

Enter number in base 31 to convert to base 5 (To go back type /back) > /back

Enter two numbers in format: {source base} {target base} (To quit type /exit) > 31 8
Enter number in base 31 to convert to base 8 (To go back type /back) > 2bhc4760pb
Conversion result: 1620765736626563

Enter number in base 31 to convert to base 8 (To go back type /back) > /back

Enter two numbers in format: {source base} {target base} (To quit type /exit) > 31 11
Enter number in base 31 to convert to base 11 (To go back type /back) > d431b830jn
Conversion result: A06A5116041470

Enter number in base 31 to convert to base 11 (To go back type /back) > /back

Enter two numbers in format: {source base} {target base} (To quit type /exit) > 31 14
Enter number in base 31 to convert to base 14 (To go back type /back) > f4upefpd9e
Conversion result: 70DB607375070

Enter number in base 31 to convert to base 14 (To go back type /back) > /back

Enter two numbers in format: {source base} {target base} (To quit type /exit) > 31 17
Enter number in base 31 to convert to base 17 (To go back type /back) > 9uclqtnkos
Conversion result: 7BF4GG81CEGA

Enter number in base 31 to convert to base 17 (To go back type /back) > /back

Enter two numbers in format: {source base} {target base} (To quit type /exit) > 31 20
Enter number in base 31 to convert to base 20 (To go back type /back) > 3arljf9ifs
Conversion result: 8D1686BI85F

Enter number in base 31 to convert to base 20 (To go back type /back) > /back

Enter two numbers in format: {source base} {target base} (To quit type /exit) > 31 23
Enter number in base 31 to convert to base 23 (To go back type /back) > 6boag4uut7
Conversion result: 41F2393152E

Enter number in base 31 to convert to base 23 (To go back type /back) > /back

Enter two numbers in format: {source base} {target base} (To quit type /exit) > 31 26
Enter number in base 31 to convert to base 26 (To go back type /back) > i8td571n7g
Conversion result: 3B1DM192DBL

Enter number in base 31 to convert to base 26 (To go back type /back) > /back

Enter two numbers in format: {source base} {target base} (To quit type /exit) > 31 29
Enter number in base 31 to convert to base 29 (To go back type /back) > ern81rrtpb
Conversion result: R47DENMGB7

Enter number in base 31 to convert to base 29 (To go back type /back) > /back

Enter two numbers in format: {source base} {target base} (To quit type /exit) > 31 32
Enter number in base 31 to convert to base 32 (To go back type /back) > ed52ctr3rm
Conversion result: AQRLLCUJQG

Enter number in base 31 to convert to base 32 (To go back type /back) > /back

Enter two numbers in format: {source base} {target base} (To quit type /exit) > 31 35
Enter number in base 31 to convert to base 35 (To go back type /back) > 5rsckiu32k
Conversion result: 1Y9QSRBJVP

Enter number in base 31 to convert to base 35 (To go back type /back) > /back

Enter two numbers in format: {source base} {target base} (To quit type /exit) > 34 2
Enter number in base 34 to convert to base 2 (To go back type /back) > 1rdwdjfug0
Conversion result: 11000111011110110101011110010101101110011100000

Enter number in base 34 to convert to base 2 (To go back type /back) > /back

Enter two numbers in format: {source base} {target base} (To quit type /exit) > 34 5
Enter number in base 34 to convert to base 5 (To go back type /back) > 58o0sc3wne
Conversion result: 313312134204421433143

Enter number in base 34 to convert to base 5 (To go back type /back) > /back

Enter two numbers in format: {source base} {target base} (To quit type /exit) > 34 8
Enter number in base 34 to convert to base 8 (To go back type /back) > 78ixdrdh2
Conversion result: 274345416510300

Enter number in base 34 to convert to base 8 (To go back type /back) > /back

Enter two numbers in format: {source base} {target base} (To quit type /exit) > 34 11
Enter number in base 34 to convert to base 11 (To go back type /back) > 70cv33837r
Conversion result: 113705214973112

Enter number in base 34 to convert to base 11 (To go back type /back) > /back

Enter two numbers in format: {source base} {target base} (To quit type /exit) > 34 14
Enter number in base 34 to convert to base 14 (To go back type /back) > 1t328o27hb
Conversion result: 1DB70D19BA917

Enter number in base 34 to convert to base 14 (To go back type /back) > /back

Enter two numbers in format: {source base} {target base} (To quit type /exit) > 34 17
Enter number in base 34 to convert to base 17 (To go back type /back) > 1e3lpvk7f6
Conversion result: 28A76FDC8CD6

Enter number in base 34 to convert to base 17 (To go back type /back) > /back

Enter two numbers in format: {source base} {target base} (To quit type /exit) > 34 20
Enter number in base 34 to convert to base 20 (To go back type /back) > 6vxseh9997
Conversion result: 2132909J87D1

Enter number in base 34 to convert to base 20 (To go back type /back) > /back

Enter two numbers in format: {source base} {target base} (To quit type /exit) > 34 23
Enter number in base 34 to convert to base 23 (To go back type /back) > 5c77d4mun2
Conversion result: 7JF3839K3K7

Enter number in base 34 to convert to base 23 (To go back type /back) > /back

Enter two numbers in format: {source base} {target base} (To quit type /exit) > 34 26
Enter number in base 34 to convert to base 26 (To go back type /back) > 1rxwq7cs9c
Conversion result: KA4M4IHH0I

Enter number in base 34 to convert to base 26 (To go back type /back) > /back

Enter two numbers in format: {source base} {target base} (To quit type /exit) > 34 29
Enter number in base 34 to convert to base 29 (To go back type /back) > 264qvna2vm
Conversion result: 93JCOMLJMP

Enter number in base 34 to convert to base 29 (To go back type /back) > /back

Enter two numbers in format: {source base} {target base} (To quit type /exit) > 34 32
Enter number in base 34 to convert to base 32 (To go back type /back) > 1jqm8fejwe
Conversion result: 2NBAP8DT7Q

Enter number in base 34 to convert to base 32 (To go back type /back) > /back

Enter two numbers in format: {source base} {target base} (To quit type /exit) > 34 35
Enter number in base 34 to convert to base 35 (To go back type /back) > 57576w1p11
Conversion result: 40H1L20PEJ

Enter number in base 34 to convert to base 35 (To go back type /back) > /back

Enter two numbers in format: {source base} {target base} (To quit type /exit) > /exit
?[1;31m
Start test 6?[0m
Enter two numbers in format: {source base} {target base} (To quit type /exit) > 2 5
Enter number in base 2 to convert to base 5 (To go back type /back) > 111101010.00000
Conversion result: 3430.00000

Enter number in base 2 to convert to base 5 (To go back type /back) > /back

Enter two numbers in format: {source base} {target base} (To quit type /exit) > 2 8
Enter number in base 2 to convert to base 8 (To go back type /back) > 1011101.11000
Conversion result: 135.60000

Enter number in base 2 to convert to base 8 (To go back type /back) > /back

Enter two numbers in format: {source base} {target base} (To quit type /exit) > 2 11
Enter number in base 2 to convert to base 11 (To go back type /back) > 1011010.00000
Conversion result: 82.00000

Enter number in base 2 to convert to base 11 (To go back type /back) > /back

Enter two numbers in format: {source base} {target base} (To quit type /exit) > 2 14
Enter number in base 2 to convert to base 14 (To go back type /back) > 1101011011.00000
Conversion result: 455.00000

Enter number in base 2 to convert to base 14 (To go back type /back) > /back

Enter two numbers in format: {source base} {target base} (To quit type /exit) > 2 17
Enter number in base 2 to convert to base 17 (To go back type /back) > 110101.10000
Conversion result: 32.88888

Enter number in base 2 to convert to base 17 (To go back type /back) > /back

Enter two numbers in format: {source base} {target base} (To quit type /exit) > 2 20
Enter number in base 2 to convert to base 20 (To go back type /back) > 111011101.11000
Conversion result: 13H.F0000

Enter number in base 2 to convert to base 20 (To go back type /back) > /back

Enter two numbers in format: {source base} {target base} (To quit type /exit) > 2 23
Enter number in base 2 to convert to base 23 (To go back type /back) > 1011100000.01000
Conversion result: 190.5H5H5

Enter number in base 2 to convert to base 23 (To go back type /back) > /back

Enter two numbers in format: {source base} {target base} (To quit type /exit) > 2 26
Enter number in base 2 to convert to base 26 (To go back type /back) > 111101.11000
Conversion result: 29.JD000

Enter number in base 2 to convert to base 26 (To go back type /back) > /back

Enter two numbers in format: {source base} {target base} (To quit type /exit) > 2 29
Enter number in base 2 to convert to base 29 (To go back type /back) > 10010000.01000
Conversion result: 4S.77777

Enter number in base 2 to convert to base 29 (To go back type /back) > /back

Enter two numbers in format: {source base} {target base} (To quit type /exit) > 2 32
Enter number in base 2 to convert to base 32 (To go back type /back) > 100100111.10000
Conversion result: 97.G0000

Enter number in base 2 to convert to base 32 (To go back type /back) > /back

Enter two numbers in format: {source base} {target base} (To quit type /exit) > 2 35
Enter number in base 2 to convert to base 35 (To go back type /back) > 100001111.10000
Conversion result: 7Q.HHHHH

Enter number in base 2 to convert to base 35 (To go back type /back) > /back

Enter two numbers in format: {source base} {target base} (To quit type /exit) > 5 2
Enter number in base 5 to convert to base 2 (To go back type /back) > 2033.31043
Conversion result: 100001100.10100

Enter number in base 5 to convert to base 2 (To go back type /back) > /back

Enter two numbers in format: {source base} {target base} (To quit type /exit) > 5 8
Enter number in base 5 to convert to base 8 (To go back type /back) > 144.41301
Conversion result: 61.67242

Enter number in base 5 to convert to base 8 (To go back type /back) > /back

Enter two numbers in format: {source base} {target base} (To quit type /exit) > 5 11
Enter number in base 5 to convert to base 11 (To go back type /back) > 2012.34042
Conversion result: 214.848A2

Enter number in base 5 to convert to base 11 (To go back type /back) > /back

Enter two numbers in format: {source base} {target base} (To quit type /exit) > 5 14
Enter number in base 5 to convert to base 14 (To go back type /back) > 300.20421
Conversion result: 55.6150D

Enter number in base 5 to convert to base 14 (To go back type /back) > /back

Enter two numbers in format: {source base} {target base} (To quit type /exit) > 5 17
Enter number in base 5 to convert to base 17 (To go back type /back) > 10430.12140
Conversion result: 299.50169

Enter number in base 5 to convert to base 17 (To go back type /back) > /back

Enter two numbers in format: {source base} {target base} (To quit type /exit) > 5 20
Enter number in base 5 to convert to base 20 (To go back type /back) > 10001.34342
Conversion result: 1B6.FG868

Enter number in base 5 to convert to base 20 (To go back type /back) > /back

Enter two numbers in format: {source base} {target base} (To quit type /exit) > 5 23
Enter number in base 5 to convert to base 23 (To go back type /back) > 12304.13200
Conversion result: 1IB.7GH2D

Enter number in base 5 to convert to base 23 (To go back type /back) > /back

Enter two numbers in format: {source base} {target base} (To quit type /exit) > 5 26
Enter number in base 5 to convert to base 26 (To go back type /back) > 11013.24121
Conversion result: 134.EM90O

Enter number in base 5 to convert to base 26 (To go back type /back) > /back

Enter two numbers in format: {source base} {target base} (To quit type /exit) > 5 29
Enter number in base 5 to convert to base 29 (To go back type /back) > 2210.44123
Conversion result: AF.S5H08

Enter number in base 5 to convert to base 29 (To go back type /back) > /back

Enter two numbers in format: {source base} {target base} (To quit type /exit) > 5 32
Enter number in base 5 to convert to base 32 (To go back type /back) > 1101.30433
Conversion result: 4N.KD23Q

Enter number in base 5 to convert to base 32 (To go back type /back) > /back

Enter two numbers in format: {source base} {target base} (To quit type /exit) > 5 35
Enter number in base 5 to convert to base 35 (To go back type /back) > 1301.31103
Conversion result: 5Q.MOY5L

Enter number in base 5 to convert to base 35 (To go back type /back) > /back

Enter two numbers in format: {source base} {target base} (To quit type /exit) > 8 2
Enter number in base 8 to convert to base 2 (To go back type /back) > 317.45434714
Conversion result: 11001111.10010

Enter number in base 8 to convert to base 2 (To go back type /back) > /back

Enter two numbers in format: {source base} {target base} (To quit type /exit) > 8 5
Enter number in base 8 to convert to base 5 (To go back type /back) > 522.63221162
Conversion result: 2323.40004

Enter number in base 8 to convert to base 5 (To go back type /back) > /back

Enter two numbers in format: {source base} {target base} (To quit type /exit) > 8 11
Enter number in base 8 to convert to base 11 (To go back type /back) > 513.21147317
Conversion result: 281.2A582

Enter number in base 8 to convert to base 11 (To go back type /back) > /back

Enter two numbers in format: {source base} {target base} (To quit type /exit) > 8 14
Enter number in base 8 to convert to base 14 (To go back type /back) > 371.71050405
Conversion result: 13B.C6B39

Enter number in base 8 to convert to base 14 (To go back type /back) > /back

Enter two numbers in format: {source base} {target base} (To quit type /exit) > 8 17
Enter number in base 8 to convert to base 17 (To go back type /back) > 262.57612655
Conversion result: A8.CBC2C

Enter number in base 8 to convert to base 17 (To go back type /back) > /back

Enter two numbers in format: {source base} {target base} (To quit type /exit) > 8 20
Enter number in base 8 to convert to base 20 (To go back type /back) > 1061.24333132
Conversion result: 181.67D8G

Enter number in base 8 to convert to base 20 (To go back type /back) > /back

Enter two numbers in format: {source base} {target base} (To quit type /exit) > 8 23
Enter number in base 8 to convert to base 23 (To go back type /back) > 1245.14702775
Conversion result: 16A.4EAGI

Enter number in base 8 to convert to base 23 (To go back type /back) > /back

Enter two numbers in format: {source base} {target base} (To quit type /exit) > 8 26
Enter number in base 8 to convert to base 26 (To go back type /back) > 1050.23360357
Conversion result: L6.7NGKH

Enter number in base 8 to convert to base 26 (To go back type /back) > /back

Enter two numbers in format: {source base} {target base} (To quit type /exit) > 8 29
Enter number in base 8 to convert to base 29 (To go back type /back) > 574.26254146
Conversion result: D3.A3EM2

Enter number in base 8 to convert to base 29 (To go back type /back) > /back

Enter two numbers in format: {source base} {target base} (To quit type /exit) > 8 32
Enter number in base 8 to convert to base 32 (To go back type /back) > 14.55436742
Conversion result: C.MOUS9

Enter number in base 8 to convert to base 32 (To go back type /back) > /back

Enter two numbers in format: {source base} {target base} (To quit type /exit) > 8 35
Enter number in base 8 to convert to base 35 (To go back type /back) > 16.21730246
Conversion result: E.9S1A0

Enter number in base 8 to convert to base 35 (To go back type /back) > /back

Enter two numbers in format: {source base} {target base} (To quit type /exit) > 11 2
Enter number in base 11 to convert to base 2 (To go back type /back) > 417.1691a67a792
Conversion result: 111110110.00100

Enter number in base 11 to convert to base 2 (To go back type /back) > /back

Enter two numbers in format: {source base} {target base} (To quit type /exit) > 11 5
Enter number in base 11 to convert to base 5 (To go back type /back) > 543.596a6859691
Conversion result: 10102.23134

Enter number in base 11 to convert to base 5 (To go back type /back) > /back

Enter two numbers in format: {source base} {target base} (To quit type /exit) > 11 8
Enter number in base 11 to convert to base 8 (To go back type /back) > 184.4485008aaa4
Conversion result: 325.31626

Enter number in base 11 to convert to base 8 (To go back type /back) > /back

Enter two numbers in format: {source base} {target base} (To quit type /exit) > 11 14
Enter number in base 11 to convert to base 14 (To go back type /back) > 531.300a2409329
Conversion result: 339.3B839

Enter number in base 11 to convert to base 14 (To go back type /back) > /back

Enter two numbers in format: {source base} {target base} (To quit type /exit) > 11 17
Enter number in base 11 to convert to base 17 (To go back type /back) > 193.70845940729
Conversion result: D2.AFC84

Enter number in base 11 to convert to base 17 (To go back type /back) > /back

Enter two numbers in format: {source base} {target base} (To quit type /exit) > 11 20
Enter number in base 11 to convert to base 20 (To go back type /back) > 57a.a4497650a1a
Conversion result: 1EC.II69C

Enter number in base 11 to convert to base 20 (To go back type /back) > /back

Enter two numbers in format: {source base} {target base} (To quit type /exit) > 11 23
Enter number in base 11 to convert to base 23 (To go back type /back) > 651.4025955104a
Conversion result: 1B0.89896

Enter number in base 11 to convert to base 23 (To go back type /back) > /back

Enter two numbers in format: {source base} {target base} (To quit type /exit) > 11 26
Enter number in base 11 to convert to base 26 (To go back type /back) > 344.85767491368
Conversion result: FL.K3B72

Enter number in base 11 to convert to base 26 (To go back type /back) > /back

Enter two numbers in format: {source base} {target base} (To quit type /exit) > 11 29
Enter number in base 11 to convert to base 29 (To go back type /back) > 424.42354872328
Conversion result: HH.B2QP2

Enter number in base 11 to convert to base 29 (To go back type /back) > /back

Enter two numbers in format: {source base} {target base} (To quit type /exit) > 11 32
Enter number in base 11 to convert to base 32 (To go back type /back) > 529.78129368953
Conversion result: JS.MG9LA

Enter number in base 11 to convert to base 32 (To go back type /back) > /back

Enter two numbers in format: {source base} {target base} (To quit type /exit) > 11 35
Enter number in base 11 to convert to base 35 (To go back type /back) > 381.46994410467
Conversion result: CW.EP92V

Enter number in base 11 to convert to base 35 (To go back type /back) > /back

Enter two numbers in format: {source base} {target base} (To quit type /exit) > 14 2
Enter number in base 14 to convert to base 2 (To go back type /back) > 345.d415dddcdb008b
Conversion result: 1010001001.11110

Enter number in base 14 to convert to base 2 (To go back type /back) > /back

Enter two numbers in format: {source base} {target base} (To quit type /exit) > 14 5
Enter number in base 14 to convert to base 5 (To go back type /back) > 40d.92cccb422566a0
Conversion result: 11142.31210

Enter number in base 14 to convert to base 5 (To go back type /back) > /back

Enter two numbers in format: {source base} {target base} (To quit type /exit) > 14 8
Enter number in base 14 to convert to base 8 (To go back type /back) > 361.20409c64c94127
Conversion result: 1241.11171

Enter number in base 14 to convert to base 8 (To go back type /back) > /back

Enter two numbers in format: {source base} {target base} (To quit type /exit) > 14 11
Enter number in base 14 to convert to base 11 (To go back type /back) > 47a.4b7250c909b5a7
Conversion result: 741.3874A

Enter number in base 14 to convert to base 11 (To go back type /back) > /back

Enter two numbers in format: {source base} {target base} (To quit type /exit) > 14 17
Enter number in base 14 to convert to base 17 (To go back type /back) > 435.7cb30c97553bc7
Conversion result: 2EF.9A664

Enter number in base 14 to convert to base 17 (To go back type /back) > /back

Enter two numbers in format: {source base} {target base} (To quit type /exit) > 14 20
Enter number in base 14 to convert to base 20 (To go back type /back) > 382.19d748c7107aa7
Conversion result: 1F2.28I34

Enter number in base 14 to convert to base 20 (To go back type /back) > /back

Enter two numbers in format: {source base} {target base} (To quit type /exit) > 14 23
Enter number in base 14 to convert to base 23 (To go back type /back) > 346.c5826d6848d835
Conversion result: 156.K8BAD

Enter number in base 14 to convert to base 23 (To go back type /back) > /back

Enter two numbers in format: {source base} {target base} (To quit type /exit) > 14 26
Enter number in base 14 to convert to base 26 (To go back type /back) > 480.5c7977b826b4c8
Conversion result: 18C.AOI80

Enter number in base 14 to convert to base 26 (To go back type /back) > /back

Enter two numbers in format: {source base} {target base} (To quit type /exit) > 14 29
Enter number in base 14 to convert to base 29 (To go back type /back) > 193.2c5c763d321a33
Conversion result: B6.5SCLG

Enter number in base 14 to convert to base 29 (To go back type /back) > /back

Enter two numbers in format: {source base} {target base} (To quit type /exit) > 14 32
Enter number in base 14 to convert to base 32 (To go back type /back) > 43c.3726070c0b1bd4
Conversion result: Q6.80SQN

Enter number in base 14 to convert to base 32 (To go back type /back) > /back

Enter two numbers in format: {source base} {target base} (To quit type /exit) > 14 35
Enter number in base 14 to convert to base 35 (To go back type /back) > 1c.267036592ad195
Conversion result: Q.65LU0

Enter number in base 14 to convert to base 35 (To go back type /back) > /back

Enter two numbers in format: {source base} {target base} (To quit type /exit) > 17 2
Enter number in base 17 to convert to base 2 (To go back type /back) > 2gd.bc94611049a360fg2
Conversion result: 1101011111.10110

Enter number in base 17 to convert to base 2 (To go back type /back) > /back

Enter two numbers in format: {source base} {target base} (To quit type /exit) > 17 5
Enter number in base 17 to convert to base 5 (To go back type /back) > 27e.385ad6573d2e3285a
Conversion result: 10321.10031

Enter number in base 17 to convert to base 5 (To go back type /back) > /back

Enter two numbers in format: {source base} {target base} (To quit type /exit) > 17 8
Enter number in base 17 to convert to base 8 (To go back type /back) > 26c.9e4c18f521a46g700
Conversion result: 1264.45026

Enter number in base 17 to convert to base 8 (To go back type /back) > /back

Enter two numbers in format: {source base} {target base} (To quit type /exit) > 17 11
Enter number in base 17 to convert to base 11 (To go back type /back) > 182.f2c776a50fa39b201
Conversion result: 359.989A9

Enter number in base 17 to convert to base 11 (To go back type /back) > /back

Enter two numbers in format: {source base} {target base} (To quit type /exit) > 17 14
Enter number in base 17 to convert to base 14 (To go back type /back) > 25d.89c05d3593881g924
Conversion result: 364.70B62

Enter number in base 17 to convert to base 14 (To go back type /back) > /back

Enter two numbers in format: {source base} {target base} (To quit type /exit) > 17 20
Enter number in base 17 to convert to base 20 (To go back type /back) > d0.egg9f6fgb676392cf
Conversion result: B1.HCI1C

Enter number in base 17 to convert to base 20 (To go back type /back) > /back

Enter two numbers in format: {source base} {target base} (To quit type /exit) > 17 23
Enter number in base 17 to convert to base 23 (To go back type /back) > 24f.6d1f465g9e5f9f948
Conversion result: 15H.93G5A

Enter number in base 17 to convert to base 23 (To go back type /back) > /back

Enter two numbers in format: {source base} {target base} (To quit type /exit) > 17 26
Enter number in base 17 to convert to base 26 (To go back type /back) > 1c6.62e02c50f3gaf0e56
Conversion result: J5.9B4PJ

Enter number in base 17 to convert to base 26 (To go back type /back) > /back

Enter two numbers in format: {source base} {target base} (To quit type /exit) > 17 29
Enter number in base 17 to convert to base 29 (To go back type /back) > ga.d96919d5c3cf15c69
Conversion result: 9L.N3C55

Enter number in base 17 to convert to base 29 (To go back type /back) > /back

Enter two numbers in format: {source base} {target base} (To quit type /exit) > 17 32
Enter number in base 17 to convert to base 32 (To go back type /back) > 24e.8e38g4ega161b645e
Conversion result: KK.GK6QS

Enter number in base 17 to convert to base 32 (To go back type /back) > /back

Enter two numbers in format: {source base} {target base} (To quit type /exit) > 17 35
Enter number in base 17 to convert to base 35 (To go back type /back) > a1.g821b4867260d9ec4
Conversion result: 4V.XWCUS

Enter number in base 17 to convert to base 35 (To go back type /back) > /back

Enter two numbers in format: {source base} {target base} (To quit type /exit) > /exit
?[1;31m
Start test 7?[0m
Enter two numbers in format: {source base} {target base} (To quit type /exit) > 19 2
Enter number in base 19 to convert to base 2 (To go back type /back) > f.aa0gfihf52ha6f7d7e7
Conversion result: 1111.10001

Enter number in base 19 to convert to base 2 (To go back type /back) > /back

Enter two numbers in format: {source base} {target base} (To quit type /exit) > 19 5
Enter number in base 19 to convert to base 5 (To go back type /back) > 1aa.0c8552b2f1f0086693c
Conversion result: 4221.00412

Enter number in base 19 to convert to base 5 (To go back type /back) > /back

Enter two numbers in format: {source base} {target base} (To quit type /exit) > 19 8
Enter number in base 19 to convert to base 8 (To go back type /back) > d3.iffcdab6b1ee221e776
Conversion result: 372.77337

Enter number in base 19 to convert to base 8 (To go back type /back) > /back

Enter two numbers in format: {source base} {target base} (To quit type /exit) > 19 11
Enter number in base 19 to convert to base 11 (To go back type /back) > 228.823d317ic8ehe477gi3
Conversion result: 639.47756

Enter number in base 19 to convert to base 11 (To go back type /back) > /back

Enter two numbers in format: {source base} {target base} (To quit type /exit) > 19 14
Enter number in base 19 to convert to base 14 (To go back type /back) > 1g5.5e05e04cge0dah33bi2
Conversion result: 35C.4328C

Enter number in base 19 to convert to base 14 (To go back type /back) > /back

Enter two numbers in format: {source base} {target base} (To quit type /exit) > 19 17
Enter number in base 19 to convert to base 17 (To go back type /back) > 40.e70hgfec7e87i9ca1f0
Conversion result: 48.CE9GG

Enter number in base 19 to convert to base 17 (To go back type /back) > /back

Enter two numbers in format: {source base} {target base} (To quit type /exit) > 19 20
Enter number in base 19 to convert to base 20 (To go back type /back) > c3.12fa58iefbh17234f2d
Conversion result: BB.1438G

Enter number in base 19 to convert to base 20 (To go back type /back) > /back

Enter two numbers in format: {source base} {target base} (To quit type /exit) > 19 23
Enter number in base 19 to convert to base 23 (To go back type /back) > 2dc.5cbd2dg1i99544d1i09
Conversion result: 1JF.6JFMD

Enter number in base 19 to convert to base 23 (To go back type /back) > /back

Enter two numbers in format: {source base} {target base} (To quit type /exit) > 19 26
Enter number in base 19 to convert to base 26 (To go back type /back) > 214.a3bi396d64fi6133be7
Conversion result: 12H.DOF1G

Enter number in base 19 to convert to base 26 (To go back type /back) > /back

Enter two numbers in format: {source base} {target base} (To quit type /exit) > 19 29
Enter number in base 19 to convert to base 29 (To go back type /back) > 39.13d797eg007433f9015
Conversion result: 28.1NPNQ

Enter number in base 19 to convert to base 29 (To go back type /back) > /back

Enter two numbers in format: {source base} {target base} (To quit type /exit) > 19 32
Enter number in base 19 to convert to base 32 (To go back type /back) > 83.8e2icda24062gd2d78d
Conversion result: 4R.EN9PI

Enter number in base 19 to convert to base 32 (To go back type /back) > /back

Enter two numbers in format: {source base} {target base} (To quit type /exit) > 19 35
Enter number in base 19 to convert to base 35 (To go back type /back) > 1f1.378hai7g25887172ace
Conversion result: IH.68QLL

Enter number in base 19 to convert to base 35 (To go back type /back) > /back

Enter two numbers in format: {source base} {target base} (To quit type /exit) > 22 2
Enter number in base 22 to convert to base 2 (To go back type /back) > 5c.e5c0i0d85gj22g415ejcba
Conversion result: 1111010.10100

Enter number in base 22 to convert to base 2 (To go back type /back) > /back

Enter two numbers in format: {source base} {target base} (To quit type /exit) > 22 5
Enter number in base 22 to convert to base 5 (To go back type /back) > 150.el31c18bf23cgh64f324gk
Conversion result: 4334.32000

Enter number in base 22 to convert to base 5 (To go back type /back) > /back

Enter two numbers in format: {source base} {target base} (To quit type /exit) > 22 8
Enter number in base 22 to convert to base 8 (To go back type /back) > 1c6.571677ag7a5025bf6711e0
Conversion result: 1362.17364

Enter number in base 22 to convert to base 8 (To go back type /back) > /back

Enter two numbers in format: {source base} {target base} (To quit type /exit) > 22 11
Enter number in base 22 to convert to base 11 (To go back type /back) > 55.2aa904b98jj4640c6k4lf3
Conversion result: A5.12687

Enter number in base 22 to convert to base 11 (To go back type /back) > /back

Enter two numbers in format: {source base} {target base} (To quit type /exit) > 22 14
Enter number in base 22 to convert to base 14 (To go back type /back) > 1ck.b6l6d1g30430d3ehg374d0
Conversion result: 3CC.72B6B

Enter number in base 22 to convert to base 14 (To go back type /back) > /back

Enter two numbers in format: {source base} {target base} (To quit type /exit) > 22 17
Enter number in base 22 to convert to base 17 (To go back type /back) > 11d.5d89i9hlgcb0f3l36jah93
Conversion result: 1D9.45B72

Enter number in base 22 to convert to base 17 (To go back type /back) > /back

Enter two numbers in format: {source base} {target base} (To quit type /exit) > 22 20
Enter number in base 22 to convert to base 20 (To go back type /back) > h0.33dla9cfh05j11l5367ae7
Conversion result: IE.2HAJ4

Enter number in base 22 to convert to base 20 (To go back type /back) > /back

Enter two numbers in format: {source base} {target base} (To quit type /exit) > 22 23
Enter number in base 22 to convert to base 23 (To go back type /back) > aa.8fdie95g003ldg28ia73l4
Conversion result: A0.92A3E

Enter number in base 22 to convert to base 23 (To go back type /back) > /back

Enter two numbers in format: {source base} {target base} (To quit type /exit) > 22 26
Enter number in base 22 to convert to base 26 (To go back type /back) > if.035daggl75gal5iil673he
Conversion result: FL.04E2M

Enter number in base 22 to convert to base 26 (To go back type /back) > /back

Enter two numbers in format: {source base} {target base} (To quit type /exit) > 22 29
Enter number in base 22 to convert to base 29 (To go back type /back) > ge.38jd2caeh9i58ll20673b8
Conversion result: CI.4E3KH

Enter number in base 22 to convert to base 29 (To go back type /back) > /back

Enter two numbers in format: {source base} {target base} (To quit type /exit) > 22 32
Enter number in base 22 to convert to base 32 (To go back type /back) > 173.8lg2e2h2lc1dchb422a8kl
Conversion result: K1.D2AMO

Enter number in base 22 to convert to base 32 (To go back type /back) > /back

Enter two numbers in format: {source base} {target base} (To quit type /exit) > 22 35
Enter number in base 22 to convert to base 35 (To go back type /back) > 73.2dc61kce4i7ch2068gj167
Conversion result: 4H.45NOB

Enter number in base 22 to convert to base 35 (To go back type /back) > /back

Enter two numbers in format: {source base} {target base} (To quit type /exit) > 25 2
Enter number in base 25 to convert to base 2 (To go back type /back) > 10o.fj208j99nc5m59d292gmj4c1j
Conversion result: 1010001001.10100

Enter number in base 25 to convert to base 2 (To go back type /back) > /back

Enter two numbers in format: {source base} {target base} (To quit type /exit) > 25 5
Enter number in base 25 to convert to base 5 (To go back type /back) > hb.ef65k75odjf9ggc6e20ij0dca
Conversion result: 3221.24301

Enter number in base 25 to convert to base 5 (To go back type /back) > /back

Enter two numbers in format: {source base} {target base} (To quit type /exit) > 25 8
Enter number in base 25 to convert to base 8 (To go back type /back) > 11l.fk5oab7jf6ffe9dhlgdkf72oe
Conversion result: 1237.50361

Enter number in base 25 to convert to base 8 (To go back type /back) > /back

Enter two numbers in format: {source base} {target base} (To quit type /exit) > 25 11
Enter number in base 25 to convert to base 11 (To go back type /back) > 86.0j1gekg2fk250cbaa9o44enj6
Conversion result: 178.03766

Enter number in base 25 to convert to base 11 (To go back type /back) > /back

Enter two numbers in format: {source base} {target base} (To quit type /exit) > 25 14
Enter number in base 25 to convert to base 14 (To go back type /back) > 37.94dci9ejfb9l54768096fjjoh
Conversion result: 5C.51DA9

Enter number in base 25 to convert to base 14 (To go back type /back) > /back

Enter two numbers in format: {source base} {target base} (To quit type /exit) > 25 17
Enter number in base 25 to convert to base 17 (To go back type /back) > 1ch.6caf076b0g66inn90ee6goc91
Conversion result: 347.471CA

Enter number in base 25 to convert to base 17 (To go back type /back) > /back

Enter two numbers in format: {source base} {target base} (To quit type /exit) > 25 20
Enter number in base 25 to convert to base 20 (To go back type /back) > 12d.c2b69ib8m62ig73heki84bn19
Conversion result: 1E8.9DB74

Enter number in base 25 to convert to base 20 (To go back type /back) > /back

Enter two numbers in format: {source base} {target base} (To quit type /exit) > 25 23
Enter number in base 25 to convert to base 23 (To go back type /back) > b.101eeb8lmc38en6kmkkfa53k1
Conversion result: B.0L4KE

Enter number in base 25 to convert to base 23 (To go back type /back) > /back

Enter two numbers in format: {source base} {target base} (To quit type /exit) > 25 26
Enter number in base 25 to convert to base 26 (To go back type /back) > fg.9i5mcf77ld88e156m0maea1b2
Conversion result: F1.A3219

Enter number in base 25 to convert to base 26 (To go back type /back) > /back

Enter two numbers in format: {source base} {target base} (To quit type /exit) > 25 29
Enter number in base 25 to convert to base 29 (To go back type /back) > n6.mg35o4i6nc7ib7bn58o6f7626
Conversion result: K1.Q7MG3

Enter number in base 25 to convert to base 29 (To go back type /back) > /back

Enter two numbers in format: {source base} {target base} (To quit type /exit) > 25 32
Enter number in base 25 to convert to base 32 (To go back type /back) > bj.327cj008d16j9cke6g4g8jg7h
Conversion result: 96.3UKNS

Enter number in base 25 to convert to base 32 (To go back type /back) > /back

Enter two numbers in format: {source base} {target base} (To quit type /exit) > 25 35
Enter number in base 25 to convert to base 35 (To go back type /back) > 73.m78h6hocb6odb2nogmjaihea0
Conversion result: 53.V7DRC

Enter number in base 25 to convert to base 35 (To go back type /back) > /back

Enter two numbers in format: {source base} {target base} (To quit type /exit) > 28 2
Enter number in base 28 to convert to base 2 (To go back type /back) > 75.85bda5d1fb7eckhp72pflak3e
Conversion result: 11001001.01001

Enter number in base 28 to convert to base 2 (To go back type /back) > /back

Enter two numbers in format: {source base} {target base} (To quit type /exit) > 28 5
Enter number in base 28 to convert to base 5 (To go back type /back) > 4r.8gq6en1o98akbbhrdj295f12he
Conversion result: 1024.12320

Enter number in base 28 to convert to base 5 (To go back type /back) > /back

Enter two numbers in format: {source base} {target base} (To quit type /exit) > 28 8
Enter number in base 28 to convert to base 8 (To go back type /back) > 156.e85ro31o9g38jpmmlcnphliae
Conversion result: 1642.40527

Enter number in base 28 to convert to base 8 (To go back type /back) > /back

Enter two numbers in format: {source base} {target base} (To quit type /exit) > 28 11
Enter number in base 28 to convert to base 11 (To go back type /back) > 87.jn179m2cfeamh49r8j3rpp18l
Conversion result: 1A0.78732

Enter number in base 28 to convert to base 11 (To go back type /back) > /back

Enter two numbers in format: {source base} {target base} (To quit type /exit) > 28 14
Enter number in base 28 to convert to base 14 (To go back type /back) > ki.borgg4q82npnkok3c66q8c5d3e
Conversion result: 2D4.5D360

Enter number in base 28 to convert to base 14 (To go back type /back) > /back

Enter two numbers in format: {source base} {target base} (To quit type /exit) > 28 17
Enter number in base 28 to convert to base 17 (To go back type /back) > 15.rf0jo6j96pgq32eo2no0ook3e
Conversion result: 1G.GC3BC

Enter number in base 28 to convert to base 17 (To go back type /back) > /back

Enter two numbers in format: {source base} {target base} (To quit type /exit) > 28 20
Enter number in base 28 to convert to base 20 (To go back type /back) > gp.f6ioch28idaj36hi1dncahn57
Conversion result: 13D.AHDF4

Enter number in base 28 to convert to base 20 (To go back type /back) > /back

Enter two numbers in format: {source base} {target base} (To quit type /exit) > 28 23
Enter number in base 28 to convert to base 23 (To go back type /back) > 11l.bgra2gkn0q7ir0jbajp8dk9he
Conversion result: 1D5.9C67K

Enter number in base 28 to convert to base 23 (To go back type /back) > /back

Enter two numbers in format: {source base} {target base} (To quit type /exit) > 28 26
Enter number in base 28 to convert to base 26 (To go back type /back) > hp.ab03cplok5g98c04pbpi6aliae
Conversion result: J7.9GNHK

Enter number in base 28 to convert to base 26 (To go back type /back) > /back

Enter two numbers in format: {source base} {target base} (To quit type /exit) > 28 29
Enter number in base 28 to convert to base 29 (To go back type /back) > bf.hnkbcjbgpbq96q9a6n300lc7
Conversion result: B4.IE1FQ

Enter number in base 28 to convert to base 29 (To go back type /back) > /back

Enter two numbers in format: {source base} {target base} (To quit type /exit) > 28 32
Enter number in base 28 to convert to base 32 (To go back type /back) > 39.aajir06icmep311k41jhmmeoe
Conversion result: 2T.BRM1F

Enter number in base 28 to convert to base 32 (To go back type /back) > /back

Enter two numbers in format: {source base} {target base} (To quit type /exit) > 28 35
Enter number in base 28 to convert to base 35 (To go back type /back) > 17j.oj57aibkpook26377c36di18l
Conversion result: SJ.UTY10

Enter number in base 28 to convert to base 35 (To go back type /back) > /back

Enter two numbers in format: {source base} {target base} (To quit type /exit) > 31 2
Enter number in base 31 to convert to base 2 (To go back type /back) > 6g.fct26np28rql7qsqu7ulc8ftoih8kid
Conversion result: 11001010.01111

Enter number in base 31 to convert to base 2 (To go back type /back) > /back

Enter two numbers in format: {source base} {target base} (To quit type /exit) > 31 5
Enter number in base 31 to convert to base 5 (To go back type /back) > ah.pomnkfe1n844sal46e8cud5qh3q31ot
Conversion result: 2302.40400

Enter number in base 31 to convert to base 5 (To go back type /back) > /back

Enter two numbers in format: {source base} {target base} (To quit type /exit) > 31 8
Enter number in base 31 to convert to base 8 (To go back type /back) > 8i.2mm09qfsj7ujhg058am4khd3n9n54h0
Conversion result: 412.05510

Enter number in base 31 to convert to base 8 (To go back type /back) > /back

Enter two numbers in format: {source base} {target base} (To quit type /exit) > 31 11
Enter number in base 31 to convert to base 11 (To go back type /back) > dc.9psdfhf91tj5ijht59a5fj7jn2qj4ug
Conversion result: 348.35434

Enter number in base 31 to convert to base 11 (To go back type /back) > /back

Enter two numbers in format: {source base} {target base} (To quit type /exit) > 31 14
Enter number in base 31 to convert to base 14 (To go back type /back) > od.s4ifstdg45723p1anm0b26564g04q1m
Conversion result: 3C1.C9D7A

Enter number in base 31 to convert to base 14 (To go back type /back) > /back

Enter two numbers in format: {source base} {target base} (To quit type /exit) > 31 17
Enter number in base 31 to convert to base 17 (To go back type /back) > ej.f3ghluqiagfg448n19tlifsbujm01nf
Conversion result: 19B.84F4E

Enter number in base 31 to convert to base 17 (To go back type /back) > /back

Enter two numbers in format: {source base} {target base} (To quit type /exit) > 31 20
Enter number in base 31 to convert to base 20 (To go back type /back) > 57.loufcr0ngbunjjg9ckokifdtu33eqfc
Conversion result: 82.E175C

Enter number in base 31 to convert to base 20 (To go back type /back) > /back

Enter two numbers in format: {source base} {target base} (To quit type /exit) > 31 23
Enter number in base 31 to convert to base 23 (To go back type /back) > le.hgd8s8gh7khd63bsnuqns26lpodphhp
Conversion result: 15L.D034B

Enter number in base 31 to convert to base 23 (To go back type /back) > /back

Enter two numbers in format: {source base} {target base} (To quit type /exit) > 31 26
Enter number in base 31 to convert to base 26 (To go back type /back) > ln.jcrg44u284r84qs9a51ir49hco724eh
Conversion result: PO.G7A0G

Enter number in base 31 to convert to base 26 (To go back type /back) > /back

Enter two numbers in format: {source base} {target base} (To quit type /exit) > 31 29
Enter number in base 31 to convert to base 29 (To go back type /back) > go.shicf0io4fstpc34osg8kfn5lckbbtl
Conversion result: HR.QL05J

Enter number in base 31 to convert to base 29 (To go back type /back) > /back

Enter two numbers in format: {source base} {target base} (To quit type /exit) > 31 32
Enter number in base 31 to convert to base 32 (To go back type /back) > 6a.mbc5cmoofepprp6fe6522t829c40il3
Conversion result: 64.N2R31

Enter number in base 31 to convert to base 32 (To go back type /back) > /back

Enter two numbers in format: {source base} {target base} (To quit type /exit) > 31 35
Enter number in base 31 to convert to base 35 (To go back type /back) > ag.e40df65db42r3c0t9psm420o4obl16h
Conversion result: 9B.FXBJU

Enter number in base 31 to convert to base 35 (To go back type /back) > /back

Enter two numbers in format: {source base} {target base} (To quit type /exit) > 34 2
Enter number in base 34 to convert to base 2 (To go back type /back) > kf.puikpius2kccq5rlmo14f0ejoxxrjc376t
Conversion result: 1010110111.11000

Enter number in base 34 to convert to base 2 (To go back type /back) > /back

Enter two numbers in format: {source base} {target base} (To quit type /exit) > 34 5
Enter number in base 34 to convert to base 5 (To go back type /back) > nb.864r2ulfb6vdx2x9gtmscjasluwmq0baug
Conversion result: 11133.11001

Enter number in base 34 to convert to base 5 (To go back type /back) > /back

Enter two numbers in format: {source base} {target base} (To quit type /exit) > 34 8
Enter number in base 34 to convert to base 8 (To go back type /back) > ci.b6c6bmxk1e3ntbnkul6nvrkftfpftlqio7
Conversion result: 652.25035

Enter number in base 34 to convert to base 8 (To go back type /back) > /back

Enter two numbers in format: {source base} {target base} (To quit type /exit) > 34 11
Enter number in base 34 to convert to base 11 (To go back type /back) > og.meh4lx90km451jw56m8c1a13mib677692p
Conversion result: 697.728A2

Enter number in base 34 to convert to base 11 (To go back type /back) > /back

Enter two numbers in format: {source base} {target base} (To quit type /exit) > 34 14
Enter number in base 34 to convert to base 14 (To go back type /back) > na.1igcsx7jixsrd3u6a8j39637alpt7ge01s
Conversion result: 408.08C79

Enter number in base 34 to convert to base 14 (To go back type /back) > /back

Enter two numbers in format: {source base} {target base} (To quit type /exit) > 34 17
Enter number in base 34 to convert to base 17 (To go back type /back) > nh.344tm2nnakgtke28rj0nxwsnfheg3aonep
Conversion result: 2D0.19911

Enter number in base 34 to convert to base 17 (To go back type /back) > /back

Enter two numbers in format: {source base} {target base} (To quit type /exit) > 34 20
Enter number in base 34 to convert to base 20 (To go back type /back) > 7o.42btv64tpmeno6aqmvsbnlxqnqsk8efnqo
Conversion result: D2.27H74

Enter number in base 34 to convert to base 20 (To go back type /back) > /back

Enter two numbers in format: {source base} {target base} (To quit type /exit) > 34 23
Enter number in base 34 to convert to base 23 (To go back type /back) > bq.v54jgdkx81p125iqdqq318h6qnbpq8jwtg
Conversion result: H9.L1F97

Enter number in base 34 to convert to base 23 (To go back type /back) > /back

Enter two numbers in format: {source base} {target base} (To quit type /exit) > 34 26
Enter number in base 34 to convert to base 26 (To go back type /back) > 5v.wgki0fufotmh0upf8x758k0l4ien37k0lx
Conversion result: 7J.OLOA7

Enter number in base 34 to convert to base 26 (To go back type /back) > /back

Enter two numbers in format: {source base} {target base} (To quit type /exit) > 34 29
Enter number in base 34 to convert to base 29 (To go back type /back) > 90.vjcvsjeg2nmhtx6odps1r1j5cchpi9c6mo
Conversion result: AG.QQPJG

Enter number in base 34 to convert to base 29 (To go back type /back) > /back

Enter two numbers in format: {source base} {target base} (To quit type /exit) > 34 32
Enter number in base 34 to convert to base 32 (To go back type /back) > bb.4dcqbpkjpq00p8oivae8kmh3th15du0xtk
Conversion result: C1.449UG

Enter number in base 34 to convert to base 32 (To go back type /back) > /back

Enter two numbers in format: {source base} {target base} (To quit type /exit) > 34 35
Enter number in base 34 to convert to base 35 (To go back type /back) > jf.9uo061g9i1r597k31d6koh9v6tneh81elt
Conversion result: IV.A6RR1

Enter number in base 34 to convert to base 35 (To go back type /back) > /back

Enter two numbers in format: {source base} {target base} (To quit type /exit) > /exit
?[1;31m
Start test 8?[0m
Enter two numbers in format: {source base} {target base} (To quit type /exit) > 2 5
Enter number in base 2 to convert to base 5 (To go back type /back) > 1011110111111000000010111111011100111010001100101.00001100110011001100110011
Conversion result: 414223323003222101402.01111

Enter number in base 2 to convert to base 5 (To go back type /back) > /back

Enter two numbers in format: {source base} {target base} (To quit type /exit) > 2 8
Enter number in base 2 to convert to base 8 (To go back type /back) > 111101110011000010110010001011111100010010100110.01001100110011001100110011
Conversion result: 7563026213742246.23146

Enter number in base 2 to convert to base 8 (To go back type /back) > /back

Enter two numbers in format: {source base} {target base} (To quit type /exit) > 2 11
Enter number in base 2 to convert to base 11 (To go back type /back) > 1100011110111111110000000101101110111110100000011.10000
Conversion result: 117A6105A6A6138.55555

Enter number in base 2 to convert to base 11 (To go back type /back) > /back

Enter two numbers in format: {source base} {target base} (To quit type /exit) > 2 14
Enter number in base 2 to convert to base 14 (To go back type /back) > 1010010001011011000001010001100001100100110101101.01100110011001100110011001
Conversion result: 6536C8B578313.58580

Enter number in base 2 to convert to base 14 (To go back type /back) > /back

Enter two numbers in format: {source base} {target base} (To quit type /exit) > 2 17
Enter number in base 2 to convert to base 17 (To go back type /back) > 101100110100010000001111100001000111111100001111.11001100110011001100110011
Conversion result: 5CD1BEF09249.DA35G

Enter number in base 2 to convert to base 17 (To go back type /back) > /back

Enter two numbers in format: {source base} {target base} (To quit type /exit) > 2 20
Enter number in base 2 to convert to base 20 (To go back type /back) > 1000011011010110100111011000000000100000110001110.10011001100110011001100110
Conversion result: 18J2AA245G3I.BJJI8

Enter number in base 2 to convert to base 20 (To go back type /back) > /back

Enter two numbers in format: {source base} {target base} (To quit type /exit) > 2 23
Enter number in base 2 to convert to base 23 (To go back type /back) > 1101101010000001001111011011100010100110100011100.11000
Conversion result: BDHH9KG309L.H5H5H

Enter number in base 2 to convert to base 23 (To go back type /back) > /back

Enter two numbers in format: {source base} {target base} (To quit type /exit) > 2 26
Enter number in base 2 to convert to base 26 (To go back type /back) > 100110000110101001001100101101100101000111100111.10101010001111010111000010
Conversion result: 14MCLC7PKOF.H7DMC

Enter number in base 2 to convert to base 26 (To go back type /back) > /back

Enter two numbers in format: {source base} {target base} (To quit type /exit) > 2 29
Enter number in base 2 to convert to base 29 (To go back type /back) > 110001001010001010100100111001111011001111110001.11100110011001100110011001
Conversion result: EQ5H0Q99SB.Q2PON

Enter number in base 2 to convert to base 29 (To go back type /back) > /back

Enter two numbers in format: {source base} {target base} (To quit type /exit) > 2 32
Enter number in base 2 to convert to base 32 (To go back type /back) > 10101000011011111110011110001001001111101100111.0111101011100001010001111
Conversion result: 2K6VPS97R7.FBG9V

Enter number in base 2 to convert to base 32 (To go back type /back) > /back

Enter two numbers in format: {source base} {target base} (To quit type /exit) > 2 35
Enter number in base 2 to convert to base 35 (To go back type /back) > 11000100100011010001111011000101110001000000100.01000111101011100001010001
Conversion result: 1CYG1WE7YT.9RYJY

Enter number in base 2 to convert to base 35 (To go back type /back) > /back

Enter two numbers in format: {source base} {target base} (To quit type /exit) > 5 2
Enter number in base 5 to convert to base 2 (To go back type /back) > 422114101321423302403.02222222222222222222222222
Conversion result: 1100001011000011100010101110000011011011011001011.00011

Enter number in base 5 to convert to base 2 (To go back type /back) > /back

Enter two numbers in format: {source base} {target base} (To quit type /exit) > 5 8
Enter number in base 5 to convert to base 8 (To go back type /back) > 333133043344020220443.31111111111111111111111111
Conversion result: 12075557245564773.51462

Enter number in base 5 to convert to base 8 (To go back type /back) > /back

Enter two numbers in format: {source base} {target base} (To quit type /exit) > 5 11
Enter number in base 5 to convert to base 11 (To go back type /back) > 341420022213220303100.00000
Conversion result: A7836165913646.00000

Enter number in base 5 to convert to base 11 (To go back type /back) > /back

Enter two numbers in format: {source base} {target base} (To quit type /exit) > 5 14
Enter number in base 5 to convert to base 14 (To go back type /back) > 202433300010323034122.00000
Conversion result: 37C40BD56321C.00000

Enter number in base 5 to convert to base 14 (To go back type /back) > /back

Enter two numbers in format: {source base} {target base} (To quit type /exit) > 5 17
Enter number in base 5 to convert to base 17 (To go back type /back) > 33314300433114223234.0003030303030303030303030
Conversion result: 215D7BE4BC45.0178D

Enter number in base 5 to convert to base 17 (To go back type /back) > /back

Enter two numbers in format: {source base} {target base} (To quit type /exit) > 5 20
Enter number in base 5 to convert to base 20 (To go back type /back) > 24313234200204010404.20000
Conversion result: 595F755D78J.80000

Enter number in base 5 to convert to base 20 (To go back type /back) > /back

Enter two numbers in format: {source base} {target base} (To quit type /exit) > 5 23
Enter number in base 5 to convert to base 23 (To go back type /back) > 242213324010412023030.12222222222222222222222222
Conversion result: 6FB3D720MK6.6KFMB

Enter number in base 5 to convert to base 23 (To go back type /back) > /back

Enter two numbers in format: {source base} {target base} (To quit type /exit) > 5 26
Enter number in base 5 to convert to base 26 (To go back type /back) > 32004303322343024200.1344444444444444444444424
Conversion result: BP5IGP62MK.9994K

Enter number in base 5 to convert to base 26 (To go back type /back) > /back

Enter two numbers in format: {source base} {target base} (To quit type /exit) > 5 29
Enter number in base 5 to convert to base 29 (To go back type /back) > 200411240121421333234.01111111111111111111111111
Conversion result: DAMK6DQ9G0.1D15S

Enter number in base 5 to convert to base 29 (To go back type /back) > /back

Enter two numbers in format: {source base} {target base} (To quit type /exit) > 5 32
Enter number in base 5 to convert to base 32 (To go back type /back) > 231130230212422131143.33333333333333333333333333
Conversion result: 763ERCAAHD.NVVLG

Enter number in base 5 to convert to base 32 (To go back type /back) > /back

Enter two numbers in format: {source base} {target base} (To quit type /exit) > 5 35
Enter number in base 5 to convert to base 35 (To go back type /back) > 2410103321440201300.3034320432043204320432013
Conversion result: 4SH9DX9FP.M3K4N

Enter number in base 5 to convert to base 35 (To go back type /back) > /back

Enter two numbers in format: {source base} {target base} (To quit type /exit) > 8 2
Enter number in base 8 to convert to base 2 (To go back type /back) > 11625734274370202.514631463146314632
Conversion result: 1001110010101111011100010111100011111000010000010.10100

Enter number in base 8 to convert to base 2 (To go back type /back) > /back

Enter two numbers in format: {source base} {target base} (To quit type /exit) > 8 5
Enter number in base 8 to convert to base 5 (To go back type /back) > 15372510337522140.314631463146314632
Conversion result: 444202141333311303424.20000

Enter number in base 8 to convert to base 5 (To go back type /back) > /back

Enter two numbers in format: {source base} {target base} (To quit type /exit) > 8 11
Enter number in base 8 to convert to base 11 (To go back type /back) > 6253227037763001.514631463146314632
Conversion result: 65019918A77682.71717

Enter number in base 8 to convert to base 11 (To go back type /back) > /back

Enter two numbers in format: {source base} {target base} (To quit type /exit) > 8 14
Enter number in base 8 to convert to base 14 (To go back type /back) > 3225652035631177.0172702436560507534
Conversion result: 2087208331139.05C41

Enter number in base 8 to convert to base 14 (To go back type /back) > /back

Enter two numbers in format: {source base} {target base} (To quit type /exit) > 8 17
Enter number in base 8 to convert to base 17 (To go back type /back) > 1171151111067332.41217270243656051
Conversion result: 149FDGEDEEEB.8E4CF

Enter number in base 8 to convert to base 17 (To go back type /back) > /back

Enter two numbers in format: {source base} {target base} (To quit type /exit) > 8 20
Enter number in base 8 to convert to base 20 (To go back type /back) > 12461715366117650.714631463146314632
Conversion result: 1G850H3G4454.I0000

Enter number in base 8 to convert to base 20 (To go back type /back) > /back

Enter two numbers in format: {source base} {target base} (To quit type /exit) > 8 23
Enter number in base 8 to convert to base 23 (To go back type /back) > 1355772657404761.746314631463146314
Conversion result: 15E30B67F6D.LJCC3

Enter number in base 8 to convert to base 23 (To go back type /back) > /back

Enter two numbers in format: {source base} {target base} (To quit type /exit) > 8 26
Enter number in base 8 to convert to base 26 (To go back type /back) > 406156574706451.106314631463146315
Conversion result: 387D016EO1.3EOI5

Enter number in base 8 to convert to base 26 (To go back type /back) > /back

Enter two numbers in format: {source base} {target base} (To quit type /exit) > 8 29
Enter number in base 8 to convert to base 29 (To go back type /back) > 11422414436673651.0631463146314631464
Conversion result: N3KO7OII00.2Q2Q2

Enter number in base 8 to convert to base 29 (To go back type /back) > /back

Enter two numbers in format: {source base} {target base} (To quit type /exit) > 8 32
Enter number in base 8 to convert to base 32 (To go back type /back) > 10121626441707600.631463146314631464
Conversion result: 853IQ8F3S0.PJ6CP

Enter number in base 8 to convert to base 32 (To go back type /back) > /back

Enter two numbers in format: {source base} {target base} (To quit type /exit) > 8 35
Enter number in base 8 to convert to base 35 (To go back type /back) > 13231776051714512.0631463146314631464
Conversion result: 51JVLK82DE.3HHHH

Enter number in base 8 to convert to base 35 (To go back type /back) > /back

Enter two numbers in format: {source base} {target base} (To quit type /exit) > 11 2
Enter number in base 11 to convert to base 2 (To go back type /back) > 21231654217a25.8641a8641a8641a8971043844
Conversion result: 10000100011111001110110001000001000101110111101.11000

Enter number in base 11 to convert to base 2 (To go back type /back) > /back

Enter two numbers in format: {source base} {target base} (To quit type /exit) > 11 5
Enter number in base 11 to convert to base 5 (To go back type /back) > 17022263aa6015.393939393939393795863047a
Conversion result: 24402444023141332310.13333

Enter number in base 11 to convert to base 5 (To go back type /back) > /back

Enter two numbers in format: {source base} {target base} (To quit type /exit) > 11 8
Enter number in base 11 to convert to base 8 (To go back type /back) > 97a23347072824.99999999999999a04251a79029
Conversion result: 11423330051547550.71463

Enter number in base 11 to convert to base 8 (To go back type /back) > /back

Enter two numbers in format: {source base} {target base} (To quit type /exit) > 11 14
Enter number in base 11 to convert to base 14 (To go back type /back) > 61077156907045.a4a4a4a4a4a4a4a1a889891225
Conversion result: 39D8D48591938.D42AB

Enter number in base 11 to convert to base 14 (To go back type /back) > /back

Enter two numbers in format: {source base} {target base} (To quit type /exit) > 11 17
Enter number in base 11 to convert to base 17 (To go back type /back) > 8795677a0a982a.00000
Conversion result: 8D40FG4993CF.00000

Enter number in base 11 to convert to base 17 (To go back type /back) > /back

Enter two numbers in format: {source base} {target base} (To quit type /exit) > 11 20
Enter number in base 11 to convert to base 20 (To go back type /back) > 66177237aa6883.51962a740851962a4117945388
Conversion result: 1225ECB386GE.97JI8

Enter number in base 11 to convert to base 20 (To go back type /back) > /back

Enter two numbers in format: {source base} {target base} (To quit type /exit) > 11 23
Enter number in base 11 to convert to base 23 (To go back type /back) > 101980359679166.00000
Conversion result: 972HL6AGGBC.00000

Enter number in base 11 to convert to base 23 (To go back type /back) > /back

Enter two numbers in format: {source base} {target base} (To quit type /exit) > 11 26
Enter number in base 11 to convert to base 26 (To go back type /back) > 45086102148980.2222222222222222a3a9267297
Conversion result: 129C9C9OBLG.55555

Enter number in base 11 to convert to base 26 (To go back type /back) > /back

Enter two numbers in format: {source base} {target base} (To quit type /exit) > 11 29
Enter number in base 11 to convert to base 29 (To go back type /back) > 34386a36250007.53097530975309726771a46947
Conversion result: 828A1NIH00.DQJDN

Enter number in base 11 to convert to base 29 (To go back type /back) > /back

Enter two numbers in format: {source base} {target base} (To quit type /exit) > 11 32
Enter number in base 11 to convert to base 32 (To go back type /back) > 77776a90026303.888888888888889084a3a47058
Conversion result: 7HOF4GQIJH.PJ6CP

Enter number in base 11 to convert to base 32 (To go back type /back) > /back

Enter two numbers in format: {source base} {target base} (To quit type /exit) > 11 35
Enter number in base 11 to convert to base 35 (To go back type /back) > a5805739329467.17171717171717166794039a72
Conversion result: 4LAAQSHV6N.58PSQ

Enter number in base 11 to convert to base 35 (To go back type /back) > /back

Enter two numbers in format: {source base} {target base} (To quit type /exit) > 14 2
Enter number in base 14 to convert to base 2 (To go back type /back) > 288d62a7d9adc.21585858585858683080b6b9b5
Conversion result: 100001101111001010000010000011010001011101010010.00100

Enter number in base 14 to convert to base 2 (To go back type /back) > /back

Enter two numbers in format: {source base} {target base} (To quit type /exit) > 14 5
Enter number in base 14 to convert to base 5 (To go back type /back) > 325360d05ac65.a7000
Conversion result: 142023133130120030323.33333

Enter number in base 14 to convert to base 5 (To go back type /back) > /back

Enter two numbers in format: {source base} {target base} (To quit type /exit) > 14 8
Enter number in base 14 to convert to base 8 (To go back type /back) > 3a60272d82772.5273cc46a119739a167b5347b3
Conversion result: 6021472116417020.27533

Enter number in base 14 to convert to base 8 (To go back type /back) > /back

Enter two numbers in format: {source base} {target base} (To quit type /exit) > 14 11
Enter number in base 14 to convert to base 11 (To go back type /back) > 42679180479ab.39d23507ba8d622d727d959469
Conversion result: 694949A8750468.2A077

Enter number in base 14 to convert to base 11 (To go back type /back) > /back

Enter two numbers in format: {source base} {target base} (To quit type /exit) > 14 17
Enter number in base 14 to convert to base 17 (To go back type /back) > 332b98a83d1b0.37000
Conversion result: 55D9FG17G726.44444

Enter number in base 14 to convert to base 17 (To go back type /back) > /back

Enter two numbers in format: {source base} {target base} (To quit type /exit) > 14 20
Enter number in base 14 to convert to base 20 (To go back type /back) > 1b1068598390.3a491017d4840688a5098669
Conversion result: E363FJJA16.56G00

Enter number in base 14 to convert to base 20 (To go back type /back) > /back

Enter two numbers in format: {source base} {target base} (To quit type /exit) > 14 23
Enter number in base 14 to convert to base 23 (To go back type /back) > 3952a288c0a5a.1a700
Conversion result: 50BAG93JF1L.2K2K2

Enter number in base 14 to convert to base 23 (To go back type /back) > /back

Enter two numbers in format: {source base} {target base} (To quit type /exit) > 14 26
Enter number in base 14 to convert to base 26 (To go back type /back) > 6b234057b9324.4c858585858585269a7910db1b
Conversion result: 2IP8FPK2M92.92FB0

Enter number in base 14 to convert to base 26 (To go back type /back) > /back

Enter two numbers in format: {source base} {target base} (To quit type /exit) > 14 29
Enter number in base 14 to convert to base 29 (To go back type /back) > 6817080c82adb.15858585858585975692d1b52d
Conversion result: PKI12N54IL.2Q2Q2

Enter number in base 14 to convert to base 29 (To go back type /back) > /back

Enter two numbers in format: {source base} {target base} (To quit type /exit) > 14 32
Enter number in base 14 to convert to base 32 (To go back type /back) > 4552841961b2c.91585858585858191b9aa092a7
Conversion result: 720VBR05EC.KPIRT

Enter number in base 14 to convert to base 32 (To go back type /back) > /back

Enter two numbers in format: {source base} {target base} (To quit type /exit) > 14 35
Enter number in base 14 to convert to base 35 (To go back type /back) > 5a351cadcab41.a7000
Conversion result: 44ADXHKVQT.Q8Q8Q

Enter number in base 14 to convert to base 35 (To go back type /back) > /back

Enter two numbers in format: {source base} {target base} (To quit type /exit) > 17 2
Enter number in base 17 to convert to base 2 (To go back type /back) > 996b62cbcgc5.b0e7b0e7b0e7b7f18f6g2860b7
Conversion result: 1001010011100000010000011111100010010110111111111.10100

Enter number in base 17 to convert to base 2 (To go back type /back) > /back

Enter two numbers in format: {source base} {target base} (To quit type /exit) > 17 5
Enter number in base 17 to convert to base 5 (To go back type /back) > 3c090e2g2bcg.44444444444444444444444444
Conversion result: 113123411333323113442.11111

Enter number in base 17 to convert to base 5 (To go back type /back) > /back

Enter two numbers in format: {source base} {target base} (To quit type /exit) > 17 8
Enter number in base 17 to convert to base 8 (To go back type /back) > c11e32f9129g.a36da36da36d9d62c5e51cf39d
Conversion result: 13601123402572705.46314

Enter number in base 17 to convert to base 8 (To go back type /back) > /back

Enter two numbers in format: {source base} {target base} (To quit type /exit) > 17 11
Enter number in base 17 to convert to base 11 (To go back type /back) > c3d0dgfa0bge.295g295g295g281e3fd4b10768
Conversion result: 111508806615A78.17170

Enter number in base 17 to convert to base 11 (To go back type /back) > /back

Enter two numbers in format: {source base} {target base} (To quit type /exit) > 17 14
Enter number in base 17 to convert to base 14 (To go back type /back) > 479e2be7bb9.b5327f69489g0fg8562cb59f
Conversion result: 22DB20888191.944A3

Enter number in base 17 to convert to base 14 (To go back type /back) > /back

Enter two numbers in format: {source base} {target base} (To quit type /exit) > 17 20
Enter number in base 17 to convert to base 20 (To go back type /back) > 7g465ge86b34.295g295g295g281e3fd4b10768
Conversion result: 16CB9B56FB9G.2JJI8

Enter number in base 17 to convert to base 20 (To go back type /back) > /back

Enter two numbers in format: {source base} {target base} (To quit type /exit) > 17 23
Enter number in base 17 to convert to base 23 (To go back type /back) > 7cd56db01e7.9bc6g85a64fdcda46ce625d43
Conversion result: 8FCL96IGKA.D2C1D

Enter number in base 17 to convert to base 23 (To go back type /back) > /back

Enter two numbers in format: {source base} {target base} (To quit type /exit) > 17 26
Enter number in base 17 to convert to base 26 (To go back type /back) > 487a29dd7251.cccccccccccccccccccccccccc
Conversion result: 12A06K41K73.JCPLB

Enter number in base 17 to convert to base 26 (To go back type /back) > /back

Enter two numbers in format: {source base} {target base} (To quit type /exit) > 17 29
Enter number in base 17 to convert to base 29 (To go back type /back) > c258b39d9d1.b814b814b814c5297334b617c
Conversion result: 1JQC3F0KNJ.JGJGJ

Enter number in base 17 to convert to base 29 (To go back type /back) > /back

Enter two numbers in format: {source base} {target base} (To quit type /exit) > 17 32
Enter number in base 17 to convert to base 32 (To go back type /back) > ge38ffd8b22.98e4cfaeg57838a6c437634gg
Conversion result: URPOFOCUR.HTE2H

Enter number in base 17 to convert to base 32 (To go back type /back) > /back

Enter two numbers in format: {source base} {target base} (To quit type /exit) > 17 35
Enter number in base 17 to convert to base 35 (To go back type /back) > bgbd279f0070.0e7b0e7b0e7b0f138b3gda1f76
Conversion result: 57CG24NACS.1Q8Q8

Enter number in base 17 to convert to base 35 (To go back type /back) > /back

Enter two numbers in format: {source base} {target base} (To quit type /exit) > /exit
?[1;31m
Start test 9?[0m
Enter two numbers in format: {source base} {target base} (To quit type /exit) > 19 2
Enter number in base 19 to convert to base 2 (To go back type /back) > 10dbg2b9b116.4hg68e12ca4hh1hc313ig78f3g
Conversion result: 11011011111001000010001011110010111111011000100.01000

Enter number in base 19 to convert to base 2 (To go back type /back) > /back

Enter two numbers in format: {source base} {target base} (To quit type /exit) > 19 5
Enter number in base 19 to convert to base 5 (To go back type /back) > 25i252d66820.d5d5d5d5d5d5ahgd871eeeid23
Conversion result: 240310201224024043142.32222

Enter number in base 19 to convert to base 5 (To go back type /back) > /back

Enter two numbers in format: {source base} {target base} (To quit type /exit) > 19 8
Enter number in base 19 to convert to base 8 (To go back type /back) > 36i0ih75be17.5d5d5d5d5d5d63dice02776ae1
Conversion result: 13111431761262667.23146

Enter number in base 19 to convert to base 8 (To go back type /back) > /back

Enter two numbers in format: {source base} {target base} (To quit type /exit) > 19 11
Enter number in base 19 to convert to base 11 (To go back type /back) > 170a4g042940.239eh75idb239h3hf28h56c968
Conversion result: 46936330A77539.12A07

Enter number in base 19 to convert to base 11 (To go back type /back) > /back

Enter two numbers in format: {source base} {target base} (To quit type /exit) > 19 14
Enter number in base 19 to convert to base 14 (To go back type /back) > c49i2f096gc.32adi66hea32b4bgbec2g0e3c
Conversion result: 14758533C921D.244A8

Enter number in base 19 to convert to base 14 (To go back type /back) > /back

Enter two numbers in format: {source base} {target base} (To quit type /exit) > 19 17
Enter number in base 19 to convert to base 17 (To go back type /back) > h88656h3a06.c30e86fi4ac3117h3i10ad3fie
Conversion result: 320EE141B48E.AEG57

Enter number in base 19 to convert to base 17 (To go back type /back) > /back

Enter two numbers in format: {source base} {target base} (To quit type /exit) > 19 20
Enter number in base 19 to convert to base 20 (To go back type /back) > aeff0ifc03c.afebi83470afag4ge6b797fc7
Conversion result: 691HHFF98JA.B7JI8

Enter number in base 19 to convert to base 20 (To go back type /back) > /back

Enter two numbers in format: {source base} {target base} (To quit type /exit) > 19 23
Enter number in base 19 to convert to base 23 (To go back type /back) > 43c564cg5e74.7b7b7b7b7b7b8cg0g9e9hb32d1
Conversion result: BI2E24IDKBF.94DI9

Enter number in base 19 to convert to base 23 (To go back type /back) > /back

Enter two numbers in format: {source base} {target base} (To quit type /exit) > 19 26
Enter number in base 19 to convert to base 26 (To go back type /back) > 25896h9ci884.e4e4e4e4e4e4e4e4e4e4e4e4e4
Conversion result: 1N1F4E71M0G.JCPLB

Enter number in base 19 to convert to base 26 (To go back type /back) > /back

Enter two numbers in format: {source base} {target base} (To quit type /exit) > 19 29
Enter number in base 19 to convert to base 29 (To go back type /back) > 174ea6da8140.i83470afebi82b7hfg2d26g155
Conversion result: B2L6SC8N3G.S3M2E

Enter number in base 19 to convert to base 29 (To go back type /back) > /back

Enter two numbers in format: {source base} {target base} (To quit type /exit) > 19 32
Enter number in base 19 to convert to base 32 (To go back type /back) > 13e1bc51dh4e.1h1h1h1h1h1h214cab00f289h6
Conversion result: 3UPSSF52P8.36CPJ

Enter number in base 19 to convert to base 32 (To go back type /back) > /back

Enter two numbers in format: {source base} {target base} (To quit type /exit) > 19 35
Enter number in base 19 to convert to base 35 (To go back type /back) > 3259biiba163.5d5d5d5d5d5d63dice02776ae1
Conversion result: 4LEV4R8KLV.AHHHH

Enter number in base 19 to convert to base 35 (To go back type /back) > /back

Enter two numbers in format: {source base} {target base} (To quit type /exit) > 22 2
Enter number in base 22 to convert to base 2 (To go back type /back) > 34gia0l998d.c9a2e1gfiac6j4lccj0l0eib0
Conversion result: 10011011011001101100101011100100110110111101001.10010

Enter number in base 22 to convert to base 2 (To go back type /back) > /back

Enter two numbers in format: {source base} {target base} (To quit type /exit) > 22 5
Enter number in base 22 to convert to base 5 (To go back type /back) > ch1l4j4a5j8.1248hd48hd48ig704511ek2a6h
Conversion result: 323434404220234324320.01111

Enter number in base 22 to convert to base 5 (To go back type /back) > /back

Enter two numbers in format: {source base} {target base} (To quit type /exit) > 22 8
Enter number in base 22 to convert to base 8 (To go back type /back) > 89dhalla51g.1248hd48hd48ig704511ek2a6h
Conversion result: 6275070656711672.03146

Enter number in base 22 to convert to base 8 (To go back type /back) > /back

Enter two numbers in format: {source base} {target base} (To quit type /exit) > 22 11
Enter number in base 22 to convert to base 11 (To go back type /back) > d8gjk17dkbe.hd48hd48hd49dj231eh4idhakc
Conversion result: A3431477A11513.88888

Enter number in base 22 to convert to base 11 (To go back type /back) > /back

Enter two numbers in format: {source base} {target base} (To quit type /exit) > 22 14
Enter number in base 22 to convert to base 14 (To go back type /back) > d4fca23h71g.c248hd48hd49dj231eh4idhakc
Conversion result: 6294945C07802.79B2B

Enter number in base 22 to convert to base 14 (To go back type /back) > /back

Enter two numbers in format: {source base} {target base} (To quit type /exit) > 22 17
Enter number in base 22 to convert to base 17 (To go back type /back) > 4gk4700hefd.736d48hd48hd8l60gk46fe9j53
Conversion result: 3BE1D5325743.58FC5

Enter number in base 22 to convert to base 17 (To go back type /back) > /back

Enter two numbers in format: {source base} {target base} (To quit type /exit) > 22 20
Enter number in base 22 to convert to base 20 (To go back type /back) > ig33b3ah017.48hd48hd48hd8l60gk46fe9j53
Conversion result: 28BG54BEIA11.40000

Enter number in base 22 to convert to base 20 (To go back type /back) > /back

Enter two numbers in format: {source base} {target base} (To quit type /exit) > 22 23
Enter number in base 22 to convert to base 23 (To go back type /back) > bj7ka7llali.9jhd48hd48hd8l60gk46fe9j53
Conversion result: 7E4534JBK7C.A813A

Enter number in base 22 to convert to base 23 (To go back type /back) > /back

Enter two numbers in format: {source base} {target base} (To quit type /exit) > 22 26
Enter number in base 22 to convert to base 26 (To go back type /back) > i2ai44ahadg.7f8hd48hd48h419ka3d8cf25bf
Conversion result: 3AFJJ6GN8AI.92FB0

Enter number in base 22 to convert to base 26 (To go back type /back) > /back

Enter two numbers in format: {source base} {target base} (To quit type /exit) > 22 29
Enter number in base 22 to convert to base 29 (To go back type /back) > 315gdc671hi.6ka2e1gfiac6j4lccj0l0eib0
Conversion result: 5H9CR69M76.93Q8C

Enter number in base 22 to convert to base 29 (To go back type /back) > /back

Enter two numbers in format: {source base} {target base} (To quit type /exit) > 22 32
Enter number in base 22 to convert to base 32 (To go back type /back) > hek7gk174j1.if8hd48hd48h419ka3d8cf25bf
Conversion result: DB1ANH4FBB.R6CF3

Enter number in base 22 to convert to base 32 (To go back type /back) > /back

Enter two numbers in format: {source base} {target base} (To quit type /exit) > 22 35
Enter number in base 22 to convert to base 35 (To go back type /back) > gdi43b1b2bk.9jhd48hd48hd8l60gk46fe9j53
Conversion result: 5L4EE01B5X.FQ8Q8

Enter number in base 22 to convert to base 35 (To go back type /back) > /back

Enter two numbers in format: {source base} {target base} (To quit type /exit) > 25 2
Enter number in base 25 to convert to base 2 (To go back type /back) > a7828ld3o7.ciiiiiiiiiiiiiiiiiiiiiiii
Conversion result: 1000111011010111111010000001110011101100001111.10000

Enter number in base 25 to convert to base 2 (To go back type /back) > /back

Enter two numbers in format: {source base} {target base} (To quit type /exit) > 25 5
Enter number in base 25 to convert to base 5 (To go back type /back) > 383g5ngmg3o.2ccccccccccccccccccccccccc
Conversion result: 313033110433142310344.02222

Enter number in base 25 to convert to base 5 (To go back type /back) > /back

Enter two numbers in format: {source base} {target base} (To quit type /exit) > 25 8
Enter number in base 25 to convert to base 8 (To go back type /back) > 4e86fnl7jaj.mccccccccccccccccccccccccc
Conversion result: 14312477541550542.71462

Enter number in base 25 to convert to base 8 (To go back type /back) > /back

Enter two numbers in format: {source base} {target base} (To quit type /exit) > 25 11
Enter number in base 25 to convert to base 11 (To go back type /back) > n3baifkh4e.b0000
Conversion result: 2614024015400A.49270

Enter number in base 25 to convert to base 11 (To go back type /back) > /back

Enter two numbers in format: {source base} {target base} (To quit type /exit) > 25 14
Enter number in base 25 to convert to base 14 (To go back type /back) > 28bkef3b1oi.cccccccccccccccccccccccccc
Conversion result: 3D11DCC6C6967.6DDD8

Enter number in base 25 to convert to base 14 (To go back type /back) > /back

Enter two numbers in format: {source base} {target base} (To quit type /exit) > 25 17
Enter number in base 25 to convert to base 17 (To go back type /back) > dc164aej90.kiiiiiiiiiiiiiiiiiiiiiiii
Conversion result: 188BAE3F3G61.E1ECA

Enter number in base 25 to convert to base 17 (To go back type /back) > /back

Enter two numbers in format: {source base} {target base} (To quit type /exit) > 25 20
Enter number in base 25 to convert to base 20 (To go back type /back) > 2h934l7ejh4.2ccccccccccccccccccccccccc
Conversion result: 151I3D9DADB9.1JJI8

Enter number in base 25 to convert to base 20 (To go back type /back) > /back

Enter two numbers in format: {source base} {target base} (To quit type /exit) > 25 23
Enter number in base 25 to convert to base 23 (To go back type /back) > 14adj2e8h8i.iiiiiiiiiiiiiiiiiiiiiiiiii
Conversion result: 2G74J5AKA4J.H5H2L

Enter number in base 25 to convert to base 23 (To go back type /back) > /back

Enter two numbers in format: {source base} {target base} (To quit type /exit) > 25 26
Enter number in base 25 to convert to base 26 (To go back type /back) > 2k95llfg5o4.niiiiiiiiiiiiiiiiiiiiiiiii
Conversion result: 1NBBM2GCAOM.OI50G

Enter number in base 25 to convert to base 26 (To go back type /back) > /back

Enter two numbers in format: {source base} {target base} (To quit type /exit) > 25 29
Enter number in base 25 to convert to base 29 (To go back type /back) > c8bhghhf69.7iiiiiiiiiiiiiiiiiiiiiiii
Conversion result: 372I7DFDKA.8SKA1

Enter number in base 25 to convert to base 29 (To go back type /back) > /back

Enter two numbers in format: {source base} {target base} (To quit type /exit) > 25 32
Enter number in base 25 to convert to base 32 (To go back type /back) > 3foa3gj8i90.g6666666666666666666666666
Conversion result: 9RKCGEL9MD.KPIRT

Enter number in base 25 to convert to base 32 (To go back type /back) > /back

Enter two numbers in format: {source base} {target base} (To quit type /exit) > 25 35
Enter number in base 25 to convert to base 35 (To go back type /back) > 2bglh7k01i3.66666666666666666666666666
Conversion result: 2YGOXCK6H8.8Q8B8

Enter number in base 25 to convert to base 35 (To go back type /back) > /back

Enter two numbers in format: {source base} {target base} (To quit type /exit) > 28 2
Enter number in base 28 to convert to base 2 (To go back type /back) > 1gq04chm1g5.5gmb5gmb5gmfh9mrj6772hja1l
Conversion result: 1101100000100001100010000010001000110010001010101.00110

Enter number in base 28 to convert to base 2 (To go back type /back) > /back

Enter two numbers in format: {source base} {target base} (To quit type /exit) > 28 5
Enter number in base 28 to convert to base 5 (To go back type /back) > 1idj5qmjrjj.nmb5gmb5gmbbdmbrg89im4pml
Conversion result: 1003424304143401443231.41111

Enter number in base 28 to convert to base 5 (To go back type /back) > /back

Enter two numbers in format: {source base} {target base} (To quit type /exit) > 28 8
Enter number in base 28 to convert to base 8 (To go back type /back) > aaj5h0j3na.n6k4dc8qohp88ncn8qc91h4ml
Conversion result: 3076073022652376.65075

Enter number in base 28 to convert to base 8 (To go back type /back) > /back

Enter two numbers in format: {source base} {target base} (To quit type /exit) > 28 11
Enter number in base 28 to convert to base 11 (To go back type /back) > ol035a12lr.jgmb5gmb5gllegk172qrhd6fl
Conversion result: 76472588663012.77776

Enter number in base 28 to convert to base 11 (To go back type /back) > /back

Enter two numbers in format: {source base} {target base} (To quit type /exit) > 28 14
Enter number in base 28 to convert to base 14 (To go back type /back) > bbba5onjp0.qgmb5gmb5gllegk172qrhd6fl
Conversion result: 21B27C9657980.D42AB

Enter number in base 28 to convert to base 14 (To go back type /back) > /back

Enter two numbers in format: {source base} {target base} (To quit type /exit) > 28 17
Enter number in base 28 to convert to base 17 (To go back type /back) > jafjlfcgb.b4bobi40p2da43hkf6nkl31l
Conversion result: 3AC7C3031DB.6D2E2

Enter number in base 28 to convert to base 17 (To go back type /back) > /back

Enter two numbers in format: {source base} {target base} (To quit type /exit) > 28 20
Enter number in base 28 to convert to base 20 (To go back type /back) > 1egj20hhmgk.p5gmb5gmb5gge5g0bji95n257
Conversion result: 240193344H50.HJJI8

Enter number in base 28 to convert to base 20 (To go back type /back) > /back

Enter two numbers in format: {source base} {target base} (To quit type /exit) > 28 23
Enter number in base 28 to convert to base 23 (To go back type /back) > 6a6q94494q.kg6k4dc8qohbh7lhmdfrjg57
Conversion result: 1E8LBKI1F38.GKIE7

Enter number in base 28 to convert to base 23 (To go back type /back) > /back

Enter two numbers in format: {source base} {target base} (To quit type /exit) > 28 26
Enter number in base 28 to convert to base 26 (To go back type /back) > 1b91d26gc7p.jgmb5gmb5gllegk172qrhd6fl
Conversion result: 2OFPDP553GP.I550G

Enter number in base 28 to convert to base 26 (To go back type /back) > /back

Enter two numbers in format: {source base} {target base} (To quit type /exit) > 28 29
Enter number in base 28 to convert to base 29 (To go back type /back) > 98jben7d48.3pl7nefj13a5o24qqbekkn0ia
Conversion result: 6MPI98D63A.41LD9

Enter number in base 28 to convert to base 29 (To go back type /back) > /back

Enter two numbers in format: {source base} {target base} (To quit type /exit) > 28 32
Enter number in base 28 to convert to base 32 (To go back type /back) > 1j6le08f8mq.jgmb5gmb5gllegk172qrhd6fl
Conversion result: E6GF62JIA2.MCP8M

Enter number in base 28 to convert to base 32 (To go back type /back) > /back

Enter two numbers in format: {source base} {target base} (To quit type /exit) > 28 35
Enter number in base 28 to convert to base 35 (To go back type /back) > 4d8la98cc6.7fj13a26k4dgccp58h14l3cd3
Conversion result: L0TF6NAQK.9FQ8Q

Enter number in base 28 to convert to base 35 (To go back type /back) > /back

Enter two numbers in format: {source base} {target base} (To quit type /exit) > 31 2
Enter number in base 31 to convert to base 2 (To go back type /back) > ec9nond0ok.99999999998d6omo3pkj2hoje2
Conversion result: 1010110100011010011100001000100011010000110111010.01001

Enter number in base 31 to convert to base 2 (To go back type /back) > /back

Enter two numbers in format: {source base} {target base} (To quit type /exit) > 31 5
Enter number in base 31 to convert to base 5 (To go back type /back) > flbfs217bu.00000
Conversion result: 413332420021021210141.00000

Enter number in base 31 to convert to base 5 (To go back type /back) > /back

Enter two numbers in format: {source base} {target base} (To quit type /exit) > 31 8
Enter number in base 31 to convert to base 8 (To go back type /back) > 97j8nigjme.moabsugi45mrt9r5pi0irp8ao1
Conversion result: 6745245150157411.57024

Enter number in base 31 to convert to base 8 (To go back type /back) > /back

Enter two numbers in format: {source base} {target base} (To quit type /exit) > 31 11
Enter number in base 31 to convert to base 11 (To go back type /back) > 7ddai62pq0.333333333335b1p70u4mtfkqm4
Conversion result: 5769183069141A.11111

Enter number in base 31 to convert to base 11 (To go back type /back) > /back

Enter two numbers in format: {source base} {target base} (To quit type /exit) > 31 14
Enter number in base 31 to convert to base 14 (To go back type /back) > 1tabtdmk4s.c7idojuq61d1quc20pc0ge45k
Conversion result: C9C8D15BBC43.575C4

Enter number in base 31 to convert to base 14 (To go back type /back) > /back

Enter two numbers in format: {source base} {target base} (To quit type /exit) > 31 17
Enter number in base 31 to convert to base 17 (To go back type /back) > 85j7k5eh79.h1h1h1h1h1hjim8200u5b66qn8
Conversion result: 6550G499E6D0.95G29

Enter number in base 31 to convert to base 17 (To go back type /back) > /back

Enter two numbers in format: {source base} {target base} (To quit type /exit) > 31 20
Enter number in base 31 to convert to base 20 (To go back type /back) > fl0sq8mcou.rrrrrrrrrrtk1s0t7q58aasafj
Conversion result: 209CC171J2JG.I0000

Enter number in base 31 to convert to base 20 (To go back type /back) > /back

Enter two numbers in format: {source base} {target base} (To quit type /exit) > 31 23
Enter number in base 31 to convert to base 23 (To go back type /back) > 6csje3gt48.qp86kj20ecrqnj4dkud7a2kr71
Conversion result: 424B6H1C7I9.JKDAA

Enter number in base 31 to convert to base 23 (To go back type /back) > /back

Enter two numbers in format: {source base} {target base} (To quit type /exit) > 31 26
Enter number in base 31 to convert to base 26 (To go back type /back) > c221tf23oo.rrrrrrrrrrtk1s0t7q58aasafj
Conversion result: 26JJKOKG904.NAAAA

Enter number in base 31 to convert to base 26 (To go back type /back) > /back

Enter two numbers in format: {source base} {target base} (To quit type /exit) > 31 29
Enter number in base 31 to convert to base 29 (To go back type /back) > fakc2ptd3j.cccccccccccld77s3ritp0ldko
Conversion result: RRS2LL2J8F.BHBHB

Enter number in base 31 to convert to base 29 (To go back type /back) > /back

Enter two numbers in format: {source base} {target base} (To quit type /exit) > 31 32
Enter number in base 31 to convert to base 32 (To go back type /back) > 791ee715j5.0o0o0o0o0o0pnt0s23u1c6eoeb
Conversion result: 5FB14IIRVU.0PJ6C

Enter number in base 31 to convert to base 32 (To go back type /back) > /back

Enter two numbers in format: {source base} {target base} (To quit type /exit) > 31 35
Enter number in base 31 to convert to base 35 (To go back type /back) > 298bg33rdt.oooooooooopbqefp7o6sitej0
Conversion result: QYQSHIATV.S0000

Enter number in base 31 to convert to base 35 (To go back type /back) > /back

Enter two numbers in format: {source base} {target base} (To quit type /exit) > 34 2
Enter number in base 34 to convert to base 2 (To go back type /back) > 6bxigffi36.53dkdkdkdkctfq9mb244njh6w5
Conversion result: 1010111101100110010000111010111110010001110011100.00100

Enter number in base 34 to convert to base 2 (To go back type /back) > /back

Enter two numbers in format: {source base} {target base} (To quit type /exit) > 34 5
Enter number in base 34 to convert to base 5 (To go back type /back) > 6rslvljqaf.3dkdkdkdkdl4i7obmvttaegr1s
Conversion result: 413231322422030104011.02222

Enter number in base 34 to convert to base 5 (To go back type /back) > /back

Enter two numbers in format: {source base} {target base} (To quit type /exit) > 34 8
Enter number in base 34 to convert to base 8 (To go back type /back) > 21g18od858.nr6r6r6r6r0vo698kgx3ik1lj6
Conversion result: 3415256502344172.54631

Enter number in base 34 to convert to base 8 (To go back type /back) > /back

Enter two numbers in format: {source base} {target base} (To quit type /exit) > 34 11
Enter number in base 34 to convert to base 11 (To go back type /back) > 3ol3ajdbnv.8h000
Conversion result: 66059188529734.28282

Enter number in base 34 to convert to base 11 (To go back type /back) > /back

Enter two numbers in format: {source base} {target base} (To quit type /exit) > 34 14
Enter number in base 34 to convert to base 14 (To go back type /back) > 61xkov380r.ukdkdkdkdkgi4utcnphf7nx67d
Conversion result: 66BA27ADB9627.C8585

Enter number in base 34 to convert to base 14 (To go back type /back) > /back

Enter two numbers in format: {source base} {target base} (To quit type /exit) > 34 17
Enter number in base 34 to convert to base 17 (To go back type /back) > 1o86u2ultq.vl2ogatv9hp5ulkj30t78qxeiq
Conversion result: 30A0CFAC7289.FDD19

Enter number in base 34 to convert to base 17 (To go back type /back) > /back

Enter two numbers in format: {source base} {target base} (To quit type /exit) > 34 20
Enter number in base 34 to convert to base 20 (To go back type /back) > 7tj19mmh1q.ukdkdkdkdkgi4utcnphf7nx67d
Conversion result: 26D46CG6D79C.I0000

Enter number in base 34 to convert to base 20 (To go back type /back) > /back

Enter two numbers in format: {source base} {target base} (To quit type /exit) > 34 23
Enter number in base 34 to convert to base 23 (To go back type /back) > 4djbn5mw6x.r6r6r6r6r6x29ropdh0ufdwcer
Conversion result: 6A6H67KI56C.I94DI

Enter number in base 34 to convert to base 23 (To go back type /back) > /back

Enter two numbers in format: {source base} {target base} (To quit type /exit) > 34 26
Enter number in base 34 to convert to base 26 (To go back type /back) > 6xmquwllf0.dkdkdkdkdkgi4utcnphf7nx67d
Conversion result: 304BH3IAEJ4.AAAAA

Enter number in base 34 to convert to base 26 (To go back type /back) > /back

Enter two numbers in format: {source base} {target base} (To quit type /exit) > 34 29
Enter number in base 34 to convert to base 29 (To go back type /back) > 31vp478oh0.6r6r6r6r6r892fenbtpoksxk3n
Conversion result: CN0KNSF850.5N5N5

Enter number in base 34 to convert to base 29 (To go back type /back) > /back

Enter two numbers in format: {source base} {target base} (To quit type /exit) > 34 32
Enter number in base 34 to convert to base 32 (To go back type /back) > 4kc33wcdbo.kdkdkdkdkdhft34la8giqa0rqk
Conversion result: 7TUASUT6E2.J6CF3

Enter number in base 34 to convert to base 32 (To go back type /back) > /back

Enter two numbers in format: {source base} {target base} (To quit type /exit) > 34 35
Enter number in base 34 to convert to base 35 (To go back type /back) > 4nk5p3pi15.sukdkdkdkdhft34la8giqa0rqk
Conversion result: 3LJMQ6C99E.TQ8B8

Enter number in base 34 to convert to base 35 (To go back type /back) > /back

Enter two numbers in format: {source base} {target base} (To quit type /exit) > /exit
]]></system-out>
  <system-err><![CDATA[]]></system-err>
</testsuite>
